<?xml version="1.0" encoding="UTF-8"?>
<coverage generated="1626620174033" clover="3.2.0">
  <project timestamp="1626620174033" name="All files">
    <metrics statements="347" coveredstatements="126" conditionals="170" coveredconditionals="56" methods="117" coveredmethods="29" elements="634" coveredelements="211" complexity="0" loc="347" ncloc="347" packages="7" files="44" classes="44"/>
    <package name="components.atoms">
      <metrics statements="49" coveredstatements="47" conditionals="68" coveredconditionals="53" methods="24" coveredmethods="23"/>
      <file name="CalenderInputHookForm.tsx" path="/Users/masakazutoyoyama/Documents/自己学習/アプリ開発/EC_with_node/front/src/components/atoms/CalenderInputHookForm.tsx">
        <metrics statements="11" coveredstatements="11" conditionals="8" coveredconditionals="8" methods="4" coveredmethods="4"/>
        <line num="21" count="14" type="stmt"/>
        <line num="29" count="19" type="stmt"/>
        <line num="30" count="2" type="stmt"/>
        <line num="31" count="2" type="cond" truecount="2" falsecount="0"/>
        <line num="32" count="1" type="stmt"/>
        <line num="33" count="1" type="stmt"/>
        <line num="35" count="1" type="stmt"/>
        <line num="36" count="1" type="stmt"/>
        <line num="42" count="19" type="stmt"/>
        <line num="50" count="22" type="stmt"/>
        <line num="53" count="2" type="stmt"/>
      </file>
      <file name="IconBtn.tsx" path="/Users/masakazutoyoyama/Documents/自己学習/アプリ開発/EC_with_node/front/src/components/atoms/IconBtn.tsx">
        <metrics statements="2" coveredstatements="2" conditionals="18" coveredconditionals="18" methods="1" coveredmethods="1"/>
        <line num="27" count="14" type="stmt"/>
        <line num="28" count="31" type="stmt"/>
      </file>
      <file name="ImgInputHookForm.tsx" path="/Users/masakazutoyoyama/Documents/自己学習/アプリ開発/EC_with_node/front/src/components/atoms/ImgInputHookForm.tsx">
        <metrics statements="12" coveredstatements="11" conditionals="12" coveredconditionals="6" methods="3" coveredmethods="3"/>
        <line num="22" count="14" type="stmt"/>
        <line num="30" count="19" type="stmt"/>
        <line num="31" count="2" type="cond" truecount="3" falsecount="1"/>
        <line num="32" count="0" type="stmt"/>
        <line num="34" count="2" type="stmt"/>
        <line num="35" count="2" type="cond" truecount="2" falsecount="0"/>
        <line num="36" count="1" type="stmt"/>
        <line num="37" count="1" type="stmt"/>
        <line num="38" count="1" type="stmt"/>
        <line num="40" count="1" type="stmt"/>
        <line num="46" count="19" type="stmt"/>
        <line num="52" count="22" type="stmt"/>
      </file>
      <file name="Inner.tsx" path="/Users/masakazutoyoyama/Documents/自己学習/アプリ開発/EC_with_node/front/src/components/atoms/Inner.tsx">
        <metrics statements="2" coveredstatements="2" conditionals="0" coveredconditionals="0" methods="1" coveredmethods="1"/>
        <line num="8" count="14" type="stmt"/>
        <line num="9" count="3" type="stmt"/>
      </file>
      <file name="PaymentRadioHookForm.tsx" path="/Users/masakazutoyoyama/Documents/自己学習/アプリ開発/EC_with_node/front/src/components/atoms/PaymentRadioHookForm.tsx">
        <metrics statements="4" coveredstatements="4" conditionals="4" coveredconditionals="1" methods="3" coveredmethods="3"/>
        <line num="10" count="14" type="stmt"/>
        <line num="11" count="19" type="stmt"/>
        <line num="18" count="22" type="stmt"/>
        <line num="20" count="1" type="stmt"/>
      </file>
      <file name="RadioInput.tsx" path="/Users/masakazutoyoyama/Documents/自己学習/アプリ開発/EC_with_node/front/src/components/atoms/RadioInput.tsx">
        <metrics statements="3" coveredstatements="3" conditionals="2" coveredconditionals="2" methods="2" coveredmethods="2"/>
        <line num="17" count="14" type="stmt"/>
        <line num="18" count="3" type="stmt"/>
        <line num="29" count="1" type="stmt"/>
      </file>
      <file name="TextBoxHookForm.tsx" path="/Users/masakazutoyoyama/Documents/自己学習/アプリ開発/EC_with_node/front/src/components/atoms/TextBoxHookForm.tsx">
        <metrics statements="3" coveredstatements="3" conditionals="6" coveredconditionals="5" methods="2" coveredmethods="2"/>
        <line num="10" count="14" type="stmt"/>
        <line num="11" count="19" type="stmt"/>
        <line num="18" count="24" type="stmt"/>
      </file>
      <file name="TextFieldHookForm.tsx" path="/Users/masakazutoyoyama/Documents/自己学習/アプリ開発/EC_with_node/front/src/components/atoms/TextFieldHookForm.tsx">
        <metrics statements="3" coveredstatements="3" conditionals="10" coveredconditionals="7" methods="2" coveredmethods="2"/>
        <line num="18" count="14" type="stmt"/>
        <line num="29" count="19" type="stmt"/>
        <line num="41" count="24" type="stmt"/>
      </file>
      <file name="ZipcodeInputHookForm.tsx" path="/Users/masakazutoyoyama/Documents/自己学習/アプリ開発/EC_with_node/front/src/components/atoms/ZipcodeInputHookForm.tsx">
        <metrics statements="9" coveredstatements="8" conditionals="8" coveredconditionals="6" methods="6" coveredmethods="5"/>
        <line num="24" count="14" type="stmt"/>
        <line num="32" count="19" type="stmt"/>
        <line num="33" count="1" type="stmt"/>
        <line num="34" count="1" type="stmt"/>
        <line num="36" count="1" type="stmt"/>
        <line num="39" count="0" type="stmt"/>
        <line num="45" count="19" type="stmt"/>
        <line num="51" count="24" type="stmt"/>
        <line num="53" count="1" type="stmt"/>
      </file>
      <file name="index.ts" path="/Users/masakazutoyoyama/Documents/自己学習/アプリ開発/EC_with_node/front/src/components/atoms/index.ts">
        <metrics statements="0" coveredstatements="0" conditionals="0" coveredconditionals="0" methods="0" coveredmethods="0"/>
      </file>
    </package>
    <package name="components.molecules">
      <metrics statements="85" coveredstatements="22" conditionals="50" coveredconditionals="1" methods="40" coveredmethods="2"/>
      <file name="CartItemsTableRow.tsx" path="/Users/masakazutoyoyama/Documents/自己学習/アプリ開発/EC_with_node/front/src/components/molecules/CartItemsTableRow.tsx">
        <metrics statements="13" coveredstatements="1" conditionals="14" coveredconditionals="0" methods="6" coveredmethods="0"/>
        <line num="25" count="4" type="stmt"/>
        <line num="32" count="0" type="stmt"/>
        <line num="33" count="0" type="stmt"/>
        <line num="35" count="0" type="stmt"/>
        <line num="36" count="0" type="stmt"/>
        <line num="37" count="0" type="stmt"/>
        <line num="38" count="0" type="cond" truecount="0" falsecount="2"/>
        <line num="39" count="0" type="stmt"/>
        <line num="43" count="0" type="stmt"/>
        <line num="47" count="0" type="stmt"/>
        <line num="51" count="0" type="cond" truecount="0" falsecount="2"/>
        <line num="85" count="0" type="stmt"/>
        <line num="98" count="0" type="stmt"/>
      </file>
      <file name="HeadIconBtns.tsx" path="/Users/masakazutoyoyama/Documents/自己学習/アプリ開発/EC_with_node/front/src/components/molecules/HeadIconBtns.tsx">
        <metrics statements="8" coveredstatements="1" conditionals="6" coveredconditionals="0" methods="6" coveredmethods="0"/>
        <line num="11" count="4" type="stmt"/>
        <line num="12" count="0" type="stmt"/>
        <line num="13" count="0" type="stmt"/>
        <line num="16" count="0" type="stmt"/>
        <line num="18" count="0" type="stmt"/>
        <line num="20" count="0" type="stmt"/>
        <line num="23" count="0" type="stmt"/>
        <line num="25" count="0" type="stmt"/>
      </file>
      <file name="Item.tsx" path="/Users/masakazutoyoyama/Documents/自己学習/アプリ開発/EC_with_node/front/src/components/molecules/Item.tsx">
        <metrics statements="7" coveredstatements="2" conditionals="0" coveredconditionals="0" methods="3" coveredmethods="0"/>
        <line num="13" count="4" type="stmt"/>
        <line num="14" count="0" type="stmt"/>
        <line num="91" count="4" type="stmt"/>
        <line num="92" count="0" type="stmt"/>
        <line num="93" count="0" type="stmt"/>
        <line num="95" count="0" type="stmt"/>
        <line num="97" count="0" type="stmt"/>
      </file>
      <file name="ItemDetail.tsx" path="/Users/masakazutoyoyama/Documents/自己学習/アプリ開発/EC_with_node/front/src/components/molecules/ItemDetail.tsx">
        <metrics statements="5" coveredstatements="2" conditionals="2" coveredconditionals="0" methods="2" coveredmethods="0"/>
        <line num="9" count="4" type="stmt"/>
        <line num="10" count="0" type="stmt"/>
        <line num="35" count="4" type="stmt"/>
        <line num="36" count="0" type="stmt"/>
        <line num="37" count="0" type="stmt"/>
      </file>
      <file name="Items.tsx" path="/Users/masakazutoyoyama/Documents/自己学習/アプリ開発/EC_with_node/front/src/components/molecules/Items.tsx">
        <metrics statements="3" coveredstatements="2" conditionals="2" coveredconditionals="1" methods="2" coveredmethods="1"/>
        <line num="11" count="4" type="stmt"/>
        <line num="12" count="1" type="stmt"/>
        <line num="17" count="0" type="stmt"/>
      </file>
      <file name="ItemsTableHead.tsx" path="/Users/masakazutoyoyama/Documents/自己学習/アプリ開発/EC_with_node/front/src/components/molecules/ItemsTableHead.tsx">
        <metrics statements="3" coveredstatements="1" conditionals="0" coveredconditionals="0" methods="2" coveredmethods="0"/>
        <line num="12" count="4" type="stmt"/>
        <line num="13" count="0" type="stmt"/>
        <line num="17" count="0" type="stmt"/>
      </file>
      <file name="OrderItemsTableRow.tsx" path="/Users/masakazutoyoyama/Documents/自己学習/アプリ開発/EC_with_node/front/src/components/molecules/OrderItemsTableRow.tsx">
        <metrics statements="8" coveredstatements="1" conditionals="16" coveredconditionals="0" methods="4" coveredmethods="0"/>
        <line num="27" count="4" type="stmt"/>
        <line num="28" count="0" type="stmt"/>
        <line num="30" count="0" type="stmt"/>
        <line num="31" count="0" type="cond" truecount="0" falsecount="2"/>
        <line num="32" count="0" type="stmt"/>
        <line num="37" count="0" type="stmt"/>
        <line num="62" count="0" type="stmt"/>
        <line num="78" count="0" type="stmt"/>
      </file>
      <file name="SearchForm.tsx" path="/Users/masakazutoyoyama/Documents/自己学習/アプリ開発/EC_with_node/front/src/components/molecules/SearchForm.tsx">
        <metrics statements="5" coveredstatements="3" conditionals="0" coveredconditionals="0" methods="3" coveredmethods="1"/>
        <line num="11" count="4" type="stmt"/>
        <line num="12" count="1" type="stmt"/>
        <line num="13" count="1" type="stmt"/>
        <line num="21" count="0" type="stmt"/>
        <line num="23" count="0" type="stmt"/>
      </file>
      <file name="SelectNumForm.tsx" path="/Users/masakazutoyoyama/Documents/自己学習/アプリ開発/EC_with_node/front/src/components/molecules/SelectNumForm.tsx">
        <metrics statements="8" coveredstatements="5" conditionals="0" coveredconditionals="0" methods="3" coveredmethods="0"/>
        <line num="9" count="4" type="stmt"/>
        <line num="10" count="4" type="stmt"/>
        <line num="11" count="4" type="stmt"/>
        <line num="12" count="60" type="stmt"/>
        <line num="15" count="4" type="stmt"/>
        <line num="16" count="0" type="stmt"/>
        <line num="25" count="0" type="stmt"/>
        <line num="28" count="0" type="stmt"/>
      </file>
      <file name="SelectToppingForm.tsx" path="/Users/masakazutoyoyama/Documents/自己学習/アプリ開発/EC_with_node/front/src/components/molecules/SelectToppingForm.tsx">
        <metrics statements="17" coveredstatements="2" conditionals="6" coveredconditionals="0" methods="5" coveredmethods="0"/>
        <line num="13" count="4" type="stmt"/>
        <line num="20" count="4" type="stmt"/>
        <line num="25" count="0" type="stmt"/>
        <line num="26" count="0" type="stmt"/>
        <line num="28" count="0" type="stmt"/>
        <line num="30" count="0" type="cond" truecount="0" falsecount="2"/>
        <line num="31" count="0" type="stmt"/>
        <line num="33" count="0" type="stmt"/>
        <line num="34" count="0" type="stmt"/>
        <line num="35" count="0" type="cond" truecount="0" falsecount="2"/>
        <line num="36" count="0" type="stmt"/>
        <line num="39" count="0" type="cond" truecount="0" falsecount="2"/>
        <line num="40" count="0" type="stmt"/>
        <line num="41" count="0" type="stmt"/>
        <line num="43" count="0" type="stmt"/>
        <line num="50" count="0" type="stmt"/>
        <line num="57" count="0" type="stmt"/>
      </file>
      <file name="ToppingFormWrapper.tsx" path="/Users/masakazutoyoyama/Documents/自己学習/アプリ開発/EC_with_node/front/src/components/molecules/ToppingFormWrapper.tsx">
        <metrics statements="4" coveredstatements="1" conditionals="0" coveredconditionals="0" methods="2" coveredmethods="0"/>
        <line num="12" count="4" type="stmt"/>
        <line num="16" count="0" type="stmt"/>
        <line num="17" count="0" type="stmt"/>
        <line num="23" count="0" type="stmt"/>
      </file>
      <file name="ToppingsTableCell.tsx" path="/Users/masakazutoyoyama/Documents/自己学習/アプリ開発/EC_with_node/front/src/components/molecules/ToppingsTableCell.tsx">
        <metrics statements="4" coveredstatements="1" conditionals="4" coveredconditionals="0" methods="2" coveredmethods="0"/>
        <line num="9" count="4" type="stmt"/>
        <line num="10" count="0" type="stmt"/>
        <line num="11" count="0" type="stmt"/>
        <line num="15" count="0" type="cond" truecount="0" falsecount="2"/>
      </file>
      <file name="index.ts" path="/Users/masakazutoyoyama/Documents/自己学習/アプリ開発/EC_with_node/front/src/components/molecules/index.ts">
        <metrics statements="0" coveredstatements="0" conditionals="0" coveredconditionals="0" methods="0" coveredmethods="0"/>
      </file>
    </package>
    <package name="components.organisms">
      <metrics statements="33" coveredstatements="10" conditionals="14" coveredconditionals="2" methods="10" coveredmethods="2"/>
      <file name="CartItemsTable.tsx" path="/Users/masakazutoyoyama/Documents/自己学習/アプリ開発/EC_with_node/front/src/components/organisms/CartItemsTable.tsx">
        <metrics statements="4" coveredstatements="1" conditionals="2" coveredconditionals="0" methods="3" coveredmethods="0"/>
        <line num="13" count="3" type="stmt"/>
        <line num="14" count="0" type="stmt"/>
        <line num="29" count="0" type="stmt"/>
        <line num="31" count="0" type="cond" truecount="0" falsecount="2"/>
      </file>
      <file name="Header.tsx" path="/Users/masakazutoyoyama/Documents/自己学習/アプリ開発/EC_with_node/front/src/components/organisms/Header.tsx">
        <metrics statements="8" coveredstatements="7" conditionals="8" coveredconditionals="2" methods="3" coveredmethods="2"/>
        <line num="16" count="3" type="stmt"/>
        <line num="33" count="3" type="stmt"/>
        <line num="34" count="2" type="stmt"/>
        <line num="35" count="2" type="stmt"/>
        <line num="36" count="2" type="stmt"/>
        <line num="37" count="2" type="stmt"/>
        <line num="38" count="2" type="stmt"/>
        <line num="75" count="0" type="stmt"/>
      </file>
      <file name="OrderForm.tsx" path="/Users/masakazutoyoyama/Documents/自己学習/アプリ開発/EC_with_node/front/src/components/organisms/OrderForm.tsx">
        <metrics statements="18" coveredstatements="1" conditionals="4" coveredconditionals="0" methods="2" coveredmethods="0"/>
        <line num="40" count="3" type="stmt"/>
        <line num="41" count="0" type="stmt"/>
        <line num="42" count="0" type="stmt"/>
        <line num="52" count="0" type="stmt"/>
        <line num="69" count="0" type="stmt"/>
        <line num="71" count="0" type="stmt"/>
        <line num="72" count="0" type="stmt"/>
        <line num="73" count="0" type="stmt"/>
        <line num="74" count="0" type="stmt"/>
        <line num="75" count="0" type="cond" truecount="0" falsecount="2"/>
        <line num="76" count="0" type="stmt"/>
        <line num="78" count="0" type="stmt"/>
        <line num="79" count="0" type="stmt"/>
        <line num="81" count="0" type="stmt"/>
        <line num="97" count="0" type="stmt"/>
        <line num="98" count="0" type="stmt"/>
        <line num="99" count="0" type="stmt"/>
        <line num="101" count="0" type="stmt"/>
      </file>
      <file name="OrderItemsTable.tsx" path="/Users/masakazutoyoyama/Documents/自己学習/アプリ開発/EC_with_node/front/src/components/organisms/OrderItemsTable.tsx">
        <metrics statements="3" coveredstatements="1" conditionals="0" coveredconditionals="0" methods="2" coveredmethods="0"/>
        <line num="11" count="3" type="stmt"/>
        <line num="12" count="0" type="stmt"/>
        <line num="25" count="0" type="stmt"/>
      </file>
      <file name="index.ts" path="/Users/masakazutoyoyama/Documents/自己学習/アプリ開発/EC_with_node/front/src/components/organisms/index.ts">
        <metrics statements="0" coveredstatements="0" conditionals="0" coveredconditionals="0" methods="0" coveredmethods="0"/>
      </file>
    </package>
    <package name="components.organisms.admin">
      <metrics statements="39" coveredstatements="5" conditionals="2" coveredconditionals="0" methods="16" coveredmethods="0"/>
      <file name="AdminItemsForm.tsx" path="/Users/masakazutoyoyama/Documents/自己学習/アプリ開発/EC_with_node/front/src/components/organisms/admin/AdminItemsForm.tsx">
        <metrics statements="11" coveredstatements="1" conditionals="0" coveredconditionals="0" methods="2" coveredmethods="0"/>
        <line num="22" count="3" type="stmt"/>
        <line num="23" count="0" type="stmt"/>
        <line num="24" count="0" type="stmt"/>
        <line num="34" count="0" type="stmt"/>
        <line num="45" count="0" type="stmt"/>
        <line num="46" count="0" type="stmt"/>
        <line num="47" count="0" type="stmt"/>
        <line num="48" count="0" type="stmt"/>
        <line num="49" count="0" type="stmt"/>
        <line num="56" count="0" type="stmt"/>
        <line num="58" count="0" type="stmt"/>
      </file>
      <file name="AdminItemsTable.tsx" path="/Users/masakazutoyoyama/Documents/自己学習/アプリ開発/EC_with_node/front/src/components/organisms/admin/AdminItemsTable.tsx">
        <metrics statements="7" coveredstatements="1" conditionals="0" coveredconditionals="0" methods="4" coveredmethods="0"/>
        <line num="18" count="3" type="stmt"/>
        <line num="19" count="0" type="stmt"/>
        <line num="20" count="0" type="stmt"/>
        <line num="21" count="0" type="stmt"/>
        <line num="23" count="0" type="stmt"/>
        <line num="38" count="0" type="stmt"/>
        <line num="55" count="0" type="stmt"/>
      </file>
      <file name="AdminToppingsForm.tsx" path="/Users/masakazutoyoyama/Documents/自己学習/アプリ開発/EC_with_node/front/src/components/organisms/admin/AdminToppingsForm.tsx">
        <metrics statements="9" coveredstatements="1" conditionals="2" coveredconditionals="0" methods="3" coveredmethods="0"/>
        <line num="22" count="3" type="stmt"/>
        <line num="23" count="0" type="stmt"/>
        <line num="29" count="0" type="stmt"/>
        <line num="38" count="0" type="stmt"/>
        <line num="39" count="0" type="cond" truecount="0" falsecount="2"/>
        <line num="40" count="0" type="stmt"/>
        <line num="48" count="0" type="stmt"/>
        <line num="49" count="0" type="stmt"/>
        <line num="51" count="0" type="stmt"/>
      </file>
      <file name="AdminToppingsTable.tsx" path="/Users/masakazutoyoyama/Documents/自己学習/アプリ開発/EC_with_node/front/src/components/organisms/admin/AdminToppingsTable.tsx">
        <metrics statements="7" coveredstatements="1" conditionals="0" coveredconditionals="0" methods="4" coveredmethods="0"/>
        <line num="20" count="3" type="stmt"/>
        <line num="21" count="0" type="stmt"/>
        <line num="22" count="0" type="stmt"/>
        <line num="23" count="0" type="stmt"/>
        <line num="25" count="0" type="stmt"/>
        <line num="39" count="0" type="stmt"/>
        <line num="55" count="0" type="stmt"/>
      </file>
      <file name="AdminUsersTable.tsx" path="/Users/masakazutoyoyama/Documents/自己学習/アプリ開発/EC_with_node/front/src/components/organisms/admin/AdminUsersTable.tsx">
        <metrics statements="5" coveredstatements="1" conditionals="0" coveredconditionals="0" methods="3" coveredmethods="0"/>
        <line num="18" count="3" type="stmt"/>
        <line num="19" count="0" type="stmt"/>
        <line num="20" count="0" type="stmt"/>
        <line num="34" count="0" type="stmt"/>
        <line num="50" count="0" type="stmt"/>
      </file>
    </package>
    <package name="components.pages">
      <metrics statements="89" coveredstatements="11" conditionals="26" coveredconditionals="0" methods="19" coveredmethods="2"/>
      <file name="Home.tsx" path="/Users/masakazutoyoyama/Documents/自己学習/アプリ開発/EC_with_node/front/src/components/pages/Home.tsx">
        <metrics statements="16" coveredstatements="8" conditionals="6" coveredconditionals="0" methods="4" coveredmethods="2"/>
        <line num="7" count="2" type="stmt"/>
        <line num="8" count="1" type="stmt"/>
        <line num="9" count="1" type="stmt"/>
        <line num="10" count="1" type="stmt"/>
        <line num="12" count="1" type="stmt"/>
        <line num="13" count="1" type="stmt"/>
        <line num="16" count="1" type="stmt"/>
        <line num="17" count="0" type="cond" truecount="0" falsecount="4"/>
        <line num="18" count="0" type="stmt"/>
        <line num="19" count="0" type="stmt"/>
        <line num="21" count="0" type="stmt"/>
        <line num="22" count="0" type="cond" truecount="0" falsecount="2"/>
        <line num="23" count="0" type="stmt"/>
        <line num="25" count="0" type="stmt"/>
        <line num="26" count="0" type="stmt"/>
        <line num="30" count="1" type="stmt"/>
      </file>
      <file name="ItemInfo.tsx" path="/Users/masakazutoyoyama/Documents/自己学習/アプリ開発/EC_with_node/front/src/components/pages/ItemInfo.tsx">
        <metrics statements="39" coveredstatements="1" conditionals="8" coveredconditionals="0" methods="7" coveredmethods="0"/>
        <line num="27" count="2" type="stmt"/>
        <line num="28" count="0" type="stmt"/>
        <line num="29" count="0" type="stmt"/>
        <line num="30" count="0" type="stmt"/>
        <line num="31" count="0" type="stmt"/>
        <line num="32" count="0" type="stmt"/>
        <line num="33" count="0" type="stmt"/>
        <line num="34" count="0" type="stmt"/>
        <line num="35" count="0" type="stmt"/>
        <line num="36" count="0" type="stmt"/>
        <line num="37" count="0" type="stmt"/>
        <line num="39" count="0" type="stmt"/>
        <line num="41" count="0" type="stmt"/>
        <line num="42" count="0" type="stmt"/>
        <line num="45" count="0" type="stmt"/>
        <line num="46" count="0" type="cond" truecount="0" falsecount="2"/>
        <line num="47" count="0" type="stmt"/>
        <line num="54" count="0" type="stmt"/>
        <line num="58" count="0" type="stmt"/>
        <line num="60" count="0" type="stmt"/>
        <line num="61" count="0" type="stmt"/>
        <line num="64" count="0" type="stmt"/>
        <line num="72" count="0" type="cond" truecount="0" falsecount="2"/>
        <line num="74" count="0" type="cond" truecount="0" falsecount="2"/>
        <line num="75" count="0" type="stmt"/>
        <line num="81" count="0" type="stmt"/>
        <line num="85" count="0" type="stmt"/>
        <line num="90" count="0" type="stmt"/>
        <line num="91" count="0" type="stmt"/>
        <line num="96" count="0" type="cond" truecount="0" falsecount="2"/>
        <line num="97" count="0" type="stmt"/>
        <line num="101" count="0" type="stmt"/>
        <line num="102" count="0" type="stmt"/>
        <line num="105" count="0" type="stmt"/>
        <line num="106" count="0" type="stmt"/>
        <line num="107" count="0" type="stmt"/>
        <line num="108" count="0" type="stmt"/>
        <line num="112" count="0" type="stmt"/>
        <line num="137" count="0" type="stmt"/>
      </file>
      <file name="Login.tsx" path="/Users/masakazutoyoyama/Documents/自己学習/アプリ開発/EC_with_node/front/src/components/pages/Login.tsx">
        <metrics statements="17" coveredstatements="1" conditionals="7" coveredconditionals="0" methods="4" coveredmethods="0"/>
        <line num="26" count="2" type="stmt"/>
        <line num="27" count="0" type="stmt"/>
        <line num="28" count="0" type="stmt"/>
        <line num="29" count="0" type="stmt"/>
        <line num="30" count="0" type="stmt"/>
        <line num="31" count="0" type="stmt"/>
        <line num="36" count="0" type="stmt"/>
        <line num="44" count="0" type="stmt"/>
        <line num="45" count="0" type="cond" truecount="0" falsecount="2"/>
        <line num="46" count="0" type="stmt"/>
        <line num="48" count="0" type="stmt"/>
        <line num="49" count="0" type="cond" truecount="0" falsecount="2"/>
        <line num="50" count="0" type="stmt"/>
        <line num="52" count="0" type="stmt"/>
        <line num="56" count="0" type="stmt"/>
        <line num="57" count="0" type="stmt"/>
        <line num="59" count="0" type="stmt"/>
      </file>
      <file name="Register.tsx" path="/Users/masakazutoyoyama/Documents/自己学習/アプリ開発/EC_with_node/front/src/components/pages/Register.tsx">
        <metrics statements="17" coveredstatements="1" conditionals="5" coveredconditionals="0" methods="4" coveredmethods="0"/>
        <line num="32" count="2" type="stmt"/>
        <line num="33" count="0" type="stmt"/>
        <line num="34" count="0" type="stmt"/>
        <line num="35" count="0" type="stmt"/>
        <line num="36" count="0" type="stmt"/>
        <line num="37" count="0" type="stmt"/>
        <line num="45" count="0" type="stmt"/>
        <line num="57" count="0" type="stmt"/>
        <line num="58" count="0" type="stmt"/>
        <line num="66" count="0" type="stmt"/>
        <line num="69" count="0" type="stmt"/>
        <line num="72" count="0" type="stmt"/>
        <line num="73" count="0" type="cond" truecount="0" falsecount="2"/>
        <line num="74" count="0" type="stmt"/>
        <line num="76" count="0" type="stmt"/>
        <line num="77" count="0" type="stmt"/>
        <line num="81" count="0" type="stmt"/>
      </file>
      <file name="index.ts" path="/Users/masakazutoyoyama/Documents/自己学習/アプリ開発/EC_with_node/front/src/components/pages/index.ts">
        <metrics statements="0" coveredstatements="0" conditionals="0" coveredconditionals="0" methods="0" coveredmethods="0"/>
      </file>
    </package>
    <package name="components.pages.admin">
      <metrics statements="25" coveredstatements="4" conditionals="10" coveredconditionals="0" methods="8" coveredmethods="0"/>
      <file name="Items.tsx" path="/Users/masakazutoyoyama/Documents/自己学習/アプリ開発/EC_with_node/front/src/components/pages/admin/Items.tsx">
        <metrics statements="3" coveredstatements="1" conditionals="2" coveredconditionals="0" methods="1" coveredmethods="0"/>
        <line num="11" count="2" type="stmt"/>
        <line num="12" count="0" type="stmt"/>
        <line num="13" count="0" type="stmt"/>
      </file>
      <file name="Toppings.tsx" path="/Users/masakazutoyoyama/Documents/自己学習/アプリ開発/EC_with_node/front/src/components/pages/admin/Toppings.tsx">
        <metrics statements="3" coveredstatements="1" conditionals="2" coveredconditionals="0" methods="1" coveredmethods="0"/>
        <line num="11" count="2" type="stmt"/>
        <line num="12" count="0" type="stmt"/>
        <line num="13" count="0" type="stmt"/>
      </file>
      <file name="UserEdit.tsx" path="/Users/masakazutoyoyama/Documents/自己学習/アプリ開発/EC_with_node/front/src/components/pages/admin/UserEdit.tsx">
        <metrics statements="16" coveredstatements="1" conditionals="6" coveredconditionals="0" methods="5" coveredmethods="0"/>
        <line num="16" count="2" type="stmt"/>
        <line num="17" count="0" type="stmt"/>
        <line num="18" count="0" type="stmt"/>
        <line num="19" count="0" type="stmt"/>
        <line num="20" count="0" type="stmt"/>
        <line num="21" count="0" type="stmt"/>
        <line num="22" count="0" type="stmt"/>
        <line num="23" count="0" type="stmt"/>
        <line num="25" count="0" type="stmt"/>
        <line num="26" count="0" type="stmt"/>
        <line num="27" count="0" type="stmt"/>
        <line num="28" count="0" type="stmt"/>
        <line num="29" count="0" type="stmt"/>
        <line num="30" count="0" type="stmt"/>
        <line num="33" count="0" type="stmt"/>
        <line num="56" count="0" type="stmt"/>
      </file>
      <file name="Users.tsx" path="/Users/masakazutoyoyama/Documents/自己学習/アプリ開発/EC_with_node/front/src/components/pages/admin/Users.tsx">
        <metrics statements="3" coveredstatements="1" conditionals="0" coveredconditionals="0" methods="1" coveredmethods="0"/>
        <line num="7" count="2" type="stmt"/>
        <line num="8" count="0" type="stmt"/>
        <line num="9" count="0" type="stmt"/>
      </file>
    </package>
    <package name="static">
      <metrics statements="27" coveredstatements="27" conditionals="0" coveredconditionals="0" methods="0" coveredmethods="0"/>
      <file name="admin.ts" path="/Users/masakazutoyoyama/Documents/自己学習/アプリ開発/EC_with_node/front/src/static/admin.ts">
        <metrics statements="1" coveredstatements="1" conditionals="0" coveredconditionals="0" methods="0" coveredmethods="0"/>
        <line num="1" count="14" type="stmt"/>
      </file>
      <file name="const.ts" path="/Users/masakazutoyoyama/Documents/自己学習/アプリ開発/EC_with_node/front/src/static/const.ts">
        <metrics statements="26" coveredstatements="26" conditionals="0" coveredconditionals="0" methods="0" coveredmethods="0"/>
        <line num="3" count="15" type="stmt"/>
        <line num="5" count="15" type="stmt"/>
        <line num="6" count="15" type="stmt"/>
        <line num="7" count="15" type="stmt"/>
        <line num="8" count="15" type="stmt"/>
        <line num="9" count="15" type="stmt"/>
        <line num="11" count="15" type="stmt"/>
        <line num="12" count="15" type="stmt"/>
        <line num="13" count="15" type="stmt"/>
        <line num="14" count="15" type="stmt"/>
        <line num="15" count="15" type="stmt"/>
        <line num="16" count="15" type="stmt"/>
        <line num="19" count="15" type="stmt"/>
        <line num="23" count="15" type="stmt"/>
        <line num="24" count="15" type="stmt"/>
        <line num="25" count="15" type="stmt"/>
        <line num="26" count="15" type="stmt"/>
        <line num="28" count="15" type="stmt"/>
        <line num="37" count="15" type="stmt"/>
        <line num="41" count="15" type="stmt"/>
        <line num="45" count="15" type="stmt"/>
        <line num="51" count="15" type="stmt"/>
        <line num="55" count="15" type="stmt"/>
        <line num="59" count="15" type="stmt"/>
        <line num="62" count="15" type="stmt"/>
        <line num="65" count="15" type="stmt"/>
      </file>
    </package>
  </project>
</coverage>
