<?xml version="1.0" encoding="UTF-8"?>
<coverage generated="1626702307824" clover="3.2.0">
  <project timestamp="1626702307824" name="All files">
    <metrics statements="665" coveredstatements="362" conditionals="132" coveredconditionals="54" methods="238" coveredmethods="95" elements="1035" coveredelements="511" complexity="0" loc="665" ncloc="665" packages="16" files="40" classes="40"/>
    <package name="apis.firebase">
      <metrics statements="3" coveredstatements="3" conditionals="0" coveredconditionals="0" methods="0" coveredmethods="0"/>
      <file name="index.ts" path="/Users/masakazutoyoyama/Documents/自己学習/アプリ開発/EC_with_node/front/src/apis/firebase/index.ts">
        <metrics statements="3" coveredstatements="3" conditionals="0" coveredconditionals="0" methods="0" coveredmethods="0"/>
        <line num="5" count="36" type="stmt"/>
        <line num="6" count="36" type="stmt"/>
        <line num="7" count="36" type="stmt"/>
      </file>
    </package>
    <package name="app">
      <metrics statements="1" coveredstatements="1" conditionals="0" coveredconditionals="0" methods="0" coveredmethods="0"/>
      <file name="store.ts" path="/Users/masakazutoyoyama/Documents/自己学習/アプリ開発/EC_with_node/front/src/app/store.ts">
        <metrics statements="1" coveredstatements="1" conditionals="0" coveredconditionals="0" methods="0" coveredmethods="0"/>
        <line num="10" count="27" type="stmt"/>
      </file>
    </package>
    <package name="components.atoms">
      <metrics statements="9" coveredstatements="7" conditionals="8" coveredconditionals="6" methods="6" coveredmethods="4"/>
      <file name="ZipcodeInputHookForm.tsx" path="/Users/masakazutoyoyama/Documents/自己学習/アプリ開発/EC_with_node/front/src/components/atoms/ZipcodeInputHookForm.tsx">
        <metrics statements="9" coveredstatements="7" conditionals="8" coveredconditionals="6" methods="6" coveredmethods="4"/>
        <line num="23" count="46" type="stmt"/>
        <line num="31" count="22" type="stmt"/>
        <line num="32" count="1" type="stmt"/>
        <line num="33" count="1" type="stmt"/>
        <line num="35" count="0" type="stmt"/>
        <line num="38" count="0" type="stmt"/>
        <line num="44" count="22" type="stmt"/>
        <line num="50" count="27" type="stmt"/>
        <line num="52" count="1" type="stmt"/>
      </file>
      <file name="index.ts" path="/Users/masakazutoyoyama/Documents/自己学習/アプリ開発/EC_with_node/front/src/components/atoms/index.ts">
        <metrics statements="0" coveredstatements="0" conditionals="0" coveredconditionals="0" methods="0" coveredmethods="0"/>
      </file>
    </package>
    <package name="components.molecules">
      <metrics statements="27" coveredstatements="25" conditionals="34" coveredconditionals="26" methods="14" coveredmethods="14"/>
      <file name="CartItemsTableRow.tsx" path="/Users/masakazutoyoyama/Documents/自己学習/アプリ開発/EC_with_node/front/src/components/molecules/CartItemsTableRow.tsx">
        <metrics statements="12" coveredstatements="11" conditionals="14" coveredconditionals="11" methods="6" coveredmethods="6"/>
        <line num="26" count="33" type="stmt"/>
        <line num="35" count="5" type="stmt"/>
        <line num="37" count="5" type="stmt"/>
        <line num="38" count="1" type="stmt"/>
        <line num="39" count="2" type="stmt"/>
        <line num="40" count="1" type="cond" truecount="1" falsecount="1"/>
        <line num="41" count="1" type="stmt"/>
        <line num="45" count="0" type="stmt"/>
        <line num="49" count="5" type="stmt"/>
        <line num="53" count="9" type="cond" truecount="2" falsecount="0"/>
        <line num="87" count="9" type="stmt"/>
        <line num="104" count="1" type="stmt"/>
      </file>
      <file name="OrderItemsTableRow.tsx" path="/Users/masakazutoyoyama/Documents/自己学習/アプリ開発/EC_with_node/front/src/components/molecules/OrderItemsTableRow.tsx">
        <metrics statements="9" coveredstatements="8" conditionals="16" coveredconditionals="11" methods="4" coveredmethods="4"/>
        <line num="29" count="33" type="stmt"/>
        <line num="36" count="2" type="stmt"/>
        <line num="38" count="2" type="stmt"/>
        <line num="39" count="1" type="cond" truecount="1" falsecount="1"/>
        <line num="40" count="1" type="stmt"/>
        <line num="44" count="0" type="stmt"/>
        <line num="47" count="2" type="stmt"/>
        <line num="72" count="1" type="stmt"/>
        <line num="88" count="2" type="stmt"/>
      </file>
      <file name="ToppingFormWrapper.tsx" path="/Users/masakazutoyoyama/Documents/自己学習/アプリ開発/EC_with_node/front/src/components/molecules/ToppingFormWrapper.tsx">
        <metrics statements="3" coveredstatements="3" conditionals="0" coveredconditionals="0" methods="2" coveredmethods="2"/>
        <line num="13" count="33" type="stmt"/>
        <line num="18" count="2" type="stmt"/>
        <line num="24" count="1" type="stmt"/>
      </file>
      <file name="ToppingsTableCell.tsx" path="/Users/masakazutoyoyama/Documents/自己学習/アプリ開発/EC_with_node/front/src/components/molecules/ToppingsTableCell.tsx">
        <metrics statements="3" coveredstatements="3" conditionals="4" coveredconditionals="4" methods="2" coveredmethods="2"/>
        <line num="9" count="33" type="stmt"/>
        <line num="10" count="11" type="stmt"/>
        <line num="14" count="11" type="cond" truecount="2" falsecount="0"/>
      </file>
      <file name="index.ts" path="/Users/masakazutoyoyama/Documents/自己学習/アプリ開発/EC_with_node/front/src/components/molecules/index.ts">
        <metrics statements="0" coveredstatements="0" conditionals="0" coveredconditionals="0" methods="0" coveredmethods="0"/>
      </file>
    </package>
    <package name="components.organisms">
      <metrics statements="36" coveredstatements="22" conditionals="10" coveredconditionals="5" methods="14" coveredmethods="7"/>
      <file name="CartItemsTable.tsx" path="/Users/masakazutoyoyama/Documents/自己学習/アプリ開発/EC_with_node/front/src/components/organisms/CartItemsTable.tsx">
        <metrics statements="4" coveredstatements="4" conditionals="2" coveredconditionals="2" methods="3" coveredmethods="3"/>
        <line num="16" count="18" type="stmt"/>
        <line num="17" count="1" type="stmt"/>
        <line num="32" count="1" type="stmt"/>
        <line num="34" count="1" type="cond" truecount="2" falsecount="0"/>
      </file>
      <file name="OrderItemsTable.tsx" path="/Users/masakazutoyoyama/Documents/自己学習/アプリ開発/EC_with_node/front/src/components/organisms/OrderItemsTable.tsx">
        <metrics statements="3" coveredstatements="3" conditionals="0" coveredconditionals="0" methods="2" coveredmethods="2"/>
        <line num="13" count="18" type="stmt"/>
        <line num="14" count="1" type="stmt"/>
        <line num="27" count="1" type="stmt"/>
      </file>
      <file name="Sidenav.tsx" path="/Users/masakazutoyoyama/Documents/自己学習/アプリ開発/EC_with_node/front/src/components/organisms/Sidenav.tsx">
        <metrics statements="29" coveredstatements="15" conditionals="8" coveredconditionals="3" methods="9" coveredmethods="2"/>
        <line num="22" count="18" type="stmt"/>
        <line num="36" count="18" type="stmt"/>
        <line num="40" count="18" type="stmt"/>
        <line num="49" count="18" type="stmt"/>
        <line num="58" count="18" type="stmt"/>
        <line num="59" count="10" type="stmt"/>
        <line num="60" count="10" type="stmt"/>
        <line num="61" count="10" type="stmt"/>
        <line num="62" count="10" type="stmt"/>
        <line num="64" count="10" type="stmt"/>
        <line num="65" count="5" type="cond" truecount="1" falsecount="1"/>
        <line num="66" count="0" type="stmt"/>
        <line num="67" count="5" type="cond" truecount="1" falsecount="1"/>
        <line num="68" count="5" type="stmt"/>
        <line num="70" count="0" type="stmt"/>
        <line num="73" count="10" type="stmt"/>
        <line num="79" count="0" type="stmt"/>
        <line num="93" count="18" type="stmt"/>
        <line num="94" count="0" type="stmt"/>
        <line num="95" count="0" type="stmt"/>
        <line num="96" count="0" type="stmt"/>
        <line num="97" count="0" type="stmt"/>
        <line num="98" count="0" type="stmt"/>
        <line num="99" count="0" type="stmt"/>
        <line num="101" count="0" type="stmt"/>
        <line num="108" count="0" type="stmt"/>
        <line num="120" count="0" type="stmt"/>
        <line num="133" count="0" type="stmt"/>
        <line num="137" count="0" type="stmt"/>
      </file>
      <file name="index.ts" path="/Users/masakazutoyoyama/Documents/自己学習/アプリ開発/EC_with_node/front/src/components/organisms/index.ts">
        <metrics statements="0" coveredstatements="0" conditionals="0" coveredconditionals="0" methods="0" coveredmethods="0"/>
      </file>
    </package>
    <package name="components.organisms.admin">
      <metrics statements="45" coveredstatements="30" conditionals="2" coveredconditionals="1" methods="20" coveredmethods="10"/>
      <file name="AdminHeaderBtns.tsx" path="/Users/masakazutoyoyama/Documents/自己学習/アプリ開発/EC_with_node/front/src/components/organisms/admin/AdminHeaderBtns.tsx">
        <metrics statements="6" coveredstatements="3" conditionals="0" coveredconditionals="0" methods="4" coveredmethods="1"/>
        <line num="6" count="19" type="stmt"/>
        <line num="7" count="5" type="stmt"/>
        <line num="8" count="5" type="stmt"/>
        <line num="16" count="0" type="stmt"/>
        <line num="24" count="0" type="stmt"/>
        <line num="32" count="0" type="stmt"/>
      </file>
      <file name="AdminItemsForm.tsx" path="/Users/masakazutoyoyama/Documents/自己学習/アプリ開発/EC_with_node/front/src/components/organisms/admin/AdminItemsForm.tsx">
        <metrics statements="11" coveredstatements="6" conditionals="0" coveredconditionals="0" methods="2" coveredmethods="1"/>
        <line num="22" count="19" type="stmt"/>
        <line num="23" count="2" type="stmt"/>
        <line num="24" count="2" type="stmt"/>
        <line num="34" count="2" type="stmt"/>
        <line num="45" count="2" type="stmt"/>
        <line num="46" count="0" type="stmt"/>
        <line num="47" count="0" type="stmt"/>
        <line num="48" count="0" type="stmt"/>
        <line num="49" count="0" type="stmt"/>
        <line num="56" count="0" type="stmt"/>
        <line num="58" count="2" type="stmt"/>
      </file>
      <file name="AdminItemsTable.tsx" path="/Users/masakazutoyoyama/Documents/自己学習/アプリ開発/EC_with_node/front/src/components/organisms/admin/AdminItemsTable.tsx">
        <metrics statements="7" coveredstatements="5" conditionals="0" coveredconditionals="0" methods="4" coveredmethods="2"/>
        <line num="18" count="19" type="stmt"/>
        <line num="19" count="1" type="stmt"/>
        <line num="20" count="1" type="stmt"/>
        <line num="21" count="0" type="stmt"/>
        <line num="23" count="1" type="stmt"/>
        <line num="38" count="1" type="stmt"/>
        <line num="55" count="0" type="stmt"/>
      </file>
      <file name="AdminToppingsForm.tsx" path="/Users/masakazutoyoyama/Documents/自己学習/アプリ開発/EC_with_node/front/src/components/organisms/admin/AdminToppingsForm.tsx">
        <metrics statements="9" coveredstatements="7" conditionals="2" coveredconditionals="1" methods="3" coveredmethods="2"/>
        <line num="22" count="19" type="stmt"/>
        <line num="23" count="2" type="stmt"/>
        <line num="29" count="2" type="stmt"/>
        <line num="38" count="2" type="stmt"/>
        <line num="39" count="2" type="cond" truecount="1" falsecount="1"/>
        <line num="40" count="0" type="stmt"/>
        <line num="48" count="2" type="stmt"/>
        <line num="49" count="0" type="stmt"/>
        <line num="51" count="2" type="stmt"/>
      </file>
      <file name="AdminToppingsTable.tsx" path="/Users/masakazutoyoyama/Documents/自己学習/アプリ開発/EC_with_node/front/src/components/organisms/admin/AdminToppingsTable.tsx">
        <metrics statements="7" coveredstatements="5" conditionals="0" coveredconditionals="0" methods="4" coveredmethods="2"/>
        <line num="20" count="19" type="stmt"/>
        <line num="21" count="1" type="stmt"/>
        <line num="22" count="1" type="stmt"/>
        <line num="23" count="0" type="stmt"/>
        <line num="25" count="1" type="stmt"/>
        <line num="39" count="1" type="stmt"/>
        <line num="55" count="0" type="stmt"/>
      </file>
      <file name="AdminUsersTable.tsx" path="/Users/masakazutoyoyama/Documents/自己学習/アプリ開発/EC_with_node/front/src/components/organisms/admin/AdminUsersTable.tsx">
        <metrics statements="5" coveredstatements="4" conditionals="0" coveredconditionals="0" methods="3" coveredmethods="2"/>
        <line num="18" count="19" type="stmt"/>
        <line num="19" count="2" type="stmt"/>
        <line num="20" count="2" type="stmt"/>
        <line num="34" count="1" type="stmt"/>
        <line num="50" count="0" type="stmt"/>
      </file>
    </package>
    <package name="components.pages">
      <metrics statements="76" coveredstatements="45" conditionals="22" coveredconditionals="5" methods="15" coveredmethods="8"/>
      <file name="Cart.tsx" path="/Users/masakazutoyoyama/Documents/自己学習/アプリ開発/EC_with_node/front/src/components/pages/Cart.tsx">
        <metrics statements="22" coveredstatements="13" conditionals="10" coveredconditionals="2" methods="5" coveredmethods="2"/>
        <line num="16" count="8" type="stmt"/>
        <line num="17" count="1" type="stmt"/>
        <line num="18" count="1" type="stmt"/>
        <line num="19" count="1" type="stmt"/>
        <line num="20" count="1" type="stmt"/>
        <line num="21" count="1" type="stmt"/>
        <line num="22" count="1" type="stmt"/>
        <line num="23" count="1" type="stmt"/>
        <line num="24" count="1" type="stmt"/>
        <line num="26" count="1" type="stmt"/>
        <line num="27" count="1" type="cond" truecount="1" falsecount="1"/>
        <line num="28" count="0" type="stmt"/>
        <line num="29" count="0" type="stmt"/>
        <line num="30" count="0" type="stmt"/>
        <line num="38" count="0" type="stmt"/>
        <line num="42" count="1" type="stmt"/>
        <line num="43" count="0" type="cond" truecount="0" falsecount="2"/>
        <line num="44" count="0" type="stmt"/>
        <line num="46" count="0" type="stmt"/>
        <line num="47" count="0" type="stmt"/>
        <line num="50" count="1" type="stmt"/>
        <line num="72" count="0" type="stmt"/>
      </file>
      <file name="ItemInfo.tsx" path="/Users/masakazutoyoyama/Documents/自己学習/アプリ開発/EC_with_node/front/src/components/pages/ItemInfo.tsx">
        <metrics statements="40" coveredstatements="19" conditionals="8" coveredconditionals="1" methods="7" coveredmethods="3"/>
        <line num="28" count="8" type="stmt"/>
        <line num="29" count="1" type="stmt"/>
        <line num="30" count="1" type="stmt"/>
        <line num="31" count="1" type="stmt"/>
        <line num="32" count="1" type="stmt"/>
        <line num="33" count="1" type="stmt"/>
        <line num="34" count="1" type="stmt"/>
        <line num="35" count="1" type="stmt"/>
        <line num="36" count="1" type="stmt"/>
        <line num="37" count="1" type="stmt"/>
        <line num="38" count="1" type="stmt"/>
        <line num="39" count="1" type="stmt"/>
        <line num="41" count="1" type="stmt"/>
        <line num="43" count="1" type="stmt"/>
        <line num="44" count="1" type="stmt"/>
        <line num="47" count="1" type="stmt"/>
        <line num="48" count="1" type="cond" truecount="1" falsecount="1"/>
        <line num="49" count="0" type="stmt"/>
        <line num="56" count="0" type="stmt"/>
        <line num="60" count="1" type="stmt"/>
        <line num="62" count="0" type="stmt"/>
        <line num="63" count="0" type="stmt"/>
        <line num="66" count="0" type="stmt"/>
        <line num="74" count="0" type="cond" truecount="0" falsecount="2"/>
        <line num="76" count="0" type="cond" truecount="0" falsecount="2"/>
        <line num="77" count="0" type="stmt"/>
        <line num="83" count="0" type="stmt"/>
        <line num="87" count="0" type="stmt"/>
        <line num="92" count="0" type="stmt"/>
        <line num="93" count="0" type="stmt"/>
        <line num="98" count="0" type="cond" truecount="0" falsecount="2"/>
        <line num="99" count="0" type="stmt"/>
        <line num="103" count="0" type="stmt"/>
        <line num="104" count="0" type="stmt"/>
        <line num="107" count="0" type="stmt"/>
        <line num="108" count="0" type="stmt"/>
        <line num="109" count="0" type="stmt"/>
        <line num="110" count="0" type="stmt"/>
        <line num="114" count="1" type="stmt"/>
        <line num="140" count="0" type="stmt"/>
      </file>
      <file name="OrderHistory.tsx" path="/Users/masakazutoyoyama/Documents/自己学習/アプリ開発/EC_with_node/front/src/components/pages/OrderHistory.tsx">
        <metrics statements="14" coveredstatements="13" conditionals="4" coveredconditionals="2" methods="3" coveredmethods="3"/>
        <line num="12" count="8" type="stmt"/>
        <line num="13" count="1" type="stmt"/>
        <line num="14" count="1" type="stmt"/>
        <line num="15" count="1" type="stmt"/>
        <line num="16" count="1" type="stmt"/>
        <line num="17" count="1" type="stmt"/>
        <line num="18" count="1" type="stmt"/>
        <line num="20" count="1" type="stmt"/>
        <line num="21" count="1" type="stmt"/>
        <line num="24" count="1" type="stmt"/>
        <line num="25" count="1" type="cond" truecount="1" falsecount="1"/>
        <line num="26" count="0" type="stmt"/>
        <line num="28" count="1" type="stmt"/>
        <line num="32" count="1" type="stmt"/>
      </file>
      <file name="index.ts" path="/Users/masakazutoyoyama/Documents/自己学習/アプリ開発/EC_with_node/front/src/components/pages/index.ts">
        <metrics statements="0" coveredstatements="0" conditionals="0" coveredconditionals="0" methods="0" coveredmethods="0"/>
      </file>
    </package>
    <package name="components.pages.admin">
      <metrics statements="26" coveredstatements="25" conditionals="10" coveredconditionals="3" methods="8" coveredmethods="6"/>
      <file name="Items.tsx" path="/Users/masakazutoyoyama/Documents/自己学習/アプリ開発/EC_with_node/front/src/components/pages/admin/Items.tsx">
        <metrics statements="3" coveredstatements="3" conditionals="2" coveredconditionals="1" methods="1" coveredmethods="1"/>
        <line num="11" count="9" type="stmt"/>
        <line num="12" count="1" type="stmt"/>
        <line num="13" count="1" type="stmt"/>
      </file>
      <file name="Toppings.tsx" path="/Users/masakazutoyoyama/Documents/自己学習/アプリ開発/EC_with_node/front/src/components/pages/admin/Toppings.tsx">
        <metrics statements="3" coveredstatements="3" conditionals="2" coveredconditionals="1" methods="1" coveredmethods="1"/>
        <line num="11" count="9" type="stmt"/>
        <line num="12" count="1" type="stmt"/>
        <line num="13" count="1" type="stmt"/>
      </file>
      <file name="UserEdit.tsx" path="/Users/masakazutoyoyama/Documents/自己学習/アプリ開発/EC_with_node/front/src/components/pages/admin/UserEdit.tsx">
        <metrics statements="17" coveredstatements="16" conditionals="6" coveredconditionals="1" methods="5" coveredmethods="3"/>
        <line num="17" count="9" type="stmt"/>
        <line num="18" count="1" type="stmt"/>
        <line num="19" count="1" type="stmt"/>
        <line num="20" count="1" type="stmt"/>
        <line num="21" count="1" type="stmt"/>
        <line num="22" count="1" type="stmt"/>
        <line num="23" count="1" type="stmt"/>
        <line num="24" count="1" type="stmt"/>
        <line num="25" count="1" type="stmt"/>
        <line num="27" count="1" type="stmt"/>
        <line num="28" count="1" type="stmt"/>
        <line num="29" count="1" type="stmt"/>
        <line num="30" count="1" type="stmt"/>
        <line num="31" count="1" type="stmt"/>
        <line num="32" count="1" type="stmt"/>
        <line num="35" count="1" type="stmt"/>
        <line num="58" count="0" type="stmt"/>
      </file>
      <file name="Users.tsx" path="/Users/masakazutoyoyama/Documents/自己学習/アプリ開発/EC_with_node/front/src/components/pages/admin/Users.tsx">
        <metrics statements="3" coveredstatements="3" conditionals="0" coveredconditionals="0" methods="1" coveredmethods="1"/>
        <line num="7" count="9" type="stmt"/>
        <line num="8" count="1" type="stmt"/>
        <line num="9" count="1" type="stmt"/>
      </file>
    </package>
    <package name="features.cart">
      <metrics statements="62" coveredstatements="23" conditionals="6" coveredconditionals="0" methods="20" coveredmethods="6"/>
      <file name="cartSlice.ts" path="/Users/masakazutoyoyama/Documents/自己学習/アプリ開発/EC_with_node/front/src/features/cart/cartSlice.ts">
        <metrics statements="62" coveredstatements="23" conditionals="6" coveredconditionals="0" methods="20" coveredmethods="6"/>
        <line num="38" count="36" type="stmt"/>
        <line num="45" count="36" type="stmt"/>
        <line num="50" count="0" type="stmt"/>
        <line num="51" count="0" type="stmt"/>
        <line num="52" count="0" type="stmt"/>
        <line num="54" count="0" type="stmt"/>
        <line num="59" count="36" type="stmt"/>
        <line num="64" count="0" type="stmt"/>
        <line num="65" count="0" type="stmt"/>
        <line num="66" count="0" type="stmt"/>
        <line num="68" count="0" type="stmt"/>
        <line num="73" count="36" type="stmt"/>
        <line num="78" count="1" type="stmt"/>
        <line num="79" count="1" type="stmt"/>
        <line num="80" count="0" type="stmt"/>
        <line num="82" count="0" type="stmt"/>
        <line num="87" count="36" type="stmt"/>
        <line num="92" count="0" type="stmt"/>
        <line num="93" count="0" type="stmt"/>
        <line num="94" count="0" type="stmt"/>
        <line num="96" count="0" type="stmt"/>
        <line num="100" count="36" type="stmt"/>
        <line num="105" count="1" type="stmt"/>
        <line num="108" count="0" type="stmt"/>
        <line num="109" count="0" type="stmt"/>
        <line num="112" count="0" type="stmt"/>
        <line num="113" count="0" type="stmt"/>
        <line num="114" count="0" type="stmt"/>
        <line num="119" count="36" type="stmt"/>
        <line num="120" count="0" type="stmt"/>
        <line num="122" count="36" type="stmt"/>
        <line num="123" count="0" type="stmt"/>
        <line num="124" count="0" type="stmt"/>
        <line num="125" count="0" type="stmt"/>
        <line num="127" count="36" type="stmt"/>
        <line num="128" count="0" type="stmt"/>
        <line num="129" count="0" type="cond" truecount="0" falsecount="2"/>
        <line num="130" count="0" type="stmt"/>
        <line num="134" count="36" type="stmt"/>
        <line num="135" count="1" type="stmt"/>
        <line num="137" count="36" type="stmt"/>
        <line num="138" count="0" type="stmt"/>
        <line num="139" count="0" type="stmt"/>
        <line num="140" count="0" type="stmt"/>
        <line num="142" count="36" type="stmt"/>
        <line num="143" count="0" type="stmt"/>
        <line num="144" count="0" type="cond" truecount="0" falsecount="2"/>
        <line num="145" count="0" type="stmt"/>
        <line num="149" count="36" type="stmt"/>
        <line num="150" count="0" type="stmt"/>
        <line num="152" count="36" type="stmt"/>
        <line num="153" count="0" type="stmt"/>
        <line num="154" count="0" type="stmt"/>
        <line num="155" count="0" type="stmt"/>
        <line num="157" count="36" type="stmt"/>
        <line num="158" count="0" type="stmt"/>
        <line num="159" count="0" type="cond" truecount="0" falsecount="2"/>
        <line num="160" count="0" type="stmt"/>
        <line num="166" count="36" type="stmt"/>
        <line num="167" count="36" type="stmt"/>
        <line num="168" count="36" type="stmt"/>
        <line num="169" count="36" type="stmt"/>
      </file>
    </package>
    <package name="features.item">
      <metrics statements="80" coveredstatements="27" conditionals="6" coveredconditionals="0" methods="33" coveredmethods="7"/>
      <file name="itemsAPI.ts" path="/Users/masakazutoyoyama/Documents/自己学習/アプリ開発/EC_with_node/front/src/features/item/itemsAPI.ts">
        <metrics statements="20" coveredstatements="6" conditionals="0" coveredconditionals="0" methods="14" coveredmethods="1"/>
        <line num="6" count="29" type="stmt"/>
        <line num="7" count="1" type="stmt"/>
        <line num="10" count="0" type="stmt"/>
        <line num="13" count="0" type="stmt"/>
        <line num="17" count="29" type="stmt"/>
        <line num="18" count="0" type="stmt"/>
        <line num="21" count="0" type="stmt"/>
        <line num="24" count="0" type="stmt"/>
        <line num="27" count="29" type="stmt"/>
        <line num="28" count="0" type="stmt"/>
        <line num="29" count="0" type="stmt"/>
        <line num="32" count="29" type="stmt"/>
        <line num="33" count="0" type="stmt"/>
        <line num="36" count="0" type="stmt"/>
        <line num="39" count="0" type="stmt"/>
        <line num="43" count="29" type="stmt"/>
        <line num="44" count="0" type="stmt"/>
        <line num="47" count="0" type="stmt"/>
        <line num="48" count="0" type="stmt"/>
        <line num="51" count="0" type="stmt"/>
      </file>
      <file name="itemsSlice.ts" path="/Users/masakazutoyoyama/Documents/自己学習/アプリ開発/EC_with_node/front/src/features/item/itemsSlice.ts">
        <metrics statements="60" coveredstatements="21" conditionals="6" coveredconditionals="0" methods="19" coveredmethods="6"/>
        <line num="33" count="29" type="stmt"/>
        <line num="40" count="29" type="stmt"/>
        <line num="45" count="1" type="stmt"/>
        <line num="46" count="1" type="stmt"/>
        <line num="47" count="0" type="stmt"/>
        <line num="49" count="0" type="stmt"/>
        <line num="54" count="29" type="stmt"/>
        <line num="59" count="0" type="stmt"/>
        <line num="61" count="0" type="stmt"/>
        <line num="63" count="0" type="stmt"/>
        <line num="65" count="0" type="stmt"/>
        <line num="67" count="0" type="stmt"/>
        <line num="68" count="0" type="stmt"/>
        <line num="69" count="0" type="stmt"/>
        <line num="71" count="0" type="stmt"/>
        <line num="76" count="29" type="stmt"/>
        <line num="81" count="0" type="stmt"/>
        <line num="82" count="0" type="stmt"/>
        <line num="83" count="0" type="stmt"/>
        <line num="85" count="0" type="stmt"/>
        <line num="89" count="29" type="stmt"/>
        <line num="94" count="0" type="stmt"/>
        <line num="97" count="0" type="stmt"/>
        <line num="98" count="0" type="stmt"/>
        <line num="99" count="0" type="stmt"/>
        <line num="104" count="29" type="stmt"/>
        <line num="105" count="1" type="stmt"/>
        <line num="107" count="29" type="stmt"/>
        <line num="108" count="0" type="stmt"/>
        <line num="109" count="0" type="stmt"/>
        <line num="110" count="0" type="stmt"/>
        <line num="112" count="29" type="stmt"/>
        <line num="113" count="0" type="stmt"/>
        <line num="114" count="0" type="cond" truecount="0" falsecount="2"/>
        <line num="115" count="0" type="stmt"/>
        <line num="119" count="29" type="stmt"/>
        <line num="120" count="0" type="stmt"/>
        <line num="122" count="29" type="stmt"/>
        <line num="123" count="0" type="stmt"/>
        <line num="124" count="0" type="stmt"/>
        <line num="125" count="0" type="stmt"/>
        <line num="127" count="29" type="stmt"/>
        <line num="128" count="0" type="stmt"/>
        <line num="129" count="0" type="cond" truecount="0" falsecount="2"/>
        <line num="130" count="0" type="stmt"/>
        <line num="134" count="29" type="stmt"/>
        <line num="135" count="0" type="stmt"/>
        <line num="137" count="29" type="stmt"/>
        <line num="138" count="0" type="stmt"/>
        <line num="139" count="0" type="stmt"/>
        <line num="140" count="0" type="stmt"/>
        <line num="142" count="0" type="stmt"/>
        <line num="144" count="29" type="stmt"/>
        <line num="145" count="0" type="stmt"/>
        <line num="146" count="0" type="cond" truecount="0" falsecount="2"/>
        <line num="147" count="0" type="stmt"/>
        <line num="153" count="29" type="stmt"/>
        <line num="154" count="29" type="stmt"/>
        <line num="155" count="29" type="stmt"/>
        <line num="156" count="29" type="stmt"/>
      </file>
    </package>
    <package name="features.order">
      <metrics statements="73" coveredstatements="31" conditionals="8" coveredconditionals="0" methods="28" coveredmethods="9"/>
      <file name="ordersAPI.ts" path="/Users/masakazutoyoyama/Documents/自己学習/アプリ開発/EC_with_node/front/src/features/order/ordersAPI.ts">
        <metrics statements="12" coveredstatements="5" conditionals="0" coveredconditionals="0" methods="9" coveredmethods="2"/>
        <line num="6" count="36" type="stmt"/>
        <line num="7" count="0" type="stmt"/>
        <line num="10" count="0" type="stmt"/>
        <line num="13" count="0" type="stmt"/>
        <line num="17" count="36" type="stmt"/>
        <line num="21" count="1" type="stmt"/>
        <line num="27" count="0" type="stmt"/>
        <line num="30" count="0" type="stmt"/>
        <line num="34" count="36" type="stmt"/>
        <line num="35" count="2" type="stmt"/>
        <line num="40" count="0" type="stmt"/>
        <line num="43" count="0" type="stmt"/>
      </file>
      <file name="ordersSlice.ts" path="/Users/masakazutoyoyama/Documents/自己学習/アプリ開発/EC_with_node/front/src/features/order/ordersSlice.ts">
        <metrics statements="61" coveredstatements="26" conditionals="8" coveredconditionals="0" methods="19" coveredmethods="7"/>
        <line num="39" count="36" type="stmt"/>
        <line num="46" count="36" type="stmt"/>
        <line num="51" count="2" type="stmt"/>
        <line num="52" count="2" type="stmt"/>
        <line num="53" count="0" type="stmt"/>
        <line num="55" count="0" type="stmt"/>
        <line num="60" count="36" type="stmt"/>
        <line num="65" count="0" type="stmt"/>
        <line num="66" count="0" type="stmt"/>
        <line num="67" count="0" type="stmt"/>
        <line num="68" count="0" type="stmt"/>
        <line num="70" count="0" type="stmt"/>
        <line num="75" count="36" type="stmt"/>
        <line num="80" count="1" type="stmt"/>
        <line num="81" count="1" type="stmt"/>
        <line num="82" count="0" type="stmt"/>
        <line num="84" count="0" type="stmt"/>
        <line num="88" count="36" type="stmt"/>
        <line num="93" count="2" type="stmt"/>
        <line num="96" count="0" type="stmt"/>
        <line num="97" count="0" type="stmt"/>
        <line num="98" count="0" type="stmt"/>
        <line num="103" count="36" type="stmt"/>
        <line num="104" count="2" type="stmt"/>
        <line num="106" count="36" type="stmt"/>
        <line num="107" count="0" type="stmt"/>
        <line num="108" count="0" type="stmt"/>
        <line num="109" count="0" type="stmt"/>
        <line num="111" count="36" type="stmt"/>
        <line num="112" count="0" type="stmt"/>
        <line num="113" count="0" type="cond" truecount="0" falsecount="2"/>
        <line num="114" count="0" type="stmt"/>
        <line num="118" count="36" type="stmt"/>
        <line num="119" count="0" type="stmt"/>
        <line num="121" count="36" type="stmt"/>
        <line num="122" count="0" type="stmt"/>
        <line num="123" count="0" type="stmt"/>
        <line num="124" count="0" type="stmt"/>
        <line num="126" count="36" type="stmt"/>
        <line num="127" count="0" type="stmt"/>
        <line num="128" count="0" type="cond" truecount="0" falsecount="2"/>
        <line num="129" count="0" type="stmt"/>
        <line num="133" count="36" type="stmt"/>
        <line num="134" count="1" type="stmt"/>
        <line num="136" count="36" type="stmt"/>
        <line num="137" count="0" type="stmt"/>
        <line num="138" count="0" type="stmt"/>
        <line num="139" count="0" type="cond" truecount="0" falsecount="2"/>
        <line num="140" count="0" type="stmt"/>
        <line num="142" count="0" type="stmt"/>
        <line num="145" count="0" type="stmt"/>
        <line num="146" count="0" type="stmt"/>
        <line num="148" count="36" type="stmt"/>
        <line num="149" count="0" type="stmt"/>
        <line num="150" count="0" type="cond" truecount="0" falsecount="2"/>
        <line num="151" count="0" type="stmt"/>
        <line num="157" count="36" type="stmt"/>
        <line num="158" count="36" type="stmt"/>
        <line num="159" count="6" type="stmt"/>
        <line num="160" count="36" type="stmt"/>
        <line num="161" count="36" type="stmt"/>
      </file>
    </package>
    <package name="features.topping">
      <metrics statements="70" coveredstatements="25" conditionals="6" coveredconditionals="0" methods="28" coveredmethods="6"/>
      <file name="toppingsAPI.ts" path="/Users/masakazutoyoyama/Documents/自己学習/アプリ開発/EC_with_node/front/src/features/topping/toppingsAPI.ts">
        <metrics statements="13" coveredstatements="4" conditionals="0" coveredconditionals="0" methods="9" coveredmethods="1"/>
        <line num="6" count="29" type="stmt"/>
        <line num="7" count="1" type="stmt"/>
        <line num="10" count="0" type="stmt"/>
        <line num="13" count="0" type="stmt"/>
        <line num="17" count="29" type="stmt"/>
        <line num="18" count="0" type="stmt"/>
        <line num="21" count="0" type="stmt"/>
        <line num="24" count="0" type="stmt"/>
        <line num="28" count="29" type="stmt"/>
        <line num="29" count="0" type="stmt"/>
        <line num="32" count="0" type="stmt"/>
        <line num="33" count="0" type="stmt"/>
        <line num="36" count="0" type="stmt"/>
      </file>
      <file name="toppingsSlice.ts" path="/Users/masakazutoyoyama/Documents/自己学習/アプリ開発/EC_with_node/front/src/features/topping/toppingsSlice.ts">
        <metrics statements="57" coveredstatements="21" conditionals="6" coveredconditionals="0" methods="19" coveredmethods="5"/>
        <line num="27" count="29" type="stmt"/>
        <line num="34" count="29" type="stmt"/>
        <line num="39" count="1" type="stmt"/>
        <line num="40" count="1" type="stmt"/>
        <line num="41" count="0" type="stmt"/>
        <line num="43" count="0" type="stmt"/>
        <line num="48" count="29" type="stmt"/>
        <line num="53" count="0" type="stmt"/>
        <line num="54" count="0" type="stmt"/>
        <line num="55" count="0" type="stmt"/>
        <line num="57" count="0" type="stmt"/>
        <line num="62" count="29" type="stmt"/>
        <line num="67" count="0" type="stmt"/>
        <line num="68" count="0" type="stmt"/>
        <line num="69" count="0" type="stmt"/>
        <line num="71" count="0" type="stmt"/>
        <line num="75" count="29" type="stmt"/>
        <line num="80" count="0" type="stmt"/>
        <line num="83" count="0" type="stmt"/>
        <line num="84" count="0" type="stmt"/>
        <line num="85" count="0" type="stmt"/>
        <line num="90" count="29" type="stmt"/>
        <line num="91" count="1" type="stmt"/>
        <line num="93" count="29" type="stmt"/>
        <line num="94" count="0" type="stmt"/>
        <line num="95" count="0" type="stmt"/>
        <line num="96" count="0" type="stmt"/>
        <line num="98" count="29" type="stmt"/>
        <line num="99" count="0" type="stmt"/>
        <line num="100" count="0" type="cond" truecount="0" falsecount="2"/>
        <line num="101" count="0" type="stmt"/>
        <line num="105" count="29" type="stmt"/>
        <line num="106" count="0" type="stmt"/>
        <line num="108" count="29" type="stmt"/>
        <line num="109" count="0" type="stmt"/>
        <line num="110" count="0" type="stmt"/>
        <line num="111" count="0" type="stmt"/>
        <line num="113" count="29" type="stmt"/>
        <line num="114" count="0" type="stmt"/>
        <line num="115" count="0" type="cond" truecount="0" falsecount="2"/>
        <line num="116" count="0" type="stmt"/>
        <line num="120" count="29" type="stmt"/>
        <line num="121" count="0" type="stmt"/>
        <line num="123" count="29" type="stmt"/>
        <line num="124" count="0" type="stmt"/>
        <line num="125" count="0" type="stmt"/>
        <line num="126" count="0" type="stmt"/>
        <line num="128" count="0" type="stmt"/>
        <line num="130" count="29" type="stmt"/>
        <line num="131" count="0" type="stmt"/>
        <line num="132" count="0" type="cond" truecount="0" falsecount="2"/>
        <line num="133" count="0" type="stmt"/>
        <line num="139" count="29" type="stmt"/>
        <line num="140" count="29" type="stmt"/>
        <line num="141" count="29" type="stmt"/>
        <line num="142" count="29" type="stmt"/>
        <line num="143" count="0" type="stmt"/>
      </file>
    </package>
    <package name="features.userinfo">
      <metrics statements="86" coveredstatements="30" conditionals="10" coveredconditionals="0" methods="39" coveredmethods="8"/>
      <file name="userinfoAPI.ts" path="/Users/masakazutoyoyama/Documents/自己学習/アプリ開発/EC_with_node/front/src/features/userinfo/userinfoAPI.ts">
        <metrics statements="29" coveredstatements="6" conditionals="4" coveredconditionals="0" methods="20" coveredmethods="1"/>
        <line num="7" count="36" type="stmt"/>
        <line num="11" count="0" type="stmt"/>
        <line num="12" count="0" type="stmt"/>
        <line num="15" count="0" type="stmt"/>
        <line num="18" count="0" type="cond" truecount="0" falsecount="2"/>
        <line num="19" count="0" type="stmt"/>
        <line num="21" count="0" type="stmt"/>
        <line num="25" count="0" type="stmt"/>
        <line num="29" count="0" type="stmt"/>
        <line num="35" count="36" type="stmt"/>
        <line num="39" count="0" type="stmt"/>
        <line num="40" count="0" type="stmt"/>
        <line num="43" count="0" type="stmt"/>
        <line num="46" count="0" type="cond" truecount="0" falsecount="2"/>
        <line num="47" count="0" type="stmt"/>
        <line num="49" count="0" type="stmt"/>
        <line num="53" count="0" type="stmt"/>
        <line num="57" count="0" type="stmt"/>
        <line num="63" count="36" type="stmt"/>
        <line num="64" count="1" type="stmt"/>
        <line num="65" count="0" type="stmt"/>
        <line num="70" count="36" type="stmt"/>
        <line num="71" count="0" type="stmt"/>
        <line num="74" count="0" type="stmt"/>
        <line num="77" count="0" type="stmt"/>
        <line num="81" count="36" type="stmt"/>
        <line num="84" count="0" type="stmt"/>
        <line num="87" count="0" type="stmt"/>
        <line num="90" count="0" type="stmt"/>
      </file>
      <file name="userinfoSlice.ts" path="/Users/masakazutoyoyama/Documents/自己学習/アプリ開発/EC_with_node/front/src/features/userinfo/userinfoSlice.ts">
        <metrics statements="57" coveredstatements="24" conditionals="6" coveredconditionals="0" methods="19" coveredmethods="7"/>
        <line num="34" count="29" type="stmt"/>
        <line num="41" count="29" type="stmt"/>
        <line num="46" count="0" type="stmt"/>
        <line num="47" count="0" type="stmt"/>
        <line num="49" count="0" type="stmt"/>
        <line num="54" count="29" type="stmt"/>
        <line num="59" count="0" type="stmt"/>
        <line num="60" count="0" type="stmt"/>
        <line num="61" count="0" type="stmt"/>
        <line num="65" count="0" type="stmt"/>
        <line num="66" count="0" type="stmt"/>
        <line num="68" count="0" type="stmt"/>
        <line num="73" count="29" type="stmt"/>
        <line num="78" count="0" type="stmt"/>
        <line num="79" count="0" type="stmt"/>
        <line num="80" count="0" type="stmt"/>
        <line num="82" count="0" type="stmt"/>
        <line num="87" count="29" type="stmt"/>
        <line num="92" count="1" type="stmt"/>
        <line num="95" count="2" type="stmt"/>
        <line num="96" count="2" type="stmt"/>
        <line num="97" count="2" type="stmt"/>
        <line num="102" count="29" type="stmt"/>
        <line num="103" count="0" type="stmt"/>
        <line num="105" count="29" type="stmt"/>
        <line num="106" count="0" type="stmt"/>
        <line num="107" count="0" type="stmt"/>
        <line num="109" count="29" type="stmt"/>
        <line num="110" count="0" type="stmt"/>
        <line num="111" count="0" type="cond" truecount="0" falsecount="2"/>
        <line num="112" count="0" type="stmt"/>
        <line num="116" count="29" type="stmt"/>
        <line num="117" count="0" type="stmt"/>
        <line num="119" count="29" type="stmt"/>
        <line num="120" count="0" type="stmt"/>
        <line num="121" count="0" type="stmt"/>
        <line num="122" count="0" type="stmt"/>
        <line num="124" count="29" type="stmt"/>
        <line num="125" count="0" type="stmt"/>
        <line num="126" count="0" type="cond" truecount="0" falsecount="2"/>
        <line num="127" count="0" type="stmt"/>
        <line num="131" count="29" type="stmt"/>
        <line num="132" count="0" type="stmt"/>
        <line num="134" count="29" type="stmt"/>
        <line num="135" count="0" type="stmt"/>
        <line num="136" count="0" type="stmt"/>
        <line num="137" count="0" type="stmt"/>
        <line num="139" count="29" type="stmt"/>
        <line num="140" count="0" type="stmt"/>
        <line num="141" count="0" type="cond" truecount="0" falsecount="2"/>
        <line num="142" count="0" type="stmt"/>
        <line num="148" count="29" type="stmt"/>
        <line num="149" count="29" type="stmt"/>
        <line num="150" count="41" type="stmt"/>
        <line num="151" count="29" type="stmt"/>
        <line num="152" count="29" type="stmt"/>
        <line num="153" count="4" type="stmt"/>
      </file>
    </package>
    <package name="features.userinfos">
      <metrics statements="4" coveredstatements="1" conditionals="0" coveredconditionals="0" methods="3" coveredmethods="0"/>
      <file name="userinfosAPI.ts" path="/Users/masakazutoyoyama/Documents/自己学習/アプリ開発/EC_with_node/front/src/features/userinfos/userinfosAPI.ts">
        <metrics statements="4" coveredstatements="1" conditionals="0" coveredconditionals="0" methods="3" coveredmethods="0"/>
        <line num="6" count="28" type="stmt"/>
        <line num="7" count="0" type="stmt"/>
        <line num="10" count="0" type="stmt"/>
        <line num="13" count="0" type="stmt"/>
      </file>
    </package>
    <package name="static">
      <metrics statements="27" coveredstatements="27" conditionals="0" coveredconditionals="0" methods="0" coveredmethods="0"/>
      <file name="admin.ts" path="/Users/masakazutoyoyama/Documents/自己学習/アプリ開発/EC_with_node/front/src/static/admin.ts">
        <metrics statements="1" coveredstatements="1" conditionals="0" coveredconditionals="0" methods="0" coveredmethods="0"/>
        <line num="1" count="46" type="stmt"/>
      </file>
      <file name="const.ts" path="/Users/masakazutoyoyama/Documents/自己学習/アプリ開発/EC_with_node/front/src/static/const.ts">
        <metrics statements="26" coveredstatements="26" conditionals="0" coveredconditionals="0" methods="0" coveredmethods="0"/>
        <line num="3" count="47" type="stmt"/>
        <line num="5" count="47" type="stmt"/>
        <line num="6" count="47" type="stmt"/>
        <line num="7" count="47" type="stmt"/>
        <line num="8" count="47" type="stmt"/>
        <line num="9" count="47" type="stmt"/>
        <line num="11" count="47" type="stmt"/>
        <line num="12" count="47" type="stmt"/>
        <line num="13" count="47" type="stmt"/>
        <line num="14" count="47" type="stmt"/>
        <line num="15" count="47" type="stmt"/>
        <line num="16" count="47" type="stmt"/>
        <line num="19" count="47" type="stmt"/>
        <line num="23" count="47" type="stmt"/>
        <line num="24" count="47" type="stmt"/>
        <line num="25" count="47" type="stmt"/>
        <line num="26" count="47" type="stmt"/>
        <line num="28" count="47" type="stmt"/>
        <line num="37" count="47" type="stmt"/>
        <line num="41" count="47" type="stmt"/>
        <line num="45" count="47" type="stmt"/>
        <line num="51" count="47" type="stmt"/>
        <line num="55" count="47" type="stmt"/>
        <line num="59" count="47" type="stmt"/>
        <line num="62" count="47" type="stmt"/>
        <line num="65" count="47" type="stmt"/>
      </file>
    </package>
    <package name="utils">
      <metrics statements="40" coveredstatements="40" conditionals="10" coveredconditionals="8" methods="10" coveredmethods="10"/>
      <file name="functions.ts" path="/Users/masakazutoyoyama/Documents/自己学習/アプリ開発/EC_with_node/front/src/utils/functions.ts">
        <metrics statements="40" coveredstatements="40" conditionals="10" coveredconditionals="8" methods="10" coveredmethods="10"/>
        <line num="12" count="47" type="stmt"/>
        <line num="13" count="202" type="stmt"/>
        <line num="17" count="47" type="stmt"/>
        <line num="24" count="2" type="stmt"/>
        <line num="25" count="2" type="stmt"/>
        <line num="26" count="2" type="stmt"/>
        <line num="28" count="2" type="cond" truecount="2" falsecount="0"/>
        <line num="29" count="1" type="stmt"/>
        <line num="30" count="1" type="cond" truecount="1" falsecount="1"/>
        <line num="31" count="1" type="stmt"/>
        <line num="33" count="2" type="stmt"/>
        <line num="34" count="4" type="stmt"/>
        <line num="36" count="2" type="stmt"/>
        <line num="37" count="4" type="cond" truecount="2" falsecount="0"/>
        <line num="38" count="2" type="stmt"/>
        <line num="39" count="2" type="cond" truecount="1" falsecount="1"/>
        <line num="40" count="2" type="stmt"/>
        <line num="43" count="2" type="stmt"/>
        <line num="47" count="47" type="stmt"/>
        <line num="48" count="3" type="stmt"/>
        <line num="51" count="2" type="stmt"/>
        <line num="54" count="1" type="stmt"/>
        <line num="59" count="47" type="stmt"/>
        <line num="60" count="4" type="stmt"/>
        <line num="61" count="4" type="stmt"/>
        <line num="62" count="4" type="stmt"/>
        <line num="63" count="4" type="stmt"/>
        <line num="64" count="4" type="stmt"/>
        <line num="65" count="4" type="stmt"/>
        <line num="66" count="4" type="stmt"/>
        <line num="67" count="4" type="stmt"/>
        <line num="74" count="4" type="stmt"/>
        <line num="75" count="4" type="cond" truecount="2" falsecount="0"/>
        <line num="76" count="2" type="stmt"/>
        <line num="78" count="2" type="stmt"/>
        <line num="83" count="47" type="stmt"/>
        <line num="84" count="4" type="stmt"/>
        <line num="85" count="4" type="stmt"/>
        <line num="86" count="4" type="stmt"/>
        <line num="87" count="4" type="stmt"/>
      </file>
    </package>
  </project>
</coverage>
