{"/Users/masakazutoyoyama/Documents/自己学習/アプリ開発/EC_with_node/front/src/apis/firebase/index.ts": {"path":"/Users/masakazutoyoyama/Documents/自己学習/アプリ開発/EC_with_node/front/src/apis/firebase/index.ts","statementMap":{"0":{"start":{"line":5,"column":0},"end":{"line":5,"column":39}},"1":{"start":{"line":6,"column":20},"end":{"line":6,"column":35}},"2":{"start":{"line":7,"column":34},"end":{"line":7,"column":72}}},"fnMap":{},"branchMap":{},"s":{"0":36,"1":36,"2":36},"f":{},"b":{},"_coverageSchema":"1a1c01bbd47fc00a2c39e90264f33305004495a9","hash":"356c8f430b37b8e0f8176d4807f62c946d36a480"}
,"/Users/masakazutoyoyama/Documents/自己学習/アプリ開発/EC_with_node/front/src/app/store.ts": {"path":"/Users/masakazutoyoyama/Documents/自己学習/アプリ開発/EC_with_node/front/src/app/store.ts","statementMap":{"0":{"start":{"line":10,"column":21},"end":{"line":20,"column":2}}},"fnMap":{},"branchMap":{},"s":{"0":27},"f":{},"b":{},"_coverageSchema":"1a1c01bbd47fc00a2c39e90264f33305004495a9","hash":"63e45fb04901265d0a2493b64a6c964f34ea51e3"}
,"/Users/masakazutoyoyama/Documents/自己学習/アプリ開発/EC_with_node/front/src/components/atoms/ZipcodeInputHookForm.tsx": {"path":"/Users/masakazutoyoyama/Documents/自己学習/アプリ開発/EC_with_node/front/src/components/atoms/ZipcodeInputHookForm.tsx","statementMap":{"0":{"start":{"line":23,"column":40},"end":{"line":62,"column":1}},"1":{"start":{"line":31,"column":21},"end":{"line":43,"column":3}},"2":{"start":{"line":32,"column":20},"end":{"line":32,"column":40}},"3":{"start":{"line":33,"column":4},"end":{"line":42,"column":9}},"4":{"start":{"line":35,"column":8},"end":{"line":35,"column":37}},"5":{"start":{"line":38,"column":8},"end":{"line":41,"column":11}},"6":{"start":{"line":44,"column":2},"end":{"line":61,"column":4}},"7":{"start":{"line":50,"column":31},"end":{"line":50,"column":68}},"8":{"start":{"line":52,"column":44},"end":{"line":52,"column":56}}},"fnMap":{"0":{"name":"(anonymous_0)","decl":{"start":{"line":23,"column":40},"end":{"line":23,"column":41}},"loc":{"start":{"line":29,"column":6},"end":{"line":62,"column":1}},"line":29},"1":{"name":"(anonymous_1)","decl":{"start":{"line":31,"column":21},"end":{"line":31,"column":22}},"loc":{"start":{"line":31,"column":27},"end":{"line":43,"column":3}},"line":31},"2":{"name":"(anonymous_2)","decl":{"start":{"line":34,"column":12},"end":{"line":34,"column":13}},"loc":{"start":{"line":34,"column":25},"end":{"line":36,"column":7}},"line":34},"3":{"name":"(anonymous_3)","decl":{"start":{"line":37,"column":13},"end":{"line":37,"column":14}},"loc":{"start":{"line":37,"column":20},"end":{"line":42,"column":7}},"line":37},"4":{"name":"(anonymous_4)","decl":{"start":{"line":50,"column":16},"end":{"line":50,"column":17}},"loc":{"start":{"line":50,"column":31},"end":{"line":50,"column":68}},"line":50},"5":{"name":"(anonymous_5)","decl":{"start":{"line":52,"column":38},"end":{"line":52,"column":39}},"loc":{"start":{"line":52,"column":44},"end":{"line":52,"column":56}},"line":52}},"branchMap":{"0":{"loc":{"start":{"line":53,"column":7},"end":{"line":59,"column":7}},"type":"binary-expr","locations":[{"start":{"line":53,"column":7},"end":{"line":53,"column":26}},{"start":{"line":54,"column":8},"end":{"line":58,"column":12}}],"line":53},"1":{"loc":{"start":{"line":55,"column":11},"end":{"line":55,"column":55}},"type":"binary-expr","locations":[{"start":{"line":55,"column":11},"end":{"line":55,"column":36}},{"start":{"line":55,"column":40},"end":{"line":55,"column":55}}],"line":55},"2":{"loc":{"start":{"line":56,"column":11},"end":{"line":56,"column":60}},"type":"binary-expr","locations":[{"start":{"line":56,"column":11},"end":{"line":56,"column":35}},{"start":{"line":56,"column":39},"end":{"line":56,"column":60}}],"line":56},"3":{"loc":{"start":{"line":57,"column":11},"end":{"line":57,"column":55}},"type":"binary-expr","locations":[{"start":{"line":57,"column":11},"end":{"line":57,"column":38}},{"start":{"line":57,"column":42},"end":{"line":57,"column":55}}],"line":57}},"s":{"0":46,"1":22,"2":1,"3":1,"4":0,"5":0,"6":22,"7":27,"8":1},"f":{"0":22,"1":1,"2":0,"3":0,"4":27,"5":1},"b":{"0":[22,1],"1":[1,0],"2":[1,1],"3":[1,0]},"_coverageSchema":"1a1c01bbd47fc00a2c39e90264f33305004495a9","hash":"911457c30636bdc0e8a38540cf8e60faf6bdbd57"}
,"/Users/masakazutoyoyama/Documents/自己学習/アプリ開発/EC_with_node/front/src/components/atoms/index.ts": {"path":"/Users/masakazutoyoyama/Documents/自己学習/アプリ開発/EC_with_node/front/src/components/atoms/index.ts","statementMap":{},"fnMap":{},"branchMap":{},"s":{},"f":{},"b":{},"_coverageSchema":"1a1c01bbd47fc00a2c39e90264f33305004495a9","hash":"0d2ae1063fdb775fd43a19196ddab0745baffc16"}
,"/Users/masakazutoyoyama/Documents/自己学習/アプリ開発/EC_with_node/front/src/components/molecules/CartItemsTableRow.tsx": {"path":"/Users/masakazutoyoyama/Documents/自己学習/アプリ開発/EC_with_node/front/src/components/molecules/CartItemsTableRow.tsx","statementMap":{"0":{"start":{"line":26,"column":37},"end":{"line":114,"column":1}},"1":{"start":{"line":35,"column":19},"end":{"line":35,"column":32}},"2":{"start":{"line":37,"column":27},"end":{"line":47,"column":3}},"3":{"start":{"line":38,"column":29},"end":{"line":38,"column":40}},"4":{"start":{"line":39,"column":4},"end":{"line":39,"column":72}},"5":{"start":{"line":39,"column":56},"end":{"line":39,"column":70}},"6":{"start":{"line":40,"column":4},"end":{"line":46,"column":5}},"7":{"start":{"line":41,"column":6},"end":{"line":43,"column":8}},"8":{"start":{"line":45,"column":6},"end":{"line":45,"column":34}},"9":{"start":{"line":49,"column":2},"end":{"line":113,"column":4}},"10":{"start":{"line":53,"column":10},"end":{"line":110,"column":11}},"11":{"start":{"line":87,"column":20},"end":{"line":91,"column":22}},"12":{"start":{"line":104,"column":37},"end":{"line":104,"column":71}}},"fnMap":{"0":{"name":"(anonymous_0)","decl":{"start":{"line":26,"column":37},"end":{"line":26,"column":38}},"loc":{"start":{"line":34,"column":6},"end":{"line":114,"column":1}},"line":34},"1":{"name":"(anonymous_1)","decl":{"start":{"line":37,"column":27},"end":{"line":37,"column":28}},"loc":{"start":{"line":37,"column":68},"end":{"line":47,"column":3}},"line":37},"2":{"name":"(anonymous_2)","decl":{"start":{"line":39,"column":46},"end":{"line":39,"column":47}},"loc":{"start":{"line":39,"column":56},"end":{"line":39,"column":70}},"line":39},"3":{"name":"(anonymous_3)","decl":{"start":{"line":52,"column":8},"end":{"line":52,"column":9}},"loc":{"start":{"line":53,"column":10},"end":{"line":110,"column":11}},"line":53},"4":{"name":"(anonymous_4)","decl":{"start":{"line":86,"column":40},"end":{"line":86,"column":41}},"loc":{"start":{"line":87,"column":20},"end":{"line":91,"column":22}},"line":87},"5":{"name":"(anonymous_5)","decl":{"start":{"line":104,"column":31},"end":{"line":104,"column":32}},"loc":{"start":{"line":104,"column":37},"end":{"line":104,"column":71}},"line":104}},"branchMap":{"0":{"loc":{"start":{"line":40,"column":4},"end":{"line":46,"column":5}},"type":"if","locations":[{"start":{"line":40,"column":4},"end":{"line":46,"column":5}},{"start":{"line":40,"column":4},"end":{"line":46,"column":5}}],"line":40},"1":{"loc":{"start":{"line":53,"column":10},"end":{"line":110,"column":11}},"type":"binary-expr","locations":[{"start":{"line":53,"column":10},"end":{"line":53,"column":38}},{"start":{"line":54,"column":12},"end":{"line":109,"column":23}}],"line":53},"2":{"loc":{"start":{"line":56,"column":15},"end":{"line":60,"column":15}},"type":"binary-expr","locations":[{"start":{"line":56,"column":15},"end":{"line":56,"column":43}},{"start":{"line":57,"column":16},"end":{"line":59,"column":28}}],"line":56},"3":{"loc":{"start":{"line":68,"column":15},"end":{"line":76,"column":15}},"type":"cond-expr","locations":[{"start":{"line":69,"column":16},"end":{"line":71,"column":28}},{"start":{"line":73,"column":16},"end":{"line":75,"column":28}}],"line":68},"4":{"loc":{"start":{"line":85,"column":17},"end":{"line":95,"column":17}},"type":"cond-expr","locations":[{"start":{"line":86,"column":18},"end":{"line":92,"column":20}},{"start":{"line":94,"column":18},"end":{"line":94,"column":31}}],"line":85},"5":{"loc":{"start":{"line":99,"column":15},"end":{"line":108,"column":15}},"type":"binary-expr","locations":[{"start":{"line":99,"column":15},"end":{"line":99,"column":43}},{"start":{"line":100,"column":16},"end":{"line":107,"column":28}}],"line":99},"6":{"loc":{"start":{"line":101,"column":19},"end":{"line":106,"column":19}},"type":"binary-expr","locations":[{"start":{"line":101,"column":19},"end":{"line":101,"column":24}},{"start":{"line":102,"column":20},"end":{"line":105,"column":22}}],"line":101}},"s":{"0":33,"1":5,"2":5,"3":1,"4":1,"5":2,"6":1,"7":1,"8":0,"9":5,"10":9,"11":9,"12":1},"f":{"0":5,"1":1,"2":2,"3":9,"4":9,"5":1},"b":{"0":[1,0],"1":[9,9],"2":[9,5],"3":[9,0],"4":[9,0],"5":[9,5],"6":[5,3]},"_coverageSchema":"1a1c01bbd47fc00a2c39e90264f33305004495a9","hash":"810e6dc02f627c21464a23575b5750ad48b062f9"}
,"/Users/masakazutoyoyama/Documents/自己学習/アプリ開発/EC_with_node/front/src/components/molecules/OrderItemsTableRow.tsx": {"path":"/Users/masakazutoyoyama/Documents/自己学習/アプリ開発/EC_with_node/front/src/components/molecules/OrderItemsTableRow.tsx","statementMap":{"0":{"start":{"line":29,"column":38},"end":{"line":104,"column":1}},"1":{"start":{"line":36,"column":19},"end":{"line":36,"column":32}},"2":{"start":{"line":38,"column":22},"end":{"line":46,"column":3}},"3":{"start":{"line":39,"column":4},"end":{"line":45,"column":5}},"4":{"start":{"line":40,"column":6},"end":{"line":42,"column":8}},"5":{"start":{"line":44,"column":6},"end":{"line":44,"column":13}},"6":{"start":{"line":47,"column":2},"end":{"line":103,"column":4}},"7":{"start":{"line":72,"column":45},"end":{"line":72,"column":68}},"8":{"start":{"line":88,"column":16},"end":{"line":97,"column":18}}},"fnMap":{"0":{"name":"(anonymous_0)","decl":{"start":{"line":29,"column":38},"end":{"line":29,"column":39}},"loc":{"start":{"line":35,"column":6},"end":{"line":104,"column":1}},"line":35},"1":{"name":"(anonymous_1)","decl":{"start":{"line":38,"column":22},"end":{"line":38,"column":23}},"loc":{"start":{"line":38,"column":39},"end":{"line":46,"column":3}},"line":38},"2":{"name":"(anonymous_2)","decl":{"start":{"line":72,"column":39},"end":{"line":72,"column":40}},"loc":{"start":{"line":72,"column":45},"end":{"line":72,"column":68}},"line":72},"3":{"name":"(anonymous_3)","decl":{"start":{"line":87,"column":33},"end":{"line":87,"column":34}},"loc":{"start":{"line":88,"column":16},"end":{"line":97,"column":18}},"line":88}},"branchMap":{"0":{"loc":{"start":{"line":39,"column":4},"end":{"line":45,"column":5}},"type":"if","locations":[{"start":{"line":39,"column":4},"end":{"line":45,"column":5}},{"start":{"line":39,"column":4},"end":{"line":45,"column":5}}],"line":39},"1":{"loc":{"start":{"line":56,"column":9},"end":{"line":58,"column":9}},"type":"binary-expr","locations":[{"start":{"line":56,"column":9},"end":{"line":56,"column":45}},{"start":{"line":57,"column":10},"end":{"line":57,"column":47}}],"line":56},"2":{"loc":{"start":{"line":59,"column":9},"end":{"line":61,"column":9}},"type":"binary-expr","locations":[{"start":{"line":59,"column":9},"end":{"line":59,"column":43}},{"start":{"line":60,"column":10},"end":{"line":60,"column":51}}],"line":59},"3":{"loc":{"start":{"line":62,"column":9},"end":{"line":64,"column":9}},"type":"binary-expr","locations":[{"start":{"line":62,"column":9},"end":{"line":62,"column":50}},{"start":{"line":63,"column":10},"end":{"line":63,"column":50}}],"line":62},"4":{"loc":{"start":{"line":65,"column":9},"end":{"line":67,"column":9}},"type":"binary-expr","locations":[{"start":{"line":65,"column":9},"end":{"line":65,"column":48}},{"start":{"line":66,"column":10},"end":{"line":66,"column":49}}],"line":65},"5":{"loc":{"start":{"line":68,"column":9},"end":{"line":70,"column":9}},"type":"binary-expr","locations":[{"start":{"line":68,"column":9},"end":{"line":68,"column":48}},{"start":{"line":69,"column":10},"end":{"line":69,"column":52}}],"line":68},"6":{"loc":{"start":{"line":71,"column":9},"end":{"line":73,"column":9}},"type":"binary-expr","locations":[{"start":{"line":71,"column":9},"end":{"line":71,"column":50}},{"start":{"line":72,"column":10},"end":{"line":72,"column":72}}],"line":71},"7":{"loc":{"start":{"line":86,"column":13},"end":{"line":98,"column":16}},"type":"binary-expr","locations":[{"start":{"line":86,"column":13},"end":{"line":86,"column":41}},{"start":{"line":87,"column":14},"end":{"line":98,"column":16}}],"line":86}},"s":{"0":33,"1":2,"2":2,"3":1,"4":1,"5":0,"6":2,"7":1,"8":2},"f":{"0":2,"1":1,"2":1,"3":2},"b":{"0":[1,0],"1":[2,0],"2":[2,0],"3":[2,2],"4":[2,0],"5":[2,0],"6":[2,2],"7":[2,2]},"_coverageSchema":"1a1c01bbd47fc00a2c39e90264f33305004495a9","hash":"3a4e6c138fcde0d2db674498fc39e6cec436d23f"}
,"/Users/masakazutoyoyama/Documents/自己学習/アプリ開発/EC_with_node/front/src/components/molecules/ToppingFormWrapper.tsx": {"path":"/Users/masakazutoyoyama/Documents/自己学習/アプリ開発/EC_with_node/front/src/components/molecules/ToppingFormWrapper.tsx","statementMap":{"0":{"start":{"line":13,"column":38},"end":{"line":33,"column":1}},"1":{"start":{"line":18,"column":2},"end":{"line":32,"column":4}},"2":{"start":{"line":24,"column":8},"end":{"line":29,"column":10}}},"fnMap":{"0":{"name":"(anonymous_0)","decl":{"start":{"line":13,"column":38},"end":{"line":13,"column":39}},"loc":{"start":{"line":17,"column":6},"end":{"line":33,"column":1}},"line":17},"1":{"name":"(anonymous_1)","decl":{"start":{"line":23,"column":20},"end":{"line":23,"column":21}},"loc":{"start":{"line":24,"column":8},"end":{"line":29,"column":10}},"line":24}},"branchMap":{},"s":{"0":33,"1":2,"2":1},"f":{"0":2,"1":1},"b":{},"_coverageSchema":"1a1c01bbd47fc00a2c39e90264f33305004495a9","hash":"170f3e893412ee10df7f3e4006c7b9606632080f"}
,"/Users/masakazutoyoyama/Documents/自己学習/アプリ開発/EC_with_node/front/src/components/molecules/ToppingsTableCell.tsx": {"path":"/Users/masakazutoyoyama/Documents/自己学習/アプリ開発/EC_with_node/front/src/components/molecules/ToppingsTableCell.tsx","statementMap":{"0":{"start":{"line":9,"column":37},"end":{"line":27,"column":1}},"1":{"start":{"line":10,"column":2},"end":{"line":26,"column":4}},"2":{"start":{"line":14,"column":10},"end":{"line":23,"column":11}}},"fnMap":{"0":{"name":"(anonymous_0)","decl":{"start":{"line":9,"column":37},"end":{"line":9,"column":38}},"loc":{"start":{"line":9,"column":68},"end":{"line":27,"column":1}},"line":9},"1":{"name":"(anonymous_1)","decl":{"start":{"line":13,"column":8},"end":{"line":13,"column":9}},"loc":{"start":{"line":14,"column":10},"end":{"line":23,"column":11}},"line":14}},"branchMap":{"0":{"loc":{"start":{"line":14,"column":10},"end":{"line":23,"column":11}},"type":"binary-expr","locations":[{"start":{"line":14,"column":10},"end":{"line":14,"column":47}},{"start":{"line":15,"column":12},"end":{"line":22,"column":18}}],"line":14},"1":{"loc":{"start":{"line":17,"column":15},"end":{"line":21,"column":15}},"type":"cond-expr","locations":[{"start":{"line":18,"column":16},"end":{"line":18,"column":46}},{"start":{"line":20,"column":16},"end":{"line":20,"column":46}}],"line":17}},"s":{"0":33,"1":11,"2":11},"f":{"0":11,"1":11},"b":{"0":[11,2],"1":[1,1]},"_coverageSchema":"1a1c01bbd47fc00a2c39e90264f33305004495a9","hash":"650e22deb1dc8255017ae2b63c704d4557d875b1"}
,"/Users/masakazutoyoyama/Documents/自己学習/アプリ開発/EC_with_node/front/src/components/molecules/index.ts": {"path":"/Users/masakazutoyoyama/Documents/自己学習/アプリ開発/EC_with_node/front/src/components/molecules/index.ts","statementMap":{},"fnMap":{},"branchMap":{},"s":{},"f":{},"b":{},"_coverageSchema":"1a1c01bbd47fc00a2c39e90264f33305004495a9","hash":"41568f8e4ae863e40186926aad36800cf7c6caed"}
,"/Users/masakazutoyoyama/Documents/自己学習/アプリ開発/EC_with_node/front/src/components/organisms/CartItemsTable.tsx": {"path":"/Users/masakazutoyoyama/Documents/自己学習/アプリ開発/EC_with_node/front/src/components/organisms/CartItemsTable.tsx","statementMap":{"0":{"start":{"line":16,"column":34},"end":{"line":52,"column":1}},"1":{"start":{"line":17,"column":2},"end":{"line":51,"column":4}},"2":{"start":{"line":32,"column":12},"end":{"line":46,"column":13}},"3":{"start":{"line":34,"column":16},"end":{"line":45,"column":17}}},"fnMap":{"0":{"name":"(anonymous_0)","decl":{"start":{"line":16,"column":34},"end":{"line":16,"column":35}},"loc":{"start":{"line":16,"column":76},"end":{"line":52,"column":1}},"line":16},"1":{"name":"(anonymous_1)","decl":{"start":{"line":31,"column":30},"end":{"line":31,"column":31}},"loc":{"start":{"line":32,"column":12},"end":{"line":46,"column":13}},"line":32},"2":{"name":"(anonymous_2)","decl":{"start":{"line":33,"column":14},"end":{"line":33,"column":15}},"loc":{"start":{"line":34,"column":16},"end":{"line":45,"column":17}},"line":34}},"branchMap":{"0":{"loc":{"start":{"line":34,"column":16},"end":{"line":45,"column":17}},"type":"binary-expr","locations":[{"start":{"line":34,"column":16},"end":{"line":34,"column":44}},{"start":{"line":35,"column":18},"end":{"line":44,"column":20}}],"line":34}},"s":{"0":18,"1":1,"2":1,"3":1},"f":{"0":1,"1":1,"2":1},"b":{"0":[1,1]},"_coverageSchema":"1a1c01bbd47fc00a2c39e90264f33305004495a9","hash":"b30a86cfd221ec2dbf1c30f24af0264905f02cbe"}
,"/Users/masakazutoyoyama/Documents/自己学習/アプリ開発/EC_with_node/front/src/components/organisms/OrderItemsTable.tsx": {"path":"/Users/masakazutoyoyama/Documents/自己学習/アプリ開発/EC_with_node/front/src/components/organisms/OrderItemsTable.tsx","statementMap":{"0":{"start":{"line":13,"column":35},"end":{"line":40,"column":1}},"1":{"start":{"line":14,"column":2},"end":{"line":39,"column":4}},"2":{"start":{"line":27,"column":12},"end":{"line":34,"column":14}}},"fnMap":{"0":{"name":"(anonymous_0)","decl":{"start":{"line":13,"column":35},"end":{"line":13,"column":36}},"loc":{"start":{"line":13,"column":73},"end":{"line":40,"column":1}},"line":13},"1":{"name":"(anonymous_1)","decl":{"start":{"line":26,"column":22},"end":{"line":26,"column":23}},"loc":{"start":{"line":27,"column":12},"end":{"line":34,"column":14}},"line":27}},"branchMap":{},"s":{"0":18,"1":1,"2":1},"f":{"0":1,"1":1},"b":{},"_coverageSchema":"1a1c01bbd47fc00a2c39e90264f33305004495a9","hash":"8d5145bf2675ff09bf414c729ed7c0907aaf29ab"}
,"/Users/masakazutoyoyama/Documents/自己学習/アプリ開発/EC_with_node/front/src/components/organisms/Sidenav.tsx": {"path":"/Users/masakazutoyoyama/Documents/自己学習/アプリ開発/EC_with_node/front/src/components/organisms/Sidenav.tsx","statementMap":{"0":{"start":{"line":22,"column":18},"end":{"line":29,"column":2}},"1":{"start":{"line":36,"column":32},"end":{"line":39,"column":1}},"2":{"start":{"line":40,"column":36},"end":{"line":48,"column":1}},"3":{"start":{"line":49,"column":37},"end":{"line":56,"column":1}},"4":{"start":{"line":58,"column":20},"end":{"line":86,"column":1}},"5":{"start":{"line":59,"column":22},"end":{"line":59,"column":51}},"6":{"start":{"line":60,"column":19},"end":{"line":60,"column":35}},"7":{"start":{"line":61,"column":14},"end":{"line":61,"column":39}},"8":{"start":{"line":62,"column":28},"end":{"line":62,"column":42}},"9":{"start":{"line":64,"column":2},"end":{"line":72,"column":12}},"10":{"start":{"line":65,"column":4},"end":{"line":71,"column":5}},"11":{"start":{"line":66,"column":6},"end":{"line":66,"column":26}},"12":{"start":{"line":67,"column":11},"end":{"line":71,"column":5}},"13":{"start":{"line":68,"column":6},"end":{"line":68,"column":25}},"14":{"start":{"line":70,"column":6},"end":{"line":70,"column":21}},"15":{"start":{"line":73,"column":2},"end":{"line":85,"column":4}},"16":{"start":{"line":79,"column":10},"end":{"line":79,"column":34}},"17":{"start":{"line":93,"column":41},"end":{"line":147,"column":1}},"18":{"start":{"line":94,"column":18},"end":{"line":94,"column":29}},"19":{"start":{"line":95,"column":19},"end":{"line":95,"column":35}},"20":{"start":{"line":96,"column":18},"end":{"line":96,"column":30}},"21":{"start":{"line":97,"column":15},"end":{"line":100,"column":3}},"22":{"start":{"line":98,"column":4},"end":{"line":98,"column":28}},"23":{"start":{"line":99,"column":4},"end":{"line":99,"column":23}},"24":{"start":{"line":101,"column":2},"end":{"line":146,"column":4}},"25":{"start":{"line":108,"column":14},"end":{"line":108,"column":37}},"26":{"start":{"line":120,"column":14},"end":{"line":120,"column":29}},"27":{"start":{"line":133,"column":10},"end":{"line":142,"column":21}},"28":{"start":{"line":137,"column":14},"end":{"line":137,"column":30}}},"fnMap":{"0":{"name":"(anonymous_0)","decl":{"start":{"line":58,"column":20},"end":{"line":58,"column":21}},"loc":{"start":{"line":58,"column":26},"end":{"line":86,"column":1}},"line":58},"1":{"name":"(anonymous_1)","decl":{"start":{"line":64,"column":12},"end":{"line":64,"column":13}},"loc":{"start":{"line":64,"column":18},"end":{"line":72,"column":3}},"line":64},"2":{"name":"(anonymous_2)","decl":{"start":{"line":78,"column":17},"end":{"line":78,"column":18}},"loc":{"start":{"line":78,"column":23},"end":{"line":80,"column":9}},"line":78},"3":{"name":"(anonymous_3)","decl":{"start":{"line":93,"column":41},"end":{"line":93,"column":42}},"loc":{"start":{"line":93,"column":61},"end":{"line":147,"column":1}},"line":93},"4":{"name":"(anonymous_4)","decl":{"start":{"line":97,"column":15},"end":{"line":97,"column":16}},"loc":{"start":{"line":97,"column":33},"end":{"line":100,"column":3}},"line":97},"5":{"name":"(anonymous_5)","decl":{"start":{"line":107,"column":21},"end":{"line":107,"column":22}},"loc":{"start":{"line":107,"column":27},"end":{"line":109,"column":13}},"line":107},"6":{"name":"(anonymous_6)","decl":{"start":{"line":119,"column":21},"end":{"line":119,"column":22}},"loc":{"start":{"line":119,"column":27},"end":{"line":121,"column":13}},"line":119},"7":{"name":"(anonymous_7)","decl":{"start":{"line":132,"column":19},"end":{"line":132,"column":20}},"loc":{"start":{"line":133,"column":10},"end":{"line":142,"column":21}},"line":133},"8":{"name":"(anonymous_8)","decl":{"start":{"line":136,"column":21},"end":{"line":136,"column":22}},"loc":{"start":{"line":136,"column":27},"end":{"line":138,"column":13}},"line":136}},"branchMap":{"0":{"loc":{"start":{"line":65,"column":4},"end":{"line":71,"column":5}},"type":"if","locations":[{"start":{"line":65,"column":4},"end":{"line":71,"column":5}},{"start":{"line":65,"column":4},"end":{"line":71,"column":5}}],"line":65},"1":{"loc":{"start":{"line":67,"column":11},"end":{"line":71,"column":5}},"type":"if","locations":[{"start":{"line":67,"column":11},"end":{"line":71,"column":5}},{"start":{"line":67,"column":11},"end":{"line":71,"column":5}}],"line":67},"2":{"loc":{"start":{"line":82,"column":9},"end":{"line":82,"column":66}},"type":"binary-expr","locations":[{"start":{"line":82,"column":9},"end":{"line":82,"column":20}},{"start":{"line":82,"column":24},"end":{"line":82,"column":66}}],"line":82},"3":{"loc":{"start":{"line":104,"column":9},"end":{"line":128,"column":9}},"type":"cond-expr","locations":[{"start":{"line":105,"column":10},"end":{"line":115,"column":21}},{"start":{"line":117,"column":10},"end":{"line":127,"column":21}}],"line":104}},"s":{"0":18,"1":18,"2":18,"3":18,"4":18,"5":10,"6":10,"7":10,"8":10,"9":10,"10":5,"11":0,"12":5,"13":5,"14":0,"15":10,"16":0,"17":18,"18":0,"19":0,"20":0,"21":0,"22":0,"23":0,"24":0,"25":0,"26":0,"27":0,"28":0},"f":{"0":10,"1":5,"2":0,"3":0,"4":0,"5":0,"6":0,"7":0,"8":0},"b":{"0":[0,5],"1":[5,0],"2":[10,0],"3":[0,0]},"_coverageSchema":"1a1c01bbd47fc00a2c39e90264f33305004495a9","hash":"a4389bd83f9484f962334eb0c287ed21a7318780"}
,"/Users/masakazutoyoyama/Documents/自己学習/アプリ開発/EC_with_node/front/src/components/organisms/index.ts": {"path":"/Users/masakazutoyoyama/Documents/自己学習/アプリ開発/EC_with_node/front/src/components/organisms/index.ts","statementMap":{},"fnMap":{},"branchMap":{},"s":{},"f":{},"b":{},"_coverageSchema":"1a1c01bbd47fc00a2c39e90264f33305004495a9","hash":"1b0dfd8644d6effbb29a9285302f3b1fa377b35a"}
,"/Users/masakazutoyoyama/Documents/自己学習/アプリ開発/EC_with_node/front/src/components/organisms/admin/AdminHeaderBtns.tsx": {"path":"/Users/masakazutoyoyama/Documents/自己学習/アプリ開発/EC_with_node/front/src/components/organisms/admin/AdminHeaderBtns.tsx","statementMap":{"0":{"start":{"line":6,"column":28},"end":{"line":39,"column":1}},"1":{"start":{"line":7,"column":18},"end":{"line":7,"column":30}},"2":{"start":{"line":8,"column":2},"end":{"line":38,"column":4}},"3":{"start":{"line":16,"column":27},"end":{"line":16,"column":55}},"4":{"start":{"line":24,"column":27},"end":{"line":24,"column":55}},"5":{"start":{"line":32,"column":27},"end":{"line":32,"column":58}}},"fnMap":{"0":{"name":"(anonymous_0)","decl":{"start":{"line":6,"column":28},"end":{"line":6,"column":29}},"loc":{"start":{"line":6,"column":34},"end":{"line":39,"column":1}},"line":6},"1":{"name":"(anonymous_1)","decl":{"start":{"line":16,"column":21},"end":{"line":16,"column":22}},"loc":{"start":{"line":16,"column":27},"end":{"line":16,"column":55}},"line":16},"2":{"name":"(anonymous_2)","decl":{"start":{"line":24,"column":21},"end":{"line":24,"column":22}},"loc":{"start":{"line":24,"column":27},"end":{"line":24,"column":55}},"line":24},"3":{"name":"(anonymous_3)","decl":{"start":{"line":32,"column":21},"end":{"line":32,"column":22}},"loc":{"start":{"line":32,"column":27},"end":{"line":32,"column":58}},"line":32}},"branchMap":{},"s":{"0":19,"1":5,"2":5,"3":0,"4":0,"5":0},"f":{"0":5,"1":0,"2":0,"3":0},"b":{},"_coverageSchema":"1a1c01bbd47fc00a2c39e90264f33305004495a9","hash":"4969a98d0e2109dac19dc5ed4eb660584a9729fc"}
,"/Users/masakazutoyoyama/Documents/自己学習/アプリ開発/EC_with_node/front/src/components/organisms/admin/AdminItemsForm.tsx": {"path":"/Users/masakazutoyoyama/Documents/自己学習/アプリ開発/EC_with_node/front/src/components/organisms/admin/AdminItemsForm.tsx","statementMap":{"0":{"start":{"line":22,"column":34},"end":{"line":105,"column":1}},"1":{"start":{"line":23,"column":32},"end":{"line":23,"column":60}},"2":{"start":{"line":24,"column":19},"end":{"line":24,"column":35}},"3":{"start":{"line":34,"column":6},"end":{"line":43,"column":4}},"4":{"start":{"line":45,"column":45},"end":{"line":57,"column":3}},"5":{"start":{"line":46,"column":4},"end":{"line":46,"column":38}},"6":{"start":{"line":47,"column":4},"end":{"line":47,"column":38}},"7":{"start":{"line":48,"column":4},"end":{"line":48,"column":58}},"8":{"start":{"line":49,"column":4},"end":{"line":55,"column":7}},"9":{"start":{"line":56,"column":4},"end":{"line":56,"column":26}},"10":{"start":{"line":58,"column":2},"end":{"line":104,"column":4}}},"fnMap":{"0":{"name":"(anonymous_0)","decl":{"start":{"line":22,"column":34},"end":{"line":22,"column":35}},"loc":{"start":{"line":22,"column":49},"end":{"line":105,"column":1}},"line":22},"1":{"name":"(anonymous_1)","decl":{"start":{"line":45,"column":45},"end":{"line":45,"column":46}},"loc":{"start":{"line":45,"column":61},"end":{"line":57,"column":3}},"line":45}},"branchMap":{},"s":{"0":19,"1":2,"2":2,"3":2,"4":2,"5":0,"6":0,"7":0,"8":0,"9":0,"10":2},"f":{"0":2,"1":0},"b":{},"_coverageSchema":"1a1c01bbd47fc00a2c39e90264f33305004495a9","hash":"86e5015ee1a8e68c096670e0ade1956568ecb39b"}
,"/Users/masakazutoyoyama/Documents/自己学習/アプリ開発/EC_with_node/front/src/components/organisms/admin/AdminItemsTable.tsx": {"path":"/Users/masakazutoyoyama/Documents/自己学習/アプリ開発/EC_with_node/front/src/components/organisms/admin/AdminItemsTable.tsx","statementMap":{"0":{"start":{"line":18,"column":35},"end":{"line":63,"column":1}},"1":{"start":{"line":19,"column":19},"end":{"line":19,"column":32}},"2":{"start":{"line":20,"column":23},"end":{"line":22,"column":3}},"3":{"start":{"line":21,"column":4},"end":{"line":21,"column":39}},"4":{"start":{"line":23,"column":2},"end":{"line":62,"column":4}},"5":{"start":{"line":38,"column":12},"end":{"line":57,"column":23}},"6":{"start":{"line":55,"column":46},"end":{"line":55,"column":69}}},"fnMap":{"0":{"name":"(anonymous_0)","decl":{"start":{"line":18,"column":35},"end":{"line":18,"column":36}},"loc":{"start":{"line":18,"column":50},"end":{"line":63,"column":1}},"line":18},"1":{"name":"(anonymous_1)","decl":{"start":{"line":20,"column":23},"end":{"line":20,"column":24}},"loc":{"start":{"line":20,"column":40},"end":{"line":22,"column":3}},"line":20},"2":{"name":"(anonymous_2)","decl":{"start":{"line":37,"column":21},"end":{"line":37,"column":22}},"loc":{"start":{"line":38,"column":12},"end":{"line":57,"column":23}},"line":38},"3":{"name":"(anonymous_3)","decl":{"start":{"line":55,"column":40},"end":{"line":55,"column":41}},"loc":{"start":{"line":55,"column":46},"end":{"line":55,"column":69}},"line":55}},"branchMap":{},"s":{"0":19,"1":1,"2":1,"3":0,"4":1,"5":1,"6":0},"f":{"0":1,"1":0,"2":1,"3":0},"b":{},"_coverageSchema":"1a1c01bbd47fc00a2c39e90264f33305004495a9","hash":"3f34119a68c83ab1abff08cc22b3b834ceab1f41"}
,"/Users/masakazutoyoyama/Documents/自己学習/アプリ開発/EC_with_node/front/src/components/organisms/admin/AdminToppingsForm.tsx": {"path":"/Users/masakazutoyoyama/Documents/自己学習/アプリ開発/EC_with_node/front/src/components/organisms/admin/AdminToppingsForm.tsx","statementMap":{"0":{"start":{"line":22,"column":37},"end":{"line":89,"column":1}},"1":{"start":{"line":23,"column":19},"end":{"line":23,"column":32}},"2":{"start":{"line":29,"column":6},"end":{"line":36,"column":4}},"3":{"start":{"line":38,"column":2},"end":{"line":46,"column":34}},"4":{"start":{"line":39,"column":4},"end":{"line":45,"column":5}},"5":{"start":{"line":40,"column":6},"end":{"line":44,"column":9}},"6":{"start":{"line":48,"column":51},"end":{"line":50,"column":3}},"7":{"start":{"line":49,"column":4},"end":{"line":49,"column":49}},"8":{"start":{"line":51,"column":2},"end":{"line":88,"column":4}}},"fnMap":{"0":{"name":"(anonymous_0)","decl":{"start":{"line":22,"column":37},"end":{"line":22,"column":38}},"loc":{"start":{"line":22,"column":55},"end":{"line":89,"column":1}},"line":22},"1":{"name":"(anonymous_1)","decl":{"start":{"line":38,"column":12},"end":{"line":38,"column":13}},"loc":{"start":{"line":38,"column":18},"end":{"line":46,"column":3}},"line":38},"2":{"name":"(anonymous_2)","decl":{"start":{"line":48,"column":51},"end":{"line":48,"column":52}},"loc":{"start":{"line":48,"column":61},"end":{"line":50,"column":3}},"line":48}},"branchMap":{"0":{"loc":{"start":{"line":39,"column":4},"end":{"line":45,"column":5}},"type":"if","locations":[{"start":{"line":39,"column":4},"end":{"line":45,"column":5}},{"start":{"line":39,"column":4},"end":{"line":45,"column":5}}],"line":39}},"s":{"0":19,"1":2,"2":2,"3":2,"4":2,"5":0,"6":2,"7":0,"8":2},"f":{"0":2,"1":2,"2":0},"b":{"0":[0,2]},"_coverageSchema":"1a1c01bbd47fc00a2c39e90264f33305004495a9","hash":"6b8db31be9af040e720dd38761bf05ca9e94938d"}
,"/Users/masakazutoyoyama/Documents/自己学習/アプリ開発/EC_with_node/front/src/components/organisms/admin/AdminToppingsTable.tsx": {"path":"/Users/masakazutoyoyama/Documents/自己学習/アプリ開発/EC_with_node/front/src/components/organisms/admin/AdminToppingsTable.tsx","statementMap":{"0":{"start":{"line":20,"column":45},"end":{"line":64,"column":1}},"1":{"start":{"line":21,"column":19},"end":{"line":21,"column":32}},"2":{"start":{"line":22,"column":26},"end":{"line":24,"column":3}},"3":{"start":{"line":23,"column":4},"end":{"line":23,"column":47}},"4":{"start":{"line":25,"column":2},"end":{"line":63,"column":4}},"5":{"start":{"line":39,"column":12},"end":{"line":58,"column":23}},"6":{"start":{"line":55,"column":33},"end":{"line":55,"column":62}}},"fnMap":{"0":{"name":"(anonymous_0)","decl":{"start":{"line":20,"column":45},"end":{"line":20,"column":46}},"loc":{"start":{"line":20,"column":63},"end":{"line":64,"column":1}},"line":20},"1":{"name":"(anonymous_1)","decl":{"start":{"line":22,"column":26},"end":{"line":22,"column":27}},"loc":{"start":{"line":22,"column":43},"end":{"line":24,"column":3}},"line":22},"2":{"name":"(anonymous_2)","decl":{"start":{"line":38,"column":24},"end":{"line":38,"column":25}},"loc":{"start":{"line":39,"column":12},"end":{"line":58,"column":23}},"line":39},"3":{"name":"(anonymous_3)","decl":{"start":{"line":55,"column":27},"end":{"line":55,"column":28}},"loc":{"start":{"line":55,"column":33},"end":{"line":55,"column":62}},"line":55}},"branchMap":{},"s":{"0":19,"1":1,"2":1,"3":0,"4":1,"5":1,"6":0},"f":{"0":1,"1":0,"2":1,"3":0},"b":{},"_coverageSchema":"1a1c01bbd47fc00a2c39e90264f33305004495a9","hash":"03cf55e54f727f8aa73d9357c455f70fc787df67"}
,"/Users/masakazutoyoyama/Documents/自己学習/アプリ開発/EC_with_node/front/src/components/organisms/admin/AdminUsersTable.tsx": {"path":"/Users/masakazutoyoyama/Documents/自己学習/アプリ開発/EC_with_node/front/src/components/organisms/admin/AdminUsersTable.tsx","statementMap":{"0":{"start":{"line":18,"column":35},"end":{"line":59,"column":1}},"1":{"start":{"line":19,"column":18},"end":{"line":19,"column":30}},"2":{"start":{"line":20,"column":2},"end":{"line":58,"column":4}},"3":{"start":{"line":34,"column":12},"end":{"line":53,"column":23}},"4":{"start":{"line":50,"column":33},"end":{"line":50,"column":73}}},"fnMap":{"0":{"name":"(anonymous_0)","decl":{"start":{"line":18,"column":35},"end":{"line":18,"column":36}},"loc":{"start":{"line":18,"column":54},"end":{"line":59,"column":1}},"line":18},"1":{"name":"(anonymous_1)","decl":{"start":{"line":33,"column":25},"end":{"line":33,"column":26}},"loc":{"start":{"line":34,"column":12},"end":{"line":53,"column":23}},"line":34},"2":{"name":"(anonymous_2)","decl":{"start":{"line":50,"column":27},"end":{"line":50,"column":28}},"loc":{"start":{"line":50,"column":33},"end":{"line":50,"column":73}},"line":50}},"branchMap":{},"s":{"0":19,"1":2,"2":2,"3":1,"4":0},"f":{"0":2,"1":1,"2":0},"b":{},"_coverageSchema":"1a1c01bbd47fc00a2c39e90264f33305004495a9","hash":"8fb3ac07a7cf7a5993173e1fbadb563e68d3dcc0"}
,"/Users/masakazutoyoyama/Documents/自己学習/アプリ開発/EC_with_node/front/src/components/pages/Cart.tsx": {"path":"/Users/masakazutoyoyama/Documents/自己学習/アプリ開発/EC_with_node/front/src/components/pages/Cart.tsx","statementMap":{"0":{"start":{"line":16,"column":24},"end":{"line":84,"column":1}},"1":{"start":{"line":17,"column":18},"end":{"line":17,"column":30}},"2":{"start":{"line":18,"column":26},"end":{"line":18,"column":41}},"3":{"start":{"line":19,"column":38},"end":{"line":19,"column":49}},"4":{"start":{"line":20,"column":14},"end":{"line":20,"column":39}},"5":{"start":{"line":21,"column":19},"end":{"line":21,"column":49}},"6":{"start":{"line":22,"column":16},"end":{"line":22,"column":43}},"7":{"start":{"line":23,"column":19},"end":{"line":23,"column":49}},"8":{"start":{"line":24,"column":15},"end":{"line":24,"column":41}},"9":{"start":{"line":26,"column":2},"end":{"line":40,"column":20}},"10":{"start":{"line":27,"column":4},"end":{"line":39,"column":5}},"11":{"start":{"line":28,"column":18},"end":{"line":28,"column":19}},"12":{"start":{"line":29,"column":6},"end":{"line":37,"column":9}},"13":{"start":{"line":30,"column":8},"end":{"line":36,"column":10}},"14":{"start":{"line":38,"column":6},"end":{"line":38,"column":27}},"15":{"start":{"line":42,"column":24},"end":{"line":49,"column":3}},"16":{"start":{"line":43,"column":4},"end":{"line":48,"column":5}},"17":{"start":{"line":44,"column":6},"end":{"line":44,"column":20}},"18":{"start":{"line":46,"column":6},"end":{"line":46,"column":70}},"19":{"start":{"line":47,"column":6},"end":{"line":47,"column":29}},"20":{"start":{"line":50,"column":2},"end":{"line":83,"column":4}},"21":{"start":{"line":72,"column":49},"end":{"line":72,"column":67}}},"fnMap":{"0":{"name":"(anonymous_0)","decl":{"start":{"line":16,"column":24},"end":{"line":16,"column":25}},"loc":{"start":{"line":16,"column":30},"end":{"line":84,"column":1}},"line":16},"1":{"name":"(anonymous_1)","decl":{"start":{"line":26,"column":12},"end":{"line":26,"column":13}},"loc":{"start":{"line":26,"column":18},"end":{"line":40,"column":3}},"line":26},"2":{"name":"(anonymous_2)","decl":{"start":{"line":29,"column":28},"end":{"line":29,"column":29}},"loc":{"start":{"line":29,"column":42},"end":{"line":37,"column":7}},"line":29},"3":{"name":"(anonymous_3)","decl":{"start":{"line":42,"column":24},"end":{"line":42,"column":25}},"loc":{"start":{"line":42,"column":53},"end":{"line":49,"column":3}},"line":42},"4":{"name":"(anonymous_4)","decl":{"start":{"line":72,"column":43},"end":{"line":72,"column":44}},"loc":{"start":{"line":72,"column":49},"end":{"line":72,"column":67}},"line":72}},"branchMap":{"0":{"loc":{"start":{"line":27,"column":4},"end":{"line":39,"column":5}},"type":"if","locations":[{"start":{"line":27,"column":4},"end":{"line":39,"column":5}},{"start":{"line":27,"column":4},"end":{"line":39,"column":5}}],"line":27},"1":{"loc":{"start":{"line":43,"column":4},"end":{"line":48,"column":5}},"type":"if","locations":[{"start":{"line":43,"column":4},"end":{"line":48,"column":5}},{"start":{"line":43,"column":4},"end":{"line":48,"column":5}}],"line":43},"2":{"loc":{"start":{"line":53,"column":7},"end":{"line":81,"column":7}},"type":"cond-expr","locations":[{"start":{"line":54,"column":8},"end":{"line":78,"column":9}},{"start":{"line":80,"column":8},"end":{"line":80,"column":25}}],"line":53},"3":{"loc":{"start":{"line":54,"column":8},"end":{"line":78,"column":9}},"type":"cond-expr","locations":[{"start":{"line":55,"column":10},"end":{"line":75,"column":13}},{"start":{"line":77,"column":10},"end":{"line":77,"column":27}}],"line":54},"4":{"loc":{"start":{"line":65,"column":15},"end":{"line":73,"column":15}},"type":"cond-expr","locations":[{"start":{"line":66,"column":16},"end":{"line":70,"column":18}},{"start":{"line":72,"column":16},"end":{"line":72,"column":71}}],"line":65}},"s":{"0":8,"1":1,"2":1,"3":1,"4":1,"5":1,"6":1,"7":1,"8":1,"9":1,"10":1,"11":0,"12":0,"13":0,"14":0,"15":1,"16":0,"17":0,"18":0,"19":0,"20":1,"21":0},"f":{"0":1,"1":1,"2":0,"3":0,"4":0},"b":{"0":[0,1],"1":[0,0],"2":[0,1],"3":[0,0],"4":[0,0]},"_coverageSchema":"1a1c01bbd47fc00a2c39e90264f33305004495a9","hash":"d839b4676a8ccf459db710e3666e50d867a99930"}
,"/Users/masakazutoyoyama/Documents/自己学習/アプリ開発/EC_with_node/front/src/components/pages/ItemInfo.tsx": {"path":"/Users/masakazutoyoyama/Documents/自己学習/アプリ開発/EC_with_node/front/src/components/pages/ItemInfo.tsx","statementMap":{"0":{"start":{"line":28,"column":21},"end":{"line":145,"column":1}},"1":{"start":{"line":29,"column":19},"end":{"line":29,"column":32}},"2":{"start":{"line":30,"column":18},"end":{"line":30,"column":30}},"3":{"start":{"line":31,"column":14},"end":{"line":31,"column":39}},"4":{"start":{"line":32,"column":16},"end":{"line":32,"column":43}},"5":{"start":{"line":33,"column":19},"end":{"line":33,"column":49}},"6":{"start":{"line":34,"column":15},"end":{"line":34,"column":41}},"7":{"start":{"line":35,"column":44},"end":{"line":35,"column":71}},"8":{"start":{"line":36,"column":34},"end":{"line":36,"column":57}},"9":{"start":{"line":37,"column":32},"end":{"line":37,"column":43}},"10":{"start":{"line":38,"column":41},"end":{"line":38,"column":52}},"11":{"start":{"line":39,"column":38},"end":{"line":39,"column":49}},"12":{"start":{"line":41,"column":15},"end":{"line":45,"column":21}},"13":{"start":{"line":43,"column":4},"end":{"line":43,"column":53}},"14":{"start":{"line":43,"column":32},"end":{"line":43,"column":51}},"15":{"start":{"line":44,"column":4},"end":{"line":44,"column":17}},"16":{"start":{"line":47,"column":2},"end":{"line":58,"column":54}},"17":{"start":{"line":48,"column":4},"end":{"line":57,"column":5}},"18":{"start":{"line":49,"column":26},"end":{"line":55,"column":7}},"19":{"start":{"line":56,"column":6},"end":{"line":56,"column":27}},"20":{"start":{"line":60,"column":20},"end":{"line":113,"column":3}},"21":{"start":{"line":62,"column":42},"end":{"line":64,"column":5}},"22":{"start":{"line":63,"column":15},"end":{"line":63,"column":44}},"23":{"start":{"line":66,"column":33},"end":{"line":72,"column":5}},"24":{"start":{"line":74,"column":4},"end":{"line":112,"column":5}},"25":{"start":{"line":76,"column":6},"end":{"line":94,"column":7}},"26":{"start":{"line":77,"column":8},"end":{"line":82,"column":10}},"27":{"start":{"line":83,"column":8},"end":{"line":83,"column":30}},"28":{"start":{"line":87,"column":33},"end":{"line":91,"column":9}},"29":{"start":{"line":92,"column":8},"end":{"line":92,"column":54}},"30":{"start":{"line":93,"column":8},"end":{"line":93,"column":30}},"31":{"start":{"line":98,"column":6},"end":{"line":111,"column":7}},"32":{"start":{"line":99,"column":23},"end":{"line":102,"column":9}},"33":{"start":{"line":103,"column":8},"end":{"line":103,"column":36}},"34":{"start":{"line":104,"column":8},"end":{"line":104,"column":30}},"35":{"start":{"line":107,"column":33},"end":{"line":107,"column":44}},"36":{"start":{"line":108,"column":8},"end":{"line":108,"column":62}},"37":{"start":{"line":109,"column":8},"end":{"line":109,"column":36}},"38":{"start":{"line":110,"column":8},"end":{"line":110,"column":30}},"39":{"start":{"line":114,"column":2},"end":{"line":144,"column":4}},"40":{"start":{"line":140,"column":46},"end":{"line":140,"column":57}}},"fnMap":{"0":{"name":"(anonymous_0)","decl":{"start":{"line":28,"column":21},"end":{"line":28,"column":22}},"loc":{"start":{"line":28,"column":27},"end":{"line":145,"column":1}},"line":28},"1":{"name":"(anonymous_1)","decl":{"start":{"line":41,"column":23},"end":{"line":41,"column":24}},"loc":{"start":{"line":41,"column":39},"end":{"line":45,"column":3}},"line":41},"2":{"name":"(anonymous_2)","decl":{"start":{"line":43,"column":22},"end":{"line":43,"column":23}},"loc":{"start":{"line":43,"column":32},"end":{"line":43,"column":51}},"line":43},"3":{"name":"(anonymous_3)","decl":{"start":{"line":47,"column":12},"end":{"line":47,"column":13}},"loc":{"start":{"line":47,"column":18},"end":{"line":58,"column":3}},"line":47},"4":{"name":"(anonymous_4)","decl":{"start":{"line":60,"column":20},"end":{"line":60,"column":21}},"loc":{"start":{"line":60,"column":26},"end":{"line":113,"column":3}},"line":60},"5":{"name":"(anonymous_5)","decl":{"start":{"line":63,"column":6},"end":{"line":63,"column":7}},"loc":{"start":{"line":63,"column":15},"end":{"line":63,"column":44}},"line":63},"6":{"name":"(anonymous_6)","decl":{"start":{"line":140,"column":40},"end":{"line":140,"column":41}},"loc":{"start":{"line":140,"column":46},"end":{"line":140,"column":57}},"line":140}},"branchMap":{"0":{"loc":{"start":{"line":48,"column":4},"end":{"line":57,"column":5}},"type":"if","locations":[{"start":{"line":48,"column":4},"end":{"line":57,"column":5}},{"start":{"line":48,"column":4},"end":{"line":57,"column":5}}],"line":48},"1":{"loc":{"start":{"line":74,"column":4},"end":{"line":112,"column":5}},"type":"if","locations":[{"start":{"line":74,"column":4},"end":{"line":112,"column":5}},{"start":{"line":74,"column":4},"end":{"line":112,"column":5}}],"line":74},"2":{"loc":{"start":{"line":76,"column":6},"end":{"line":94,"column":7}},"type":"if","locations":[{"start":{"line":76,"column":6},"end":{"line":94,"column":7}},{"start":{"line":76,"column":6},"end":{"line":94,"column":7}}],"line":76},"3":{"loc":{"start":{"line":98,"column":6},"end":{"line":111,"column":7}},"type":"if","locations":[{"start":{"line":98,"column":6},"end":{"line":111,"column":7}},{"start":{"line":98,"column":6},"end":{"line":111,"column":7}}],"line":98}},"s":{"0":8,"1":1,"2":1,"3":1,"4":1,"5":1,"6":1,"7":1,"8":1,"9":1,"10":1,"11":1,"12":1,"13":1,"14":0,"15":1,"16":1,"17":1,"18":0,"19":0,"20":1,"21":0,"22":0,"23":0,"24":0,"25":0,"26":0,"27":0,"28":0,"29":0,"30":0,"31":0,"32":0,"33":0,"34":0,"35":0,"36":0,"37":0,"38":0,"39":1,"40":0},"f":{"0":1,"1":1,"2":0,"3":1,"4":0,"5":0,"6":0},"b":{"0":[0,1],"1":[0,0],"2":[0,0],"3":[0,0]},"_coverageSchema":"1a1c01bbd47fc00a2c39e90264f33305004495a9","hash":"de92ed9ec73c553161f78688aa47eabf4062f281"}
,"/Users/masakazutoyoyama/Documents/自己学習/アプリ開発/EC_with_node/front/src/components/pages/OrderHistory.tsx": {"path":"/Users/masakazutoyoyama/Documents/自己学習/アプリ開発/EC_with_node/front/src/components/pages/OrderHistory.tsx","statementMap":{"0":{"start":{"line":12,"column":25},"end":{"line":47,"column":1}},"1":{"start":{"line":13,"column":19},"end":{"line":13,"column":35}},"2":{"start":{"line":14,"column":18},"end":{"line":14,"column":30}},"3":{"start":{"line":15,"column":14},"end":{"line":15,"column":39}},"4":{"start":{"line":16,"column":16},"end":{"line":16,"column":43}},"5":{"start":{"line":17,"column":19},"end":{"line":17,"column":49}},"6":{"start":{"line":18,"column":17},"end":{"line":18,"column":45}},"7":{"start":{"line":20,"column":2},"end":{"line":22,"column":22}},"8":{"start":{"line":21,"column":4},"end":{"line":21,"column":46}},"9":{"start":{"line":24,"column":2},"end":{"line":30,"column":21}},"10":{"start":{"line":25,"column":4},"end":{"line":29,"column":5}},"11":{"start":{"line":26,"column":6},"end":{"line":26,"column":13}},"12":{"start":{"line":28,"column":6},"end":{"line":28,"column":24}},"13":{"start":{"line":32,"column":2},"end":{"line":46,"column":4}}},"fnMap":{"0":{"name":"(anonymous_0)","decl":{"start":{"line":12,"column":25},"end":{"line":12,"column":26}},"loc":{"start":{"line":12,"column":31},"end":{"line":47,"column":1}},"line":12},"1":{"name":"(anonymous_1)","decl":{"start":{"line":20,"column":12},"end":{"line":20,"column":13}},"loc":{"start":{"line":20,"column":18},"end":{"line":22,"column":3}},"line":20},"2":{"name":"(anonymous_2)","decl":{"start":{"line":24,"column":12},"end":{"line":24,"column":13}},"loc":{"start":{"line":24,"column":18},"end":{"line":30,"column":3}},"line":24}},"branchMap":{"0":{"loc":{"start":{"line":25,"column":4},"end":{"line":29,"column":5}},"type":"if","locations":[{"start":{"line":25,"column":4},"end":{"line":29,"column":5}},{"start":{"line":25,"column":4},"end":{"line":29,"column":5}}],"line":25},"1":{"loc":{"start":{"line":35,"column":7},"end":{"line":44,"column":7}},"type":"cond-expr","locations":[{"start":{"line":36,"column":8},"end":{"line":41,"column":10}},{"start":{"line":43,"column":8},"end":{"line":43,"column":27}}],"line":35}},"s":{"0":8,"1":1,"2":1,"3":1,"4":1,"5":1,"6":1,"7":1,"8":1,"9":1,"10":1,"11":0,"12":1,"13":1},"f":{"0":1,"1":1,"2":1},"b":{"0":[0,1],"1":[0,1]},"_coverageSchema":"1a1c01bbd47fc00a2c39e90264f33305004495a9","hash":"eb7f73986805827dc05f886de496f14a90571dd2"}
,"/Users/masakazutoyoyama/Documents/自己学習/アプリ開発/EC_with_node/front/src/components/pages/index.ts": {"path":"/Users/masakazutoyoyama/Documents/自己学習/アプリ開発/EC_with_node/front/src/components/pages/index.ts","statementMap":{},"fnMap":{},"branchMap":{},"s":{},"f":{},"b":{},"_coverageSchema":"1a1c01bbd47fc00a2c39e90264f33305004495a9","hash":"476f294a15e6757f7c3c340f3430a0dca0bc09ef"}
,"/Users/masakazutoyoyama/Documents/自己学習/アプリ開発/EC_with_node/front/src/components/pages/admin/Items.tsx": {"path":"/Users/masakazutoyoyama/Documents/自己学習/アプリ開発/EC_with_node/front/src/components/pages/admin/Items.tsx","statementMap":{"0":{"start":{"line":11,"column":18},"end":{"line":25,"column":1}},"1":{"start":{"line":12,"column":16},"end":{"line":12,"column":43}},"2":{"start":{"line":13,"column":2},"end":{"line":24,"column":4}}},"fnMap":{"0":{"name":"(anonymous_0)","decl":{"start":{"line":11,"column":18},"end":{"line":11,"column":19}},"loc":{"start":{"line":11,"column":24},"end":{"line":25,"column":1}},"line":11}},"branchMap":{"0":{"loc":{"start":{"line":18,"column":7},"end":{"line":22,"column":7}},"type":"cond-expr","locations":[{"start":{"line":19,"column":8},"end":{"line":19,"column":41}},{"start":{"line":21,"column":8},"end":{"line":21,"column":27}}],"line":18}},"s":{"0":9,"1":1,"2":1},"f":{"0":1},"b":{"0":[0,1]},"_coverageSchema":"1a1c01bbd47fc00a2c39e90264f33305004495a9","hash":"6da64ea044b9ea50f28c5cd4af5cf5e888f7c98d"}
,"/Users/masakazutoyoyama/Documents/自己学習/アプリ開発/EC_with_node/front/src/components/pages/admin/Toppings.tsx": {"path":"/Users/masakazutoyoyama/Documents/自己学習/アプリ開発/EC_with_node/front/src/components/pages/admin/Toppings.tsx","statementMap":{"0":{"start":{"line":11,"column":21},"end":{"line":25,"column":1}},"1":{"start":{"line":12,"column":19},"end":{"line":12,"column":49}},"2":{"start":{"line":13,"column":2},"end":{"line":24,"column":4}}},"fnMap":{"0":{"name":"(anonymous_0)","decl":{"start":{"line":11,"column":21},"end":{"line":11,"column":22}},"loc":{"start":{"line":11,"column":27},"end":{"line":25,"column":1}},"line":11}},"branchMap":{"0":{"loc":{"start":{"line":18,"column":7},"end":{"line":22,"column":7}},"type":"cond-expr","locations":[{"start":{"line":19,"column":8},"end":{"line":19,"column":50}},{"start":{"line":21,"column":8},"end":{"line":21,"column":30}}],"line":18}},"s":{"0":9,"1":1,"2":1},"f":{"0":1},"b":{"0":[0,1]},"_coverageSchema":"1a1c01bbd47fc00a2c39e90264f33305004495a9","hash":"6b2690b7fbb9b6f03829e84e291ab09da22d205f"}
,"/Users/masakazutoyoyama/Documents/自己学習/アプリ開発/EC_with_node/front/src/components/pages/admin/UserEdit.tsx": {"path":"/Users/masakazutoyoyama/Documents/自己学習/アプリ開発/EC_with_node/front/src/components/pages/admin/UserEdit.tsx","statementMap":{"0":{"start":{"line":17,"column":21},"end":{"line":74,"column":1}},"1":{"start":{"line":18,"column":41},"end":{"line":18,"column":52}},"2":{"start":{"line":19,"column":26},"end":{"line":19,"column":50}},"3":{"start":{"line":20,"column":17},"end":{"line":20,"column":45}},"4":{"start":{"line":21,"column":16},"end":{"line":21,"column":43}},"5":{"start":{"line":22,"column":19},"end":{"line":22,"column":49}},"6":{"start":{"line":23,"column":30},"end":{"line":23,"column":45}},"7":{"start":{"line":24,"column":20},"end":{"line":24,"column":51}},"8":{"start":{"line":25,"column":19},"end":{"line":25,"column":35}},"9":{"start":{"line":27,"column":2},"end":{"line":34,"column":36}},"10":{"start":{"line":28,"column":15},"end":{"line":28,"column":70}},"11":{"start":{"line":28,"column":46},"end":{"line":28,"column":69}},"12":{"start":{"line":29,"column":4},"end":{"line":29,"column":21}},"13":{"start":{"line":30,"column":4},"end":{"line":30,"column":48}},"14":{"start":{"line":31,"column":4},"end":{"line":33,"column":6}},"15":{"start":{"line":32,"column":6},"end":{"line":32,"column":30}},"16":{"start":{"line":35,"column":2},"end":{"line":73,"column":4}},"17":{"start":{"line":58,"column":45},"end":{"line":58,"column":63}}},"fnMap":{"0":{"name":"(anonymous_0)","decl":{"start":{"line":17,"column":21},"end":{"line":17,"column":22}},"loc":{"start":{"line":17,"column":27},"end":{"line":74,"column":1}},"line":17},"1":{"name":"(anonymous_1)","decl":{"start":{"line":27,"column":12},"end":{"line":27,"column":13}},"loc":{"start":{"line":27,"column":18},"end":{"line":34,"column":3}},"line":27},"2":{"name":"(anonymous_2)","decl":{"start":{"line":28,"column":32},"end":{"line":28,"column":33}},"loc":{"start":{"line":28,"column":46},"end":{"line":28,"column":69}},"line":28},"3":{"name":"(anonymous_3)","decl":{"start":{"line":31,"column":11},"end":{"line":31,"column":12}},"loc":{"start":{"line":31,"column":17},"end":{"line":33,"column":5}},"line":31},"4":{"name":"(anonymous_4)","decl":{"start":{"line":58,"column":39},"end":{"line":58,"column":40}},"loc":{"start":{"line":58,"column":45},"end":{"line":58,"column":63}},"line":58}},"branchMap":{"0":{"loc":{"start":{"line":39,"column":7},"end":{"line":71,"column":7}},"type":"binary-expr","locations":[{"start":{"line":39,"column":7},"end":{"line":39,"column":11}},{"start":{"line":40,"column":8},"end":{"line":70,"column":14}}],"line":39},"1":{"loc":{"start":{"line":59,"column":11},"end":{"line":69,"column":14}},"type":"binary-expr","locations":[{"start":{"line":59,"column":11},"end":{"line":59,"column":17}},{"start":{"line":60,"column":13},"end":{"line":69,"column":13}}],"line":59},"2":{"loc":{"start":{"line":60,"column":13},"end":{"line":69,"column":13}},"type":"cond-expr","locations":[{"start":{"line":61,"column":14},"end":{"line":66,"column":16}},{"start":{"line":68,"column":14},"end":{"line":68,"column":31}}],"line":60}},"s":{"0":9,"1":1,"2":1,"3":1,"4":1,"5":1,"6":1,"7":1,"8":1,"9":1,"10":1,"11":0,"12":1,"13":1,"14":1,"15":1,"16":1,"17":0},"f":{"0":1,"1":1,"2":0,"3":1,"4":0},"b":{"0":[1,0],"1":[0,0],"2":[0,0]},"_coverageSchema":"1a1c01bbd47fc00a2c39e90264f33305004495a9","hash":"489e3d84852332c62fa5bc96cf24d4413d95abb5"}
,"/Users/masakazutoyoyama/Documents/自己学習/アプリ開発/EC_with_node/front/src/components/pages/admin/Users.tsx": {"path":"/Users/masakazutoyoyama/Documents/自己学習/アプリ開発/EC_with_node/front/src/components/pages/admin/Users.tsx","statementMap":{"0":{"start":{"line":7,"column":18},"end":{"line":16,"column":1}},"1":{"start":{"line":8,"column":20},"end":{"line":8,"column":51}},"2":{"start":{"line":9,"column":2},"end":{"line":15,"column":4}}},"fnMap":{"0":{"name":"(anonymous_0)","decl":{"start":{"line":7,"column":18},"end":{"line":7,"column":19}},"loc":{"start":{"line":7,"column":24},"end":{"line":16,"column":1}},"line":7}},"branchMap":{},"s":{"0":9,"1":1,"2":1},"f":{"0":1},"b":{},"_coverageSchema":"1a1c01bbd47fc00a2c39e90264f33305004495a9","hash":"1bfebf27c010f090fc5dfbd398a24da5c92322e3"}
,"/Users/masakazutoyoyama/Documents/自己学習/アプリ開発/EC_with_node/front/src/features/cart/cartSlice.ts": {"path":"/Users/masakazutoyoyama/Documents/自己学習/アプリ開発/EC_with_node/front/src/features/cart/cartSlice.ts","statementMap":{"0":{"start":{"line":38,"column":32},"end":{"line":42,"column":1}},"1":{"start":{"line":45,"column":30},"end":{"line":56,"column":2}},"2":{"start":{"line":50,"column":2},"end":{"line":55,"column":3}},"3":{"start":{"line":51,"column":17},"end":{"line":51,"column":38}},"4":{"start":{"line":52,"column":4},"end":{"line":52,"column":16}},"5":{"start":{"line":54,"column":4},"end":{"line":54,"column":48}},"6":{"start":{"line":59,"column":34},"end":{"line":70,"column":2}},"7":{"start":{"line":64,"column":2},"end":{"line":69,"column":3}},"8":{"start":{"line":65,"column":17},"end":{"line":65,"column":57}},"9":{"start":{"line":66,"column":4},"end":{"line":66,"column":16}},"10":{"start":{"line":68,"column":4},"end":{"line":68,"column":52}},"11":{"start":{"line":73,"column":39},"end":{"line":84,"column":2}},"12":{"start":{"line":78,"column":2},"end":{"line":83,"column":3}},"13":{"start":{"line":79,"column":17},"end":{"line":79,"column":57}},"14":{"start":{"line":80,"column":4},"end":{"line":80,"column":16}},"15":{"start":{"line":82,"column":4},"end":{"line":82,"column":52}},"16":{"start":{"line":87,"column":31},"end":{"line":98,"column":2}},"17":{"start":{"line":92,"column":2},"end":{"line":97,"column":3}},"18":{"start":{"line":93,"column":21},"end":{"line":93,"column":44}},"19":{"start":{"line":94,"column":4},"end":{"line":94,"column":20}},"20":{"start":{"line":96,"column":4},"end":{"line":96,"column":52}},"21":{"start":{"line":100,"column":25},"end":{"line":164,"column":2}},"22":{"start":{"line":105,"column":6},"end":{"line":105,"column":26}},"23":{"start":{"line":108,"column":6},"end":{"line":108,"column":35}},"24":{"start":{"line":109,"column":6},"end":{"line":109,"column":19}},"25":{"start":{"line":112,"column":6},"end":{"line":112,"column":28}},"26":{"start":{"line":113,"column":6},"end":{"line":113,"column":28}},"27":{"start":{"line":114,"column":6},"end":{"line":114,"column":19}},"28":{"start":{"line":119,"column":4},"end":{"line":121,"column":7}},"29":{"start":{"line":120,"column":6},"end":{"line":120,"column":31}},"30":{"start":{"line":122,"column":4},"end":{"line":126,"column":7}},"31":{"start":{"line":123,"column":6},"end":{"line":123,"column":28}},"32":{"start":{"line":124,"column":6},"end":{"line":124,"column":35}},"33":{"start":{"line":125,"column":6},"end":{"line":125,"column":28}},"34":{"start":{"line":127,"column":4},"end":{"line":132,"column":7}},"35":{"start":{"line":128,"column":6},"end":{"line":128,"column":30}},"36":{"start":{"line":129,"column":6},"end":{"line":131,"column":7}},"37":{"start":{"line":130,"column":8},"end":{"line":130,"column":49}},"38":{"start":{"line":134,"column":4},"end":{"line":136,"column":7}},"39":{"start":{"line":135,"column":6},"end":{"line":135,"column":31}},"40":{"start":{"line":137,"column":4},"end":{"line":141,"column":7}},"41":{"start":{"line":138,"column":6},"end":{"line":138,"column":28}},"42":{"start":{"line":139,"column":6},"end":{"line":139,"column":35}},"43":{"start":{"line":140,"column":6},"end":{"line":140,"column":28}},"44":{"start":{"line":142,"column":4},"end":{"line":147,"column":7}},"45":{"start":{"line":143,"column":6},"end":{"line":143,"column":30}},"46":{"start":{"line":144,"column":6},"end":{"line":146,"column":7}},"47":{"start":{"line":145,"column":8},"end":{"line":145,"column":49}},"48":{"start":{"line":149,"column":4},"end":{"line":151,"column":7}},"49":{"start":{"line":150,"column":6},"end":{"line":150,"column":31}},"50":{"start":{"line":152,"column":4},"end":{"line":156,"column":7}},"51":{"start":{"line":153,"column":6},"end":{"line":153,"column":28}},"52":{"start":{"line":154,"column":6},"end":{"line":154,"column":35}},"53":{"start":{"line":155,"column":6},"end":{"line":155,"column":28}},"54":{"start":{"line":157,"column":4},"end":{"line":162,"column":7}},"55":{"start":{"line":158,"column":6},"end":{"line":158,"column":30}},"56":{"start":{"line":159,"column":6},"end":{"line":161,"column":7}},"57":{"start":{"line":160,"column":8},"end":{"line":160,"column":49}},"58":{"start":{"line":166,"column":54},"end":{"line":166,"column":71}},"59":{"start":{"line":167,"column":26},"end":{"line":167,"column":64}},"60":{"start":{"line":167,"column":48},"end":{"line":167,"column":64}},"61":{"start":{"line":168,"column":32},"end":{"line":168,"column":71}},"62":{"start":{"line":168,"column":54},"end":{"line":168,"column":71}},"63":{"start":{"line":169,"column":34},"end":{"line":169,"column":75}},"64":{"start":{"line":169,"column":56},"end":{"line":169,"column":75}}},"fnMap":{"0":{"name":"(anonymous_0)","decl":{"start":{"line":49,"column":16},"end":{"line":49,"column":17}},"loc":{"start":{"line":49,"column":56},"end":{"line":56,"column":1}},"line":49},"1":{"name":"(anonymous_1)","decl":{"start":{"line":63,"column":14},"end":{"line":63,"column":15}},"loc":{"start":{"line":63,"column":64},"end":{"line":70,"column":1}},"line":63},"2":{"name":"(anonymous_2)","decl":{"start":{"line":77,"column":14},"end":{"line":77,"column":15}},"loc":{"start":{"line":77,"column":64},"end":{"line":84,"column":1}},"line":77},"3":{"name":"(anonymous_3)","decl":{"start":{"line":91,"column":17},"end":{"line":91,"column":18}},"loc":{"start":{"line":91,"column":58},"end":{"line":98,"column":1}},"line":91},"4":{"name":"(anonymous_4)","decl":{"start":{"line":104,"column":15},"end":{"line":104,"column":16}},"loc":{"start":{"line":104,"column":21},"end":{"line":106,"column":5}},"line":104},"5":{"name":"(anonymous_5)","decl":{"start":{"line":107,"column":13},"end":{"line":107,"column":14}},"loc":{"start":{"line":107,"column":32},"end":{"line":110,"column":5}},"line":107},"6":{"name":"(anonymous_6)","decl":{"start":{"line":111,"column":20},"end":{"line":111,"column":21}},"loc":{"start":{"line":111,"column":31},"end":{"line":115,"column":5}},"line":111},"7":{"name":"(anonymous_7)","decl":{"start":{"line":117,"column":17},"end":{"line":117,"column":18}},"loc":{"start":{"line":117,"column":30},"end":{"line":163,"column":3}},"line":117},"8":{"name":"(anonymous_8)","decl":{"start":{"line":119,"column":44},"end":{"line":119,"column":45}},"loc":{"start":{"line":119,"column":55},"end":{"line":121,"column":5}},"line":119},"9":{"name":"(anonymous_9)","decl":{"start":{"line":122,"column":46},"end":{"line":122,"column":47}},"loc":{"start":{"line":122,"column":65},"end":{"line":126,"column":5}},"line":122},"10":{"name":"(anonymous_10)","decl":{"start":{"line":127,"column":45},"end":{"line":127,"column":46}},"loc":{"start":{"line":127,"column":64},"end":{"line":132,"column":5}},"line":127},"11":{"name":"(anonymous_11)","decl":{"start":{"line":134,"column":48},"end":{"line":134,"column":49}},"loc":{"start":{"line":134,"column":59},"end":{"line":136,"column":5}},"line":134},"12":{"name":"(anonymous_12)","decl":{"start":{"line":137,"column":50},"end":{"line":137,"column":51}},"loc":{"start":{"line":137,"column":69},"end":{"line":141,"column":5}},"line":137},"13":{"name":"(anonymous_13)","decl":{"start":{"line":142,"column":49},"end":{"line":142,"column":50}},"loc":{"start":{"line":142,"column":68},"end":{"line":147,"column":5}},"line":142},"14":{"name":"(anonymous_14)","decl":{"start":{"line":149,"column":45},"end":{"line":149,"column":46}},"loc":{"start":{"line":149,"column":56},"end":{"line":151,"column":5}},"line":149},"15":{"name":"(anonymous_15)","decl":{"start":{"line":152,"column":47},"end":{"line":152,"column":48}},"loc":{"start":{"line":152,"column":66},"end":{"line":156,"column":5}},"line":152},"16":{"name":"(anonymous_16)","decl":{"start":{"line":157,"column":46},"end":{"line":157,"column":47}},"loc":{"start":{"line":157,"column":65},"end":{"line":162,"column":5}},"line":157},"17":{"name":"(anonymous_17)","decl":{"start":{"line":167,"column":26},"end":{"line":167,"column":27}},"loc":{"start":{"line":167,"column":48},"end":{"line":167,"column":64}},"line":167},"18":{"name":"(anonymous_18)","decl":{"start":{"line":168,"column":32},"end":{"line":168,"column":33}},"loc":{"start":{"line":168,"column":54},"end":{"line":168,"column":71}},"line":168},"19":{"name":"(anonymous_19)","decl":{"start":{"line":169,"column":34},"end":{"line":169,"column":35}},"loc":{"start":{"line":169,"column":56},"end":{"line":169,"column":75}},"line":169}},"branchMap":{"0":{"loc":{"start":{"line":129,"column":6},"end":{"line":131,"column":7}},"type":"if","locations":[{"start":{"line":129,"column":6},"end":{"line":131,"column":7}},{"start":{"line":129,"column":6},"end":{"line":131,"column":7}}],"line":129},"1":{"loc":{"start":{"line":144,"column":6},"end":{"line":146,"column":7}},"type":"if","locations":[{"start":{"line":144,"column":6},"end":{"line":146,"column":7}},{"start":{"line":144,"column":6},"end":{"line":146,"column":7}}],"line":144},"2":{"loc":{"start":{"line":159,"column":6},"end":{"line":161,"column":7}},"type":"if","locations":[{"start":{"line":159,"column":6},"end":{"line":161,"column":7}},{"start":{"line":159,"column":6},"end":{"line":161,"column":7}}],"line":159}},"s":{"0":36,"1":36,"2":0,"3":0,"4":0,"5":0,"6":36,"7":0,"8":0,"9":0,"10":0,"11":36,"12":1,"13":1,"14":0,"15":0,"16":36,"17":0,"18":0,"19":0,"20":0,"21":36,"22":1,"23":0,"24":0,"25":0,"26":0,"27":0,"28":36,"29":0,"30":36,"31":0,"32":0,"33":0,"34":36,"35":0,"36":0,"37":0,"38":36,"39":1,"40":36,"41":0,"42":0,"43":0,"44":36,"45":0,"46":0,"47":0,"48":36,"49":0,"50":36,"51":0,"52":0,"53":0,"54":36,"55":0,"56":0,"57":0,"58":36,"59":36,"60":4,"61":36,"62":8,"63":36,"64":0},"f":{"0":0,"1":0,"2":1,"3":0,"4":1,"5":0,"6":0,"7":36,"8":0,"9":0,"10":0,"11":1,"12":0,"13":0,"14":0,"15":0,"16":0,"17":4,"18":8,"19":0},"b":{"0":[0,0],"1":[0,0],"2":[0,0]},"_coverageSchema":"1a1c01bbd47fc00a2c39e90264f33305004495a9","hash":"7104382eb4179cb0219c05f8640fc4d9baa32ce2"}
,"/Users/masakazutoyoyama/Documents/自己学習/アプリ開発/EC_with_node/front/src/features/item/itemsAPI.ts": {"path":"/Users/masakazutoyoyama/Documents/自己学習/アプリ開発/EC_with_node/front/src/features/item/itemsAPI.ts","statementMap":{"0":{"start":{"line":6,"column":31},"end":{"line":14,"column":6}},"1":{"start":{"line":7,"column":2},"end":{"line":14,"column":6}},"2":{"start":{"line":10,"column":6},"end":{"line":10,"column":22}},"3":{"start":{"line":13,"column":6},"end":{"line":13,"column":25}},"4":{"start":{"line":17,"column":44},"end":{"line":25,"column":6}},"5":{"start":{"line":18,"column":2},"end":{"line":25,"column":6}},"6":{"start":{"line":21,"column":6},"end":{"line":21,"column":26}},"7":{"start":{"line":24,"column":6},"end":{"line":24,"column":25}},"8":{"start":{"line":27,"column":34},"end":{"line":30,"column":4}},"9":{"start":{"line":28,"column":2},"end":{"line":30,"column":4}},"10":{"start":{"line":29,"column":4},"end":{"line":29,"column":23}},"11":{"start":{"line":32,"column":30},"end":{"line":40,"column":6}},"12":{"start":{"line":33,"column":2},"end":{"line":40,"column":6}},"13":{"start":{"line":36,"column":6},"end":{"line":36,"column":22}},"14":{"start":{"line":39,"column":6},"end":{"line":39,"column":25}},"15":{"start":{"line":43,"column":35},"end":{"line":52,"column":6}},"16":{"start":{"line":44,"column":2},"end":{"line":52,"column":6}},"17":{"start":{"line":47,"column":6},"end":{"line":47,"column":40}},"18":{"start":{"line":48,"column":6},"end":{"line":48,"column":13}},"19":{"start":{"line":51,"column":6},"end":{"line":51,"column":25}}},"fnMap":{"0":{"name":"(anonymous_0)","decl":{"start":{"line":6,"column":31},"end":{"line":6,"column":32}},"loc":{"start":{"line":7,"column":2},"end":{"line":14,"column":6}},"line":7},"1":{"name":"(anonymous_1)","decl":{"start":{"line":9,"column":10},"end":{"line":9,"column":11}},"loc":{"start":{"line":9,"column":46},"end":{"line":11,"column":5}},"line":9},"2":{"name":"(anonymous_2)","decl":{"start":{"line":12,"column":11},"end":{"line":12,"column":12}},"loc":{"start":{"line":12,"column":18},"end":{"line":14,"column":5}},"line":12},"3":{"name":"(anonymous_3)","decl":{"start":{"line":17,"column":44},"end":{"line":17,"column":45}},"loc":{"start":{"line":18,"column":2},"end":{"line":25,"column":6}},"line":18},"4":{"name":"(anonymous_4)","decl":{"start":{"line":20,"column":10},"end":{"line":20,"column":11}},"loc":{"start":{"line":20,"column":51},"end":{"line":22,"column":5}},"line":20},"5":{"name":"(anonymous_5)","decl":{"start":{"line":23,"column":11},"end":{"line":23,"column":12}},"loc":{"start":{"line":23,"column":18},"end":{"line":25,"column":5}},"line":23},"6":{"name":"(anonymous_6)","decl":{"start":{"line":27,"column":34},"end":{"line":27,"column":35}},"loc":{"start":{"line":28,"column":2},"end":{"line":30,"column":4}},"line":28},"7":{"name":"(anonymous_7)","decl":{"start":{"line":28,"column":28},"end":{"line":28,"column":29}},"loc":{"start":{"line":28,"column":35},"end":{"line":30,"column":3}},"line":28},"8":{"name":"(anonymous_8)","decl":{"start":{"line":32,"column":30},"end":{"line":32,"column":31}},"loc":{"start":{"line":33,"column":2},"end":{"line":40,"column":6}},"line":33},"9":{"name":"(anonymous_9)","decl":{"start":{"line":35,"column":10},"end":{"line":35,"column":11}},"loc":{"start":{"line":35,"column":43},"end":{"line":37,"column":5}},"line":35},"10":{"name":"(anonymous_10)","decl":{"start":{"line":38,"column":11},"end":{"line":38,"column":12}},"loc":{"start":{"line":38,"column":18},"end":{"line":40,"column":5}},"line":38},"11":{"name":"(anonymous_11)","decl":{"start":{"line":43,"column":35},"end":{"line":43,"column":36}},"loc":{"start":{"line":44,"column":2},"end":{"line":52,"column":6}},"line":44},"12":{"name":"(anonymous_12)","decl":{"start":{"line":46,"column":10},"end":{"line":46,"column":11}},"loc":{"start":{"line":46,"column":39},"end":{"line":49,"column":5}},"line":46},"13":{"name":"(anonymous_13)","decl":{"start":{"line":50,"column":11},"end":{"line":50,"column":12}},"loc":{"start":{"line":50,"column":18},"end":{"line":52,"column":5}},"line":50}},"branchMap":{},"s":{"0":29,"1":1,"2":0,"3":0,"4":29,"5":0,"6":0,"7":0,"8":29,"9":0,"10":0,"11":29,"12":0,"13":0,"14":0,"15":29,"16":0,"17":0,"18":0,"19":0},"f":{"0":1,"1":0,"2":0,"3":0,"4":0,"5":0,"6":0,"7":0,"8":0,"9":0,"10":0,"11":0,"12":0,"13":0},"b":{},"_coverageSchema":"1a1c01bbd47fc00a2c39e90264f33305004495a9","hash":"e5414a8d9f5f3fe7d5eaf39f90845a577aeee249"}
,"/Users/masakazutoyoyama/Documents/自己学習/アプリ開発/EC_with_node/front/src/features/item/itemsSlice.ts": {"path":"/Users/masakazutoyoyama/Documents/自己学習/アプリ開発/EC_with_node/front/src/features/item/itemsSlice.ts","statementMap":{"0":{"start":{"line":33,"column":33},"end":{"line":37,"column":1}},"1":{"start":{"line":40,"column":34},"end":{"line":51,"column":2}},"2":{"start":{"line":45,"column":2},"end":{"line":50,"column":3}},"3":{"start":{"line":46,"column":18},"end":{"line":46,"column":41}},"4":{"start":{"line":47,"column":4},"end":{"line":47,"column":17}},"5":{"start":{"line":49,"column":4},"end":{"line":49,"column":52}},"6":{"start":{"line":54,"column":28},"end":{"line":73,"column":2}},"7":{"start":{"line":59,"column":2},"end":{"line":72,"column":3}},"8":{"start":{"line":61,"column":24},"end":{"line":61,"column":60}},"9":{"start":{"line":63,"column":4},"end":{"line":63,"column":39}},"10":{"start":{"line":65,"column":21},"end":{"line":65,"column":38}},"11":{"start":{"line":67,"column":4},"end":{"line":67,"column":24}},"12":{"start":{"line":68,"column":21},"end":{"line":68,"column":47}},"13":{"start":{"line":69,"column":4},"end":{"line":69,"column":20}},"14":{"start":{"line":71,"column":4},"end":{"line":71,"column":52}},"15":{"start":{"line":76,"column":31},"end":{"line":87,"column":2}},"16":{"start":{"line":81,"column":2},"end":{"line":86,"column":3}},"17":{"start":{"line":82,"column":4},"end":{"line":82,"column":35}},"18":{"start":{"line":83,"column":4},"end":{"line":83,"column":15}},"19":{"start":{"line":85,"column":4},"end":{"line":85,"column":52}},"20":{"start":{"line":89,"column":26},"end":{"line":151,"column":2}},"21":{"start":{"line":94,"column":6},"end":{"line":94,"column":36}},"22":{"start":{"line":97,"column":6},"end":{"line":97,"column":28}},"23":{"start":{"line":98,"column":6},"end":{"line":98,"column":28}},"24":{"start":{"line":99,"column":6},"end":{"line":99,"column":19}},"25":{"start":{"line":104,"column":4},"end":{"line":106,"column":7}},"26":{"start":{"line":105,"column":6},"end":{"line":105,"column":31}},"27":{"start":{"line":107,"column":4},"end":{"line":111,"column":7}},"28":{"start":{"line":108,"column":6},"end":{"line":108,"column":28}},"29":{"start":{"line":109,"column":6},"end":{"line":109,"column":35}},"30":{"start":{"line":110,"column":6},"end":{"line":110,"column":28}},"31":{"start":{"line":112,"column":4},"end":{"line":117,"column":7}},"32":{"start":{"line":113,"column":6},"end":{"line":113,"column":30}},"33":{"start":{"line":114,"column":6},"end":{"line":116,"column":7}},"34":{"start":{"line":115,"column":8},"end":{"line":115,"column":49}},"35":{"start":{"line":119,"column":4},"end":{"line":121,"column":7}},"36":{"start":{"line":120,"column":6},"end":{"line":120,"column":31}},"37":{"start":{"line":122,"column":4},"end":{"line":126,"column":7}},"38":{"start":{"line":123,"column":6},"end":{"line":123,"column":28}},"39":{"start":{"line":124,"column":6},"end":{"line":124,"column":53}},"40":{"start":{"line":125,"column":6},"end":{"line":125,"column":28}},"41":{"start":{"line":127,"column":4},"end":{"line":132,"column":7}},"42":{"start":{"line":128,"column":6},"end":{"line":128,"column":30}},"43":{"start":{"line":129,"column":6},"end":{"line":131,"column":7}},"44":{"start":{"line":130,"column":8},"end":{"line":130,"column":49}},"45":{"start":{"line":134,"column":4},"end":{"line":136,"column":7}},"46":{"start":{"line":135,"column":6},"end":{"line":135,"column":31}},"47":{"start":{"line":137,"column":4},"end":{"line":143,"column":7}},"48":{"start":{"line":138,"column":6},"end":{"line":138,"column":28}},"49":{"start":{"line":139,"column":6},"end":{"line":141,"column":8}},"50":{"start":{"line":140,"column":21},"end":{"line":140,"column":51}},"51":{"start":{"line":142,"column":6},"end":{"line":142,"column":28}},"52":{"start":{"line":144,"column":4},"end":{"line":149,"column":7}},"53":{"start":{"line":145,"column":6},"end":{"line":145,"column":30}},"54":{"start":{"line":146,"column":6},"end":{"line":148,"column":7}},"55":{"start":{"line":147,"column":8},"end":{"line":147,"column":49}},"56":{"start":{"line":153,"column":46},"end":{"line":153,"column":64}},"57":{"start":{"line":154,"column":27},"end":{"line":154,"column":66}},"58":{"start":{"line":154,"column":49},"end":{"line":154,"column":66}},"59":{"start":{"line":155,"column":33},"end":{"line":155,"column":73}},"60":{"start":{"line":155,"column":55},"end":{"line":155,"column":73}},"61":{"start":{"line":156,"column":35},"end":{"line":156,"column":77}},"62":{"start":{"line":156,"column":57},"end":{"line":156,"column":77}}},"fnMap":{"0":{"name":"(anonymous_0)","decl":{"start":{"line":44,"column":17},"end":{"line":44,"column":18}},"loc":{"start":{"line":44,"column":51},"end":{"line":51,"column":1}},"line":44},"1":{"name":"(anonymous_1)","decl":{"start":{"line":58,"column":15},"end":{"line":58,"column":16}},"loc":{"start":{"line":58,"column":61},"end":{"line":73,"column":1}},"line":58},"2":{"name":"(anonymous_2)","decl":{"start":{"line":80,"column":21},"end":{"line":80,"column":22}},"loc":{"start":{"line":80,"column":61},"end":{"line":87,"column":1}},"line":80},"3":{"name":"(anonymous_3)","decl":{"start":{"line":93,"column":16},"end":{"line":93,"column":17}},"loc":{"start":{"line":93,"column":27},"end":{"line":95,"column":5}},"line":93},"4":{"name":"(anonymous_4)","decl":{"start":{"line":96,"column":21},"end":{"line":96,"column":22}},"loc":{"start":{"line":96,"column":32},"end":{"line":100,"column":5}},"line":96},"5":{"name":"(anonymous_5)","decl":{"start":{"line":102,"column":17},"end":{"line":102,"column":18}},"loc":{"start":{"line":102,"column":30},"end":{"line":150,"column":3}},"line":102},"6":{"name":"(anonymous_6)","decl":{"start":{"line":104,"column":48},"end":{"line":104,"column":49}},"loc":{"start":{"line":104,"column":59},"end":{"line":106,"column":5}},"line":104},"7":{"name":"(anonymous_7)","decl":{"start":{"line":107,"column":50},"end":{"line":107,"column":51}},"loc":{"start":{"line":107,"column":69},"end":{"line":111,"column":5}},"line":107},"8":{"name":"(anonymous_8)","decl":{"start":{"line":112,"column":49},"end":{"line":112,"column":50}},"loc":{"start":{"line":112,"column":68},"end":{"line":117,"column":5}},"line":112},"9":{"name":"(anonymous_9)","decl":{"start":{"line":119,"column":42},"end":{"line":119,"column":43}},"loc":{"start":{"line":119,"column":53},"end":{"line":121,"column":5}},"line":119},"10":{"name":"(anonymous_10)","decl":{"start":{"line":122,"column":44},"end":{"line":122,"column":45}},"loc":{"start":{"line":122,"column":63},"end":{"line":126,"column":5}},"line":122},"11":{"name":"(anonymous_11)","decl":{"start":{"line":127,"column":43},"end":{"line":127,"column":44}},"loc":{"start":{"line":127,"column":62},"end":{"line":132,"column":5}},"line":127},"12":{"name":"(anonymous_12)","decl":{"start":{"line":134,"column":45},"end":{"line":134,"column":46}},"loc":{"start":{"line":134,"column":56},"end":{"line":136,"column":5}},"line":134},"13":{"name":"(anonymous_13)","decl":{"start":{"line":137,"column":47},"end":{"line":137,"column":48}},"loc":{"start":{"line":137,"column":66},"end":{"line":143,"column":5}},"line":137},"14":{"name":"(anonymous_14)","decl":{"start":{"line":140,"column":8},"end":{"line":140,"column":9}},"loc":{"start":{"line":140,"column":21},"end":{"line":140,"column":51}},"line":140},"15":{"name":"(anonymous_15)","decl":{"start":{"line":144,"column":46},"end":{"line":144,"column":47}},"loc":{"start":{"line":144,"column":65},"end":{"line":149,"column":5}},"line":144},"16":{"name":"(anonymous_16)","decl":{"start":{"line":154,"column":27},"end":{"line":154,"column":28}},"loc":{"start":{"line":154,"column":49},"end":{"line":154,"column":66}},"line":154},"17":{"name":"(anonymous_17)","decl":{"start":{"line":155,"column":33},"end":{"line":155,"column":34}},"loc":{"start":{"line":155,"column":55},"end":{"line":155,"column":73}},"line":155},"18":{"name":"(anonymous_18)","decl":{"start":{"line":156,"column":35},"end":{"line":156,"column":36}},"loc":{"start":{"line":156,"column":57},"end":{"line":156,"column":77}},"line":156}},"branchMap":{"0":{"loc":{"start":{"line":114,"column":6},"end":{"line":116,"column":7}},"type":"if","locations":[{"start":{"line":114,"column":6},"end":{"line":116,"column":7}},{"start":{"line":114,"column":6},"end":{"line":116,"column":7}}],"line":114},"1":{"loc":{"start":{"line":129,"column":6},"end":{"line":131,"column":7}},"type":"if","locations":[{"start":{"line":129,"column":6},"end":{"line":131,"column":7}},{"start":{"line":129,"column":6},"end":{"line":131,"column":7}}],"line":129},"2":{"loc":{"start":{"line":146,"column":6},"end":{"line":148,"column":7}},"type":"if","locations":[{"start":{"line":146,"column":6},"end":{"line":148,"column":7}},{"start":{"line":146,"column":6},"end":{"line":148,"column":7}}],"line":146}},"s":{"0":29,"1":29,"2":1,"3":1,"4":0,"5":0,"6":29,"7":0,"8":0,"9":0,"10":0,"11":0,"12":0,"13":0,"14":0,"15":29,"16":0,"17":0,"18":0,"19":0,"20":29,"21":0,"22":0,"23":0,"24":0,"25":29,"26":1,"27":29,"28":0,"29":0,"30":0,"31":29,"32":0,"33":0,"34":0,"35":29,"36":0,"37":29,"38":0,"39":0,"40":0,"41":29,"42":0,"43":0,"44":0,"45":29,"46":0,"47":29,"48":0,"49":0,"50":0,"51":0,"52":29,"53":0,"54":0,"55":0,"56":29,"57":29,"58":18,"59":29,"60":8,"61":29,"62":8},"f":{"0":1,"1":0,"2":0,"3":0,"4":0,"5":29,"6":1,"7":0,"8":0,"9":0,"10":0,"11":0,"12":0,"13":0,"14":0,"15":0,"16":18,"17":8,"18":8},"b":{"0":[0,0],"1":[0,0],"2":[0,0]},"_coverageSchema":"1a1c01bbd47fc00a2c39e90264f33305004495a9","hash":"333af2ad58bd04a1c42a04a331c6d5e932ed7cac"}
,"/Users/masakazutoyoyama/Documents/自己学習/アプリ開発/EC_with_node/front/src/features/order/ordersAPI.ts": {"path":"/Users/masakazutoyoyama/Documents/自己学習/アプリ開発/EC_with_node/front/src/features/order/ordersAPI.ts","statementMap":{"0":{"start":{"line":6,"column":28},"end":{"line":14,"column":6}},"1":{"start":{"line":7,"column":2},"end":{"line":14,"column":6}},"2":{"start":{"line":10,"column":6},"end":{"line":10,"column":22}},"3":{"start":{"line":13,"column":6},"end":{"line":13,"column":25}},"4":{"start":{"line":17,"column":35},"end":{"line":31,"column":6}},"5":{"start":{"line":21,"column":2},"end":{"line":31,"column":6}},"6":{"start":{"line":27,"column":6},"end":{"line":27,"column":22}},"7":{"start":{"line":30,"column":6},"end":{"line":30,"column":25}},"8":{"start":{"line":34,"column":40},"end":{"line":44,"column":6}},"9":{"start":{"line":35,"column":2},"end":{"line":44,"column":6}},"10":{"start":{"line":40,"column":6},"end":{"line":40,"column":22}},"11":{"start":{"line":43,"column":6},"end":{"line":43,"column":25}}},"fnMap":{"0":{"name":"(anonymous_0)","decl":{"start":{"line":6,"column":28},"end":{"line":6,"column":29}},"loc":{"start":{"line":7,"column":2},"end":{"line":14,"column":6}},"line":7},"1":{"name":"(anonymous_1)","decl":{"start":{"line":9,"column":10},"end":{"line":9,"column":11}},"loc":{"start":{"line":9,"column":45},"end":{"line":11,"column":5}},"line":9},"2":{"name":"(anonymous_2)","decl":{"start":{"line":12,"column":11},"end":{"line":12,"column":12}},"loc":{"start":{"line":12,"column":18},"end":{"line":14,"column":5}},"line":12},"3":{"name":"(anonymous_3)","decl":{"start":{"line":17,"column":35},"end":{"line":17,"column":36}},"loc":{"start":{"line":21,"column":2},"end":{"line":31,"column":6}},"line":21},"4":{"name":"(anonymous_4)","decl":{"start":{"line":26,"column":10},"end":{"line":26,"column":11}},"loc":{"start":{"line":26,"column":45},"end":{"line":28,"column":5}},"line":26},"5":{"name":"(anonymous_5)","decl":{"start":{"line":29,"column":11},"end":{"line":29,"column":12}},"loc":{"start":{"line":29,"column":18},"end":{"line":31,"column":5}},"line":29},"6":{"name":"(anonymous_6)","decl":{"start":{"line":34,"column":40},"end":{"line":34,"column":41}},"loc":{"start":{"line":35,"column":2},"end":{"line":44,"column":6}},"line":35},"7":{"name":"(anonymous_7)","decl":{"start":{"line":39,"column":10},"end":{"line":39,"column":11}},"loc":{"start":{"line":39,"column":47},"end":{"line":41,"column":5}},"line":39},"8":{"name":"(anonymous_8)","decl":{"start":{"line":42,"column":11},"end":{"line":42,"column":12}},"loc":{"start":{"line":42,"column":18},"end":{"line":44,"column":5}},"line":42}},"branchMap":{},"s":{"0":36,"1":0,"2":0,"3":0,"4":36,"5":1,"6":0,"7":0,"8":36,"9":2,"10":0,"11":0},"f":{"0":0,"1":0,"2":0,"3":1,"4":0,"5":0,"6":2,"7":0,"8":0},"b":{},"_coverageSchema":"1a1c01bbd47fc00a2c39e90264f33305004495a9","hash":"c94d46cc1222adf0fa89d0424c48788b4f60e8f0"}
[...]
,"/Users/masakazutoyoyama/Documents/自己学習/アプリ開発/EC_with_node/front/src/features/userinfo/userinfoSlice.ts": {"path":"/Users/masakazutoyoyama/Documents/自己学習/アプリ開発/EC_with_node/front/src/features/userinfo/userinfoSlice.ts","statementMap":{"0":{"start":{"line":34,"column":32},"end":{"line":38,"column":1}},"1":{"start":{"line":41,"column":26},"end":{"line":51,"column":2}},"2":{"start":{"line":46,"column":2},"end":{"line":50,"column":3}},"3":{"start":{"line":47,"column":4},"end":{"line":47,"column":45}},"4":{"start":{"line":49,"column":4},"end":{"line":49,"column":52}},"5":{"start":{"line":54,"column":29},"end":{"line":70,"column":2}},"6":{"start":{"line":59,"column":2},"end":{"line":69,"column":3}},"7":{"start":{"line":60,"column":16},"end":{"line":60,"column":68}},"8":{"start":{"line":61,"column":30},"end":{"line":64,"column":5}},"9":{"start":{"line":65,"column":25},"end":{"line":65,"column":68}},"10":{"start":{"line":66,"column":4},"end":{"line":66,"column":24}},"11":{"start":{"line":68,"column":4},"end":{"line":68,"column":52}},"12":{"start":{"line":73,"column":32},"end":{"line":84,"column":2}},"13":{"start":{"line":78,"column":2},"end":{"line":83,"column":3}},"14":{"start":{"line":79,"column":21},"end":{"line":79,"column":52}},"15":{"start":{"line":80,"column":4},"end":{"line":80,"column":20}},"16":{"start":{"line":82,"column":4},"end":{"line":82,"column":52}},"17":{"start":{"line":87,"column":29},"end":{"line":146,"column":2}},"18":{"start":{"line":92,"column":6},"end":{"line":92,"column":26}},"19":{"start":{"line":95,"column":6},"end":{"line":95,"column":28}},"20":{"start":{"line":96,"column":6},"end":{"line":96,"column":28}},"21":{"start":{"line":97,"column":6},"end":{"line":97,"column":19}},"22":{"start":{"line":102,"column":4},"end":{"line":104,"column":7}},"23":{"start":{"line":103,"column":6},"end":{"line":103,"column":31}},"24":{"start":{"line":105,"column":4},"end":{"line":108,"column":7}},"25":{"start":{"line":106,"column":6},"end":{"line":106,"column":28}},"26":{"start":{"line":107,"column":6},"end":{"line":107,"column":28}},"27":{"start":{"line":109,"column":4},"end":{"line":114,"column":7}},"28":{"start":{"line":110,"column":6},"end":{"line":110,"column":30}},"29":{"start":{"line":111,"column":6},"end":{"line":113,"column":7}},"30":{"start":{"line":112,"column":8},"end":{"line":112,"column":49}},"31":{"start":{"line":116,"column":4},"end":{"line":118,"column":7}},"32":{"start":{"line":117,"column":6},"end":{"line":117,"column":31}},"33":{"start":{"line":119,"column":4},"end":{"line":123,"column":7}},"34":{"start":{"line":120,"column":6},"end":{"line":120,"column":28}},"35":{"start":{"line":121,"column":6},"end":{"line":121,"column":35}},"36":{"start":{"line":122,"column":6},"end":{"line":122,"column":28}},"37":{"start":{"line":124,"column":4},"end":{"line":129,"column":7}},"38":{"start":{"line":125,"column":6},"end":{"line":125,"column":30}},"39":{"start":{"line":126,"column":6},"end":{"line":128,"column":7}},"40":{"start":{"line":127,"column":8},"end":{"line":127,"column":49}},"41":{"start":{"line":131,"column":4},"end":{"line":133,"column":7}},"42":{"start":{"line":132,"column":6},"end":{"line":132,"column":31}},"43":{"start":{"line":134,"column":4},"end":{"line":138,"column":7}},"44":{"start":{"line":135,"column":6},"end":{"line":135,"column":28}},"45":{"start":{"line":136,"column":6},"end":{"line":136,"column":35}},"46":{"start":{"line":137,"column":6},"end":{"line":137,"column":28}},"47":{"start":{"line":139,"column":4},"end":{"line":144,"column":7}},"48":{"start":{"line":140,"column":6},"end":{"line":140,"column":30}},"49":{"start":{"line":141,"column":6},"end":{"line":143,"column":7}},"50":{"start":{"line":142,"column":8},"end":{"line":142,"column":49}},"51":{"start":{"line":148,"column":45},"end":{"line":148,"column":66}},"52":{"start":{"line":149,"column":30},"end":{"line":149,"column":72}},"53":{"start":{"line":149,"column":52},"end":{"line":149,"column":72}},"54":{"start":{"line":150,"column":25},"end":{"line":150,"column":72}},"55":{"start":{"line":150,"column":47},"end":{"line":150,"column":72}},"56":{"start":{"line":151,"column":36},"end":{"line":151,"column":79}},"57":{"start":{"line":151,"column":58},"end":{"line":151,"column":79}},"58":{"start":{"line":152,"column":38},"end":{"line":153,"column":25}},"59":{"start":{"line":153,"column":2},"end":{"line":153,"column":25}}},"fnMap":{"0":{"name":"(anonymous_0)","decl":{"start":{"line":45,"column":20},"end":{"line":45,"column":21}},"loc":{"start":{"line":45,"column":72},"end":{"line":51,"column":1}},"line":45},"1":{"name":"(anonymous_1)","decl":{"start":{"line":58,"column":23},"end":{"line":58,"column":24}},"loc":{"start":{"line":58,"column":78},"end":{"line":70,"column":1}},"line":58},"2":{"name":"(anonymous_2)","decl":{"start":{"line":77,"column":24},"end":{"line":77,"column":25}},"loc":{"start":{"line":77,"column":64},"end":{"line":84,"column":1}},"line":77},"3":{"name":"(anonymous_3)","decl":{"start":{"line":91,"column":15},"end":{"line":91,"column":16}},"loc":{"start":{"line":91,"column":21},"end":{"line":93,"column":5}},"line":91},"4":{"name":"(anonymous_4)","decl":{"start":{"line":94,"column":20},"end":{"line":94,"column":21}},"loc":{"start":{"line":94,"column":31},"end":{"line":98,"column":5}},"line":94},"5":{"name":"(anonymous_5)","decl":{"start":{"line":100,"column":17},"end":{"line":100,"column":18}},"loc":{"start":{"line":100,"column":30},"end":{"line":145,"column":3}},"line":100},"6":{"name":"(anonymous_6)","decl":{"start":{"line":102,"column":40},"end":{"line":102,"column":41}},"loc":{"start":{"line":102,"column":51},"end":{"line":104,"column":5}},"line":102},"7":{"name":"(anonymous_7)","decl":{"start":{"line":105,"column":42},"end":{"line":105,"column":43}},"loc":{"start":{"line":105,"column":53},"end":{"line":108,"column":5}},"line":105},"8":{"name":"(anonymous_8)","decl":{"start":{"line":109,"column":41},"end":{"line":109,"column":42}},"loc":{"start":{"line":109,"column":60},"end":{"line":114,"column":5}},"line":109},"9":{"name":"(anonymous_9)","decl":{"start":{"line":116,"column":43},"end":{"line":116,"column":44}},"loc":{"start":{"line":116,"column":54},"end":{"line":118,"column":5}},"line":116},"10":{"name":"(anonymous_10)","decl":{"start":{"line":119,"column":45},"end":{"line":119,"column":46}},"loc":{"start":{"line":119,"column":64},"end":{"line":123,"column":5}},"line":119},"11":{"name":"(anonymous_11)","decl":{"start":{"line":124,"column":44},"end":{"line":124,"column":45}},"loc":{"start":{"line":124,"column":63},"end":{"line":129,"column":5}},"line":124},"12":{"name":"(anonymous_12)","decl":{"start":{"line":131,"column":46},"end":{"line":131,"column":47}},"loc":{"start":{"line":131,"column":57},"end":{"line":133,"column":5}},"line":131},"13":{"name":"(anonymous_13)","decl":{"start":{"line":134,"column":48},"end":{"line":134,"column":49}},"loc":{"start":{"line":134,"column":67},"end":{"line":138,"column":5}},"line":134},"14":{"name":"(anonymous_14)","decl":{"start":{"line":139,"column":47},"end":{"line":139,"column":48}},"loc":{"start":{"line":139,"column":66},"end":{"line":144,"column":5}},"line":139},"15":{"name":"(anonymous_15)","decl":{"start":{"line":149,"column":30},"end":{"line":149,"column":31}},"loc":{"start":{"line":149,"column":52},"end":{"line":149,"column":72}},"line":149},"16":{"name":"(anonymous_16)","decl":{"start":{"line":150,"column":25},"end":{"line":150,"column":26}},"loc":{"start":{"line":150,"column":47},"end":{"line":150,"column":72}},"line":150},"17":{"name":"(anonymous_17)","decl":{"start":{"line":151,"column":36},"end":{"line":151,"column":37}},"loc":{"start":{"line":151,"column":58},"end":{"line":151,"column":79}},"line":151},"18":{"name":"(anonymous_18)","decl":{"start":{"line":152,"column":38},"end":{"line":152,"column":39}},"loc":{"start":{"line":153,"column":2},"end":{"line":153,"column":25}},"line":153}},"branchMap":{"0":{"loc":{"start":{"line":111,"column":6},"end":{"line":113,"column":7}},"type":"if","locations":[{"start":{"line":111,"column":6},"end":{"line":113,"column":7}},{"start":{"line":111,"column":6},"end":{"line":113,"column":7}}],"line":111},"1":{"loc":{"start":{"line":126,"column":6},"end":{"line":128,"column":7}},"type":"if","locations":[{"start":{"line":126,"column":6},"end":{"line":128,"column":7}},{"start":{"line":126,"column":6},"end":{"line":128,"column":7}}],"line":126},"2":{"loc":{"start":{"line":141,"column":6},"end":{"line":143,"column":7}},"type":"if","locations":[{"start":{"line":141,"column":6},"end":{"line":143,"column":7}},{"start":{"line":141,"column":6},"end":{"line":143,"column":7}}],"line":141}},"s":{"0":29,"1":29,"2":0,"3":0,"4":0,"5":29,"6":0,"7":0,"8":0,"9":0,"10":0,"11":0,"12":29,"13":0,"14":0,"15":0,"16":0,"17":29,"18":1,"19":2,"20":2,"21":2,"22":29,"23":0,"24":29,"25":0,"26":0,"27":29,"28":0,"29":0,"30":0,"31":29,"32":0,"33":29,"34":0,"35":0,"36":0,"37":29,"38":0,"39":0,"40":0,"41":29,"42":0,"43":29,"44":0,"45":0,"46":0,"47":29,"48":0,"49":0,"50":0,"51":29,"52":29,"53":12,"54":29,"55":41,"56":29,"57":12,"58":29,"59":4},"f":{"0":0,"1":0,"2":0,"3":1,"4":2,"5":29,"6":0,"7":0,"8":0,"9":0,"10":0,"11":0,"12":0,"13":0,"14":0,"15":12,"16":41,"17":12,"18":4},"b":{"0":[0,0],"1":[0,0],"2":[0,0]},"_coverageSchema":"1a1c01bbd47fc00a2c39e90264f33305004495a9","hash":"4e77e02b60c2e2d0aabb50a08c108de90e5a3d85"}
,"/Users/masakazutoyoyama/Documents/自己学習/アプリ開発/EC_with_node/front/src/features/userinfos/userinfosAPI.ts": {"path":"/Users/masakazutoyoyama/Documents/自己学習/アプリ開発/EC_with_node/front/src/features/userinfos/userinfosAPI.ts","statementMap":{"0":{"start":{"line":6,"column":40},"end":{"line":14,"column":6}},"1":{"start":{"line":7,"column":2},"end":{"line":14,"column":6}},"2":{"start":{"line":10,"column":6},"end":{"line":10,"column":22}},"3":{"start":{"line":13,"column":6},"end":{"line":13,"column":25}}},"fnMap":{"0":{"name":"(anonymous_0)","decl":{"start":{"line":6,"column":40},"end":{"line":6,"column":41}},"loc":{"start":{"line":7,"column":2},"end":{"line":14,"column":6}},"line":7},"1":{"name":"(anonymous_1)","decl":{"start":{"line":9,"column":10},"end":{"line":9,"column":11}},"loc":{"start":{"line":9,"column":50},"end":{"line":11,"column":5}},"line":9},"2":{"name":"(anonymous_2)","decl":{"start":{"line":12,"column":11},"end":{"line":12,"column":12}},"loc":{"start":{"line":12,"column":18},"end":{"line":14,"column":5}},"line":12}},"branchMap":{},"s":{"0":28,"1":0,"2":0,"3":0},"f":{"0":0,"1":0,"2":0},"b":{},"_coverageSchema":"1a1c01bbd47fc00a2c39e90264f33305004495a9","hash":"699967b6c4f575e58b964f2faa4b15480029f8c0"}
,"/Users/masakazutoyoyama/Documents/自己学習/アプリ開発/EC_with_node/front/src/static/admin.ts": {"path":"/Users/masakazutoyoyama/Documents/自己学習/アプリ開発/EC_with_node/front/src/static/admin.ts","statementMap":{"0":{"start":{"line":1,"column":24},"end":{"line":1,"column":54}}},"fnMap":{},"branchMap":{},"s":{"0":46},"f":{},"b":{},"_coverageSchema":"1a1c01bbd47fc00a2c39e90264f33305004495a9","hash":"972b978b8660cc0e3d3319a2c9abc228b41f63a7"}
,"/Users/masakazutoyoyama/Documents/自己学習/アプリ開発/EC_with_node/front/src/static/const.ts": {"path":"/Users/masakazutoyoyama/Documents/自己学習/アプリ開発/EC_with_node/front/src/static/const.ts","statementMap":{"0":{"start":{"line":3,"column":19},"end":{"line":3,"column":22}},"1":{"start":{"line":5,"column":29},"end":{"line":5,"column":30}},"2":{"start":{"line":6,"column":29},"end":{"line":6,"column":30}},"3":{"start":{"line":7,"column":32},"end":{"line":7,"column":33}},"4":{"start":{"line":8,"column":28},"end":{"line":8,"column":31}},"5":{"start":{"line":9,"column":28},"end":{"line":9,"column":31}},"6":{"start":{"line":11,"column":33},"end":{"line":11,"column":34}},"7":{"start":{"line":12,"column":35},"end":{"line":12,"column":36}},"8":{"start":{"line":13,"column":33},"end":{"line":13,"column":34}},"9":{"start":{"line":14,"column":40},"end":{"line":14,"column":41}},"10":{"start":{"line":15,"column":38},"end":{"line":15,"column":39}},"11":{"start":{"line":16,"column":38},"end":{"line":16,"column":39}},"12":{"start":{"line":19,"column":32},"end":{"line":19,"column":47}},"13":{"start":{"line":23,"column":2},"end":{"line":23,"column":72}},"14":{"start":{"line":24,"column":27},"end":{"line":24,"column":37}},"15":{"start":{"line":25,"column":25},"end":{"line":25,"column":55}},"16":{"start":{"line":26,"column":33},"end":{"line":26,"column":47}},"17":{"start":{"line":28,"column":2},"end":{"line":28,"column":42}},"18":{"start":{"line":37,"column":45},"end":{"line":40,"column":1}},"19":{"start":{"line":41,"column":45},"end":{"line":44,"column":1}},"20":{"start":{"line":45,"column":48},"end":{"line":50,"column":1}},"21":{"start":{"line":51,"column":43},"end":{"line":54,"column":1}},"22":{"start":{"line":55,"column":50},"end":{"line":58,"column":1}},"23":{"start":{"line":59,"column":47},"end":{"line":61,"column":1}},"24":{"start":{"line":62,"column":44},"end":{"line":64,"column":1}},"25":{"start":{"line":65,"column":48},"end":{"line":68,"column":1}}},"fnMap":{},"branchMap":{},"s":{"0":47,"1":47,"2":47,"3":47,"4":47,"5":47,"6":47,"7":47,"8":47,"9":47,"10":47,"11":47,"12":47,"13":47,"14":47,"15":47,"16":47,"17":47,"18":47,"19":47,"20":47,"21":47,"22":47,"23":47,"24":47,"25":47},"f":{},"b":{},"_coverageSchema":"1a1c01bbd47fc00a2c39e90264f33305004495a9","hash":"c16f72aaee77815b1ff41d1ad97775ec8b68d10b"}
,"/Users/masakazutoyoyama/Documents/自己学習/アプリ開発/EC_with_node/front/src/utils/functions.ts": {"path":"/Users/masakazutoyoyama/Documents/自己学習/アプリ開発/EC_with_node/front/src/utils/functions.ts","statementMap":{"0":{"start":{"line":12,"column":30},"end":{"line":14,"column":1}},"1":{"start":{"line":13,"column":2},"end":{"line":13,"column":49}},"2":{"start":{"line":17,"column":25},"end":{"line":44,"column":1}},"3":{"start":{"line":24,"column":14},"end":{"line":24,"column":15}},"4":{"start":{"line":25,"column":14},"end":{"line":27,"column":4}},"5":{"start":{"line":26,"column":4},"end":{"line":26,"column":29}},"6":{"start":{"line":28,"column":2},"end":{"line":32,"column":3}},"7":{"start":{"line":29,"column":4},"end":{"line":29,"column":44}},"8":{"start":{"line":30,"column":9},"end":{"line":32,"column":3}},"9":{"start":{"line":31,"column":4},"end":{"line":31,"column":44}},"10":{"start":{"line":33,"column":40},"end":{"line":35,"column":3}},"11":{"start":{"line":34,"column":13},"end":{"line":34,"column":27}},"12":{"start":{"line":36,"column":2},"end":{"line":42,"column":5}},"13":{"start":{"line":37,"column":4},"end":{"line":41,"column":5}},"14":{"start":{"line":38,"column":6},"end":{"line":38,"column":38}},"15":{"start":{"line":39,"column":11},"end":{"line":41,"column":5}},"16":{"start":{"line":40,"column":6},"end":{"line":40,"column":38}},"17":{"start":{"line":43,"column":2},"end":{"line":43,"column":15}},"18":{"start":{"line":47,"column":29},"end":{"line":56,"column":1}},"19":{"start":{"line":48,"column":2},"end":{"line":55,"column":7}},"20":{"start":{"line":51,"column":6},"end":{"line":51,"column":47}},"21":{"start":{"line":54,"column":6},"end":{"line":54,"column":26}},"22":{"start":{"line":59,"column":33},"end":{"line":80,"column":1}},"23":{"start":{"line":60,"column":17},"end":{"line":60,"column":27}},"24":{"start":{"line":61,"column":12},"end":{"line":61,"column":49}},"25":{"start":{"line":62,"column":18},"end":{"line":62,"column":46}},"26":{"start":{"line":63,"column":19},"end":{"line":63,"column":47}},"27":{"start":{"line":64,"column":17},"end":{"line":64,"column":46}},"28":{"start":{"line":65,"column":18},"end":{"line":65,"column":48}},"29":{"start":{"line":66,"column":21},"end":{"line":66,"column":51}},"30":{"start":{"line":67,"column":20},"end":{"line":73,"column":3}},"31":{"start":{"line":74,"column":17},"end":{"line":74,"column":57}},"32":{"start":{"line":75,"column":2},"end":{"line":79,"column":3}},"33":{"start":{"line":76,"column":4},"end":{"line":76,"column":17}},"34":{"start":{"line":78,"column":4},"end":{"line":78,"column":16}},"35":{"start":{"line":83,"column":31},"end":{"line":88,"column":1}},"36":{"start":{"line":84,"column":17},"end":{"line":84,"column":43}},"37":{"start":{"line":85,"column":13},"end":{"line":85,"column":42}},"38":{"start":{"line":86,"column":13},"end":{"line":86,"column":49}},"39":{"start":{"line":87,"column":2},"end":{"line":87,"column":27}}},"fnMap":{"0":{"name":"(anonymous_0)","decl":{"start":{"line":12,"column":30},"end":{"line":12,"column":31}},"loc":{"start":{"line":12,"column":44},"end":{"line":14,"column":1}},"line":12},"1":{"name":"(anonymous_1)","decl":{"start":{"line":17,"column":25},"end":{"line":17,"column":26}},"loc":{"start":{"line":23,"column":5},"end":{"line":44,"column":1}},"line":23},"2":{"name":"(anonymous_2)","decl":{"start":{"line":25,"column":30},"end":{"line":25,"column":31}},"loc":{"start":{"line":25,"column":38},"end":{"line":27,"column":3}},"line":25},"3":{"name":"(anonymous_3)","decl":{"start":{"line":34,"column":4},"end":{"line":34,"column":5}},"loc":{"start":{"line":34,"column":13},"end":{"line":34,"column":27}},"line":34},"4":{"name":"(anonymous_4)","decl":{"start":{"line":36,"column":27},"end":{"line":36,"column":28}},"loc":{"start":{"line":36,"column":36},"end":{"line":42,"column":3}},"line":36},"5":{"name":"(anonymous_5)","decl":{"start":{"line":47,"column":29},"end":{"line":47,"column":30}},"loc":{"start":{"line":47,"column":48},"end":{"line":56,"column":1}},"line":47},"6":{"name":"(anonymous_6)","decl":{"start":{"line":50,"column":10},"end":{"line":50,"column":11}},"loc":{"start":{"line":50,"column":19},"end":{"line":52,"column":5}},"line":50},"7":{"name":"(anonymous_7)","decl":{"start":{"line":53,"column":11},"end":{"line":53,"column":12}},"loc":{"start":{"line":53,"column":17},"end":{"line":55,"column":5}},"line":53},"8":{"name":"(anonymous_8)","decl":{"start":{"line":59,"column":33},"end":{"line":59,"column":34}},"loc":{"start":{"line":59,"column":55},"end":{"line":80,"column":1}},"line":59},"9":{"name":"(anonymous_9)","decl":{"start":{"line":83,"column":31},"end":{"line":83,"column":32}},"loc":{"start":{"line":83,"column":62},"end":{"line":88,"column":1}},"line":83}},"branchMap":{"0":{"loc":{"start":{"line":28,"column":2},"end":{"line":32,"column":3}},"type":"if","locations":[{"start":{"line":28,"column":2},"end":{"line":32,"column":3}},{"start":{"line":28,"column":2},"end":{"line":32,"column":3}}],"line":28},"1":{"loc":{"start":{"line":30,"column":9},"end":{"line":32,"column":3}},"type":"if","locations":[{"start":{"line":30,"column":9},"end":{"line":32,"column":3}},{"start":{"line":30,"column":9},"end":{"line":32,"column":3}}],"line":30},"2":{"loc":{"start":{"line":37,"column":4},"end":{"line":41,"column":5}},"type":"if","locations":[{"start":{"line":37,"column":4},"end":{"line":41,"column":5}},{"start":{"line":37,"column":4},"end":{"line":41,"column":5}}],"line":37},"3":{"loc":{"start":{"line":39,"column":11},"end":{"line":41,"column":5}},"type":"if","locations":[{"start":{"line":39,"column":11},"end":{"line":41,"column":5}},{"start":{"line":39,"column":11},"end":{"line":41,"column":5}}],"line":39},"4":{"loc":{"start":{"line":75,"column":2},"end":{"line":79,"column":3}},"type":"if","locations":[{"start":{"line":75,"column":2},"end":{"line":79,"column":3}},{"start":{"line":75,"column":2},"end":{"line":79,"column":3}}],"line":75}},"s":{"0":47,"1":202,"2":47,"3":2,"4":2,"5":2,"6":2,"7":1,"8":1,"9":1,"10":2,"11":4,"12":2,"13":4,"14":2,"15":2,"16":2,"17":2,"18":47,"19":3,"20":2,"21":1,"22":47,"23":4,"24":4,"25":4,"26":4,"27":4,"28":4,"29":4,"30":4,"31":4,"32":4,"33":2,"34":2,"35":47,"36":4,"37":4,"38":4,"39":4},"f":{"0":202,"1":2,"2":2,"3":4,"4":4,"5":3,"6":2,"7":1,"8":4,"9":4},"b":{"0":[1,1],"1":[1,0],"2":[2,2],"3":[2,0],"4":[2,2]},"_coverageSchema":"1a1c01bbd47fc00a2c39e90264f33305004495a9","hash":"6bd3e8f0284ed8329dcd94e8e5b15d11c2475d31"}
}
