{"/Users/masakazutoyoyama/Documents/自己学習/アプリ開発/EC_with_node/front/src/components/atoms/CalenderInputHookForm.tsx": {"path":"/Users/masakazutoyoyama/Documents/自己学習/アプリ開発/EC_with_node/front/src/components/atoms/CalenderInputHookForm.tsx","statementMap":{"0":{"start":{"line":21,"column":41},"end":{"line":67,"column":1}},"1":{"start":{"line":29,"column":20},"end":{"line":41,"column":3}},"2":{"start":{"line":30,"column":16},"end":{"line":30,"column":43}},"3":{"start":{"line":31,"column":4},"end":{"line":40,"column":5}},"4":{"start":{"line":32,"column":6},"end":{"line":32,"column":42}},"5":{"start":{"line":33,"column":6},"end":{"line":33,"column":35}},"6":{"start":{"line":35,"column":6},"end":{"line":35,"column":36}},"7":{"start":{"line":36,"column":6},"end":{"line":39,"column":9}},"8":{"start":{"line":42,"column":2},"end":{"line":66,"column":4}},"9":{"start":{"line":50,"column":10},"end":{"line":56,"column":12}},"10":{"start":{"line":53,"column":14},"end":{"line":53,"column":40}}},"fnMap":{"0":{"name":"(anonymous_0)","decl":{"start":{"line":21,"column":41},"end":{"line":21,"column":42}},"loc":{"start":{"line":27,"column":6},"end":{"line":67,"column":1}},"line":27},"1":{"name":"(anonymous_1)","decl":{"start":{"line":29,"column":20},"end":{"line":29,"column":21}},"loc":{"start":{"line":29,"column":42},"end":{"line":41,"column":3}},"line":29},"2":{"name":"(anonymous_2)","decl":{"start":{"line":49,"column":16},"end":{"line":49,"column":17}},"loc":{"start":{"line":50,"column":10},"end":{"line":56,"column":12}},"line":50},"3":{"name":"(anonymous_3)","decl":{"start":{"line":52,"column":22},"end":{"line":52,"column":23}},"loc":{"start":{"line":52,"column":29},"end":{"line":54,"column":13}},"line":52}},"branchMap":{"0":{"loc":{"start":{"line":31,"column":4},"end":{"line":40,"column":5}},"type":"if","locations":[{"start":{"line":31,"column":4},"end":{"line":40,"column":5}},{"start":{"line":31,"column":4},"end":{"line":40,"column":5}}],"line":31},"1":{"loc":{"start":{"line":59,"column":7},"end":{"line":64,"column":7}},"type":"binary-expr","locations":[{"start":{"line":59,"column":7},"end":{"line":59,"column":26}},{"start":{"line":60,"column":8},"end":{"line":63,"column":12}}],"line":59},"2":{"loc":{"start":{"line":61,"column":11},"end":{"line":61,"column":53}},"type":"binary-expr","locations":[{"start":{"line":61,"column":11},"end":{"line":61,"column":36}},{"start":{"line":61,"column":40},"end":{"line":61,"column":53}}],"line":61},"3":{"loc":{"start":{"line":62,"column":11},"end":{"line":62,"column":59}},"type":"binary-expr","locations":[{"start":{"line":62,"column":11},"end":{"line":62,"column":42}},{"start":{"line":62,"column":46},"end":{"line":62,"column":59}}],"line":62}},"s":{"0":14,"1":19,"2":2,"3":2,"4":1,"5":1,"6":1,"7":1,"8":19,"9":22,"10":2},"f":{"0":19,"1":2,"2":22,"3":2},"b":{"0":[1,1],"1":[19,2],"2":[2,1],"3":[2,1]},"_coverageSchema":"1a1c01bbd47fc00a2c39e90264f33305004495a9","hash":"385e547333be8337ea50061eb2db42ec3b8f8c29"}
,"/Users/masakazutoyoyama/Documents/自己学習/アプリ開発/EC_with_node/front/src/components/atoms/IconBtn.tsx": {"path":"/Users/masakazutoyoyama/Documents/自己学習/アプリ開発/EC_with_node/front/src/components/atoms/IconBtn.tsx","statementMap":{"0":{"start":{"line":27,"column":27},"end":{"line":41,"column":1}},"1":{"start":{"line":28,"column":2},"end":{"line":40,"column":4}}},"fnMap":{"0":{"name":"(anonymous_0)","decl":{"start":{"line":27,"column":27},"end":{"line":27,"column":28}},"loc":{"start":{"line":27,"column":50},"end":{"line":41,"column":1}},"line":27}},"branchMap":{"0":{"loc":{"start":{"line":30,"column":7},"end":{"line":30,"column":38}},"type":"binary-expr","locations":[{"start":{"line":30,"column":7},"end":{"line":30,"column":22}},{"start":{"line":30,"column":26},"end":{"line":30,"column":38}}],"line":30},"1":{"loc":{"start":{"line":31,"column":7},"end":{"line":31,"column":52}},"type":"binary-expr","locations":[{"start":{"line":31,"column":7},"end":{"line":31,"column":23}},{"start":{"line":31,"column":27},"end":{"line":31,"column":52}}],"line":31},"2":{"loc":{"start":{"line":32,"column":7},"end":{"line":32,"column":46}},"type":"binary-expr","locations":[{"start":{"line":32,"column":7},"end":{"line":32,"column":22}},{"start":{"line":32,"column":26},"end":{"line":32,"column":46}}],"line":32},"3":{"loc":{"start":{"line":33,"column":7},"end":{"line":33,"column":44}},"type":"binary-expr","locations":[{"start":{"line":33,"column":7},"end":{"line":33,"column":25}},{"start":{"line":33,"column":29},"end":{"line":33,"column":44}}],"line":33},"4":{"loc":{"start":{"line":34,"column":7},"end":{"line":34,"column":46}},"type":"binary-expr","locations":[{"start":{"line":34,"column":7},"end":{"line":34,"column":23}},{"start":{"line":34,"column":27},"end":{"line":34,"column":46}}],"line":34},"5":{"loc":{"start":{"line":35,"column":7},"end":{"line":35,"column":55}},"type":"binary-expr","locations":[{"start":{"line":35,"column":7},"end":{"line":35,"column":24}},{"start":{"line":35,"column":28},"end":{"line":35,"column":55}}],"line":35},"6":{"loc":{"start":{"line":36,"column":7},"end":{"line":36,"column":42}},"type":"binary-expr","locations":[{"start":{"line":36,"column":7},"end":{"line":36,"column":24}},{"start":{"line":36,"column":28},"end":{"line":36,"column":42}}],"line":36},"7":{"loc":{"start":{"line":37,"column":7},"end":{"line":37,"column":44}},"type":"binary-expr","locations":[{"start":{"line":37,"column":7},"end":{"line":37,"column":23}},{"start":{"line":37,"column":27},"end":{"line":37,"column":44}}],"line":37},"8":{"loc":{"start":{"line":38,"column":7},"end":{"line":38,"column":38}},"type":"binary-expr","locations":[{"start":{"line":38,"column":7},"end":{"line":38,"column":22}},{"start":{"line":38,"column":26},"end":{"line":38,"column":38}}],"line":38}},"s":{"0":14,"1":31},"f":{"0":31},"b":{"0":[31,3],"1":[31,1],"2":[31,1],"3":[31,1],"4":[31,1],"5":[31,1],"6":[31,21],"7":[31,1],"8":[31,1]},"_coverageSchema":"1a1c01bbd47fc00a2c39e90264f33305004495a9","hash":"46d4b9d64329fb49fbfa0c50852466b020779f27"}
,"/Users/masakazutoyoyama/Documents/自己学習/アプリ開発/EC_with_node/front/src/components/atoms/ImgInputHookForm.tsx": {"path":"/Users/masakazutoyoyama/Documents/自己学習/アプリ開発/EC_with_node/front/src/components/atoms/ImgInputHookForm.tsx","statementMap":{"0":{"start":{"line":22,"column":36},"end":{"line":62,"column":1}},"1":{"start":{"line":30,"column":22},"end":{"line":45,"column":3}},"2":{"start":{"line":31,"column":4},"end":{"line":33,"column":5}},"3":{"start":{"line":32,"column":6},"end":{"line":32,"column":13}},"4":{"start":{"line":34,"column":14},"end":{"line":34,"column":32}},"5":{"start":{"line":35,"column":4},"end":{"line":44,"column":5}},"6":{"start":{"line":36,"column":6},"end":{"line":36,"column":32}},"7":{"start":{"line":37,"column":6},"end":{"line":37,"column":22}},"8":{"start":{"line":38,"column":6},"end":{"line":38,"column":25}},"9":{"start":{"line":40,"column":6},"end":{"line":43,"column":9}},"10":{"start":{"line":46,"column":2},"end":{"line":61,"column":4}},"11":{"start":{"line":52,"column":31},"end":{"line":52,"column":75}}},"fnMap":{"0":{"name":"(anonymous_0)","decl":{"start":{"line":22,"column":36},"end":{"line":22,"column":37}},"loc":{"start":{"line":29,"column":6},"end":{"line":62,"column":1}},"line":29},"1":{"name":"(anonymous_1)","decl":{"start":{"line":30,"column":22},"end":{"line":30,"column":23}},"loc":{"start":{"line":30,"column":66},"end":{"line":45,"column":3}},"line":30},"2":{"name":"(anonymous_2)","decl":{"start":{"line":52,"column":16},"end":{"line":52,"column":17}},"loc":{"start":{"line":52,"column":31},"end":{"line":52,"column":75}},"line":52}},"branchMap":{"0":{"loc":{"start":{"line":31,"column":4},"end":{"line":33,"column":5}},"type":"if","locations":[{"start":{"line":31,"column":4},"end":{"line":33,"column":5}},{"start":{"line":31,"column":4},"end":{"line":33,"column":5}}],"line":31},"1":{"loc":{"start":{"line":31,"column":8},"end":{"line":31,"column":71}},"type":"binary-expr","locations":[{"start":{"line":31,"column":8},"end":{"line":31,"column":36}},{"start":{"line":31,"column":40},"end":{"line":31,"column":71}}],"line":31},"2":{"loc":{"start":{"line":35,"column":4},"end":{"line":44,"column":5}},"type":"if","locations":[{"start":{"line":35,"column":4},"end":{"line":44,"column":5}},{"start":{"line":35,"column":4},"end":{"line":44,"column":5}}],"line":35},"3":{"loc":{"start":{"line":54,"column":7},"end":{"line":59,"column":7}},"type":"binary-expr","locations":[{"start":{"line":54,"column":7},"end":{"line":54,"column":26}},{"start":{"line":55,"column":8},"end":{"line":58,"column":12}}],"line":54},"4":{"loc":{"start":{"line":56,"column":11},"end":{"line":56,"column":53}},"type":"binary-expr","locations":[{"start":{"line":56,"column":11},"end":{"line":56,"column":36}},{"start":{"line":56,"column":40},"end":{"line":56,"column":53}}],"line":56},"5":{"loc":{"start":{"line":57,"column":11},"end":{"line":57,"column":53}},"type":"binary-expr","locations":[{"start":{"line":57,"column":11},"end":{"line":57,"column":36}},{"start":{"line":57,"column":40},"end":{"line":57,"column":53}}],"line":57}},"s":{"0":14,"1":19,"2":2,"3":0,"4":2,"5":2,"6":1,"7":1,"8":1,"9":1,"10":19,"11":22},"f":{"0":19,"1":2,"2":22},"b":{"0":[0,2],"1":[2,2],"2":[1,1],"3":[19,0],"4":[0,0],"5":[0,0]},"_coverageSchema":"1a1c01bbd47fc00a2c39e90264f33305004495a9","hash":"6b1693c40a758c671fef485a2f00d589afe6963a"}
,"/Users/masakazutoyoyama/Documents/自己学習/アプリ開発/EC_with_node/front/src/components/atoms/Inner.tsx": {"path":"/Users/masakazutoyoyama/Documents/自己学習/アプリ開発/EC_with_node/front/src/components/atoms/Inner.tsx","statementMap":{"0":{"start":{"line":8,"column":25},"end":{"line":26,"column":1}},"1":{"start":{"line":9,"column":2},"end":{"line":25,"column":4}}},"fnMap":{"0":{"name":"(anonymous_0)","decl":{"start":{"line":8,"column":25},"end":{"line":8,"column":26}},"loc":{"start":{"line":8,"column":43},"end":{"line":26,"column":1}},"line":8}},"branchMap":{},"s":{"0":14,"1":3},"f":{"0":3},"b":{},"_coverageSchema":"1a1c01bbd47fc00a2c39e90264f33305004495a9","hash":"3017990f7394b0b399e7a0b055ea1f193399c68e"}
,"/Users/masakazutoyoyama/Documents/自己学習/アプリ開発/EC_with_node/front/src/components/atoms/PaymentRadioHookForm.tsx": {"path":"/Users/masakazutoyoyama/Documents/自己学習/アプリ開発/EC_with_node/front/src/components/atoms/PaymentRadioHookForm.tsx","statementMap":{"0":{"start":{"line":10,"column":40},"end":{"line":39,"column":1}},"1":{"start":{"line":11,"column":2},"end":{"line":38,"column":4}},"2":{"start":{"line":18,"column":10},"end":{"line":29,"column":23}},"3":{"start":{"line":20,"column":29},"end":{"line":20,"column":61}}},"fnMap":{"0":{"name":"(anonymous_0)","decl":{"start":{"line":10,"column":40},"end":{"line":10,"column":41}},"loc":{"start":{"line":10,"column":78},"end":{"line":39,"column":1}},"line":10},"1":{"name":"(anonymous_1)","decl":{"start":{"line":17,"column":16},"end":{"line":17,"column":17}},"loc":{"start":{"line":18,"column":10},"end":{"line":29,"column":23}},"line":18},"2":{"name":"(anonymous_2)","decl":{"start":{"line":20,"column":22},"end":{"line":20,"column":23}},"loc":{"start":{"line":20,"column":29},"end":{"line":20,"column":61}},"line":20}},"branchMap":{"0":{"loc":{"start":{"line":32,"column":7},"end":{"line":36,"column":7}},"type":"binary-expr","locations":[{"start":{"line":32,"column":7},"end":{"line":32,"column":26}},{"start":{"line":33,"column":8},"end":{"line":35,"column":12}}],"line":32},"1":{"loc":{"start":{"line":34,"column":11},"end":{"line":34,"column":55}},"type":"binary-expr","locations":[{"start":{"line":34,"column":11},"end":{"line":34,"column":36}},{"start":{"line":34,"column":40},"end":{"line":34,"column":55}}],"line":34}},"s":{"0":14,"1":19,"2":22,"3":1},"f":{"0":19,"1":22,"2":1},"b":{"0":[19,0],"1":[0,0]},"_coverageSchema":"1a1c01bbd47fc00a2c39e90264f33305004495a9","hash":"ae337cc0bab9ca8223e6922978db4c3de20df532"}
,"/Users/masakazutoyoyama/Documents/自己学習/アプリ開発/EC_with_node/front/src/components/atoms/RadioInput.tsx": {"path":"/Users/masakazutoyoyama/Documents/自己学習/アプリ開発/EC_with_node/front/src/components/atoms/RadioInput.tsx","statementMap":{"0":{"start":{"line":17,"column":30},"end":{"line":46,"column":1}},"1":{"start":{"line":18,"column":2},"end":{"line":45,"column":4}},"2":{"start":{"line":29,"column":29},"end":{"line":29,"column":66}}},"fnMap":{"0":{"name":"(anonymous_0)","decl":{"start":{"line":17,"column":30},"end":{"line":17,"column":31}},"loc":{"start":{"line":17,"column":67},"end":{"line":46,"column":1}},"line":17},"1":{"name":"(anonymous_1)","decl":{"start":{"line":29,"column":22},"end":{"line":29,"column":23}},"loc":{"start":{"line":29,"column":29},"end":{"line":29,"column":66}},"line":29}},"branchMap":{"0":{"loc":{"start":{"line":24,"column":9},"end":{"line":42,"column":9}},"type":"binary-expr","locations":[{"start":{"line":24,"column":9},"end":{"line":24,"column":27}},{"start":{"line":25,"column":10},"end":{"line":41,"column":23}}],"line":24}},"s":{"0":14,"1":3,"2":1},"f":{"0":3,"1":1},"b":{"0":[3,3]},"_coverageSchema":"1a1c01bbd47fc00a2c39e90264f33305004495a9","hash":"585984e8cf74e5ae01c277c3bee6f0f1b6268671"}
,"/Users/masakazutoyoyama/Documents/自己学習/アプリ開発/EC_with_node/front/src/components/atoms/TextBoxHookForm.tsx": {"path":"/Users/masakazutoyoyama/Documents/自己学習/アプリ開発/EC_with_node/front/src/components/atoms/TextBoxHookForm.tsx","statementMap":{"0":{"start":{"line":10,"column":35},"end":{"line":36,"column":1}},"1":{"start":{"line":11,"column":2},"end":{"line":35,"column":4}},"2":{"start":{"line":18,"column":10},"end":{"line":24,"column":12}}},"fnMap":{"0":{"name":"(anonymous_0)","decl":{"start":{"line":10,"column":35},"end":{"line":10,"column":36}},"loc":{"start":{"line":10,"column":59},"end":{"line":36,"column":1}},"line":10},"1":{"name":"(anonymous_1)","decl":{"start":{"line":17,"column":16},"end":{"line":17,"column":17}},"loc":{"start":{"line":18,"column":10},"end":{"line":24,"column":12}},"line":18}},"branchMap":{"0":{"loc":{"start":{"line":27,"column":7},"end":{"line":33,"column":7}},"type":"binary-expr","locations":[{"start":{"line":27,"column":7},"end":{"line":27,"column":26}},{"start":{"line":28,"column":8},"end":{"line":32,"column":12}}],"line":27},"1":{"loc":{"start":{"line":29,"column":11},"end":{"line":29,"column":55}},"type":"binary-expr","locations":[{"start":{"line":29,"column":11},"end":{"line":29,"column":36}},{"start":{"line":29,"column":40},"end":{"line":29,"column":55}}],"line":29},"2":{"loc":{"start":{"line":30,"column":11},"end":{"line":31,"column":35}},"type":"binary-expr","locations":[{"start":{"line":30,"column":11},"end":{"line":30,"column":37}},{"start":{"line":31,"column":12},"end":{"line":31,"column":35}}],"line":30}},"s":{"0":14,"1":19,"2":24},"f":{"0":19,"1":24},"b":{"0":[19,1],"1":[1,1],"2":[1,0]},"_coverageSchema":"1a1c01bbd47fc00a2c39e90264f33305004495a9","hash":"44d77d7304433b64c7a9d902bb0f916dea29d5b8"}
,"/Users/masakazutoyoyama/Documents/自己学習/アプリ開発/EC_with_node/front/src/components/atoms/TextFieldHookForm.tsx": {"path":"/Users/masakazutoyoyama/Documents/自己学習/アプリ開発/EC_with_node/front/src/components/atoms/TextFieldHookForm.tsx","statementMap":{"0":{"start":{"line":18,"column":37},"end":{"line":54,"column":1}},"1":{"start":{"line":29,"column":2},"end":{"line":53,"column":4}},"2":{"start":{"line":41,"column":10},"end":{"line":41,"column":60}}},"fnMap":{"0":{"name":"(anonymous_0)","decl":{"start":{"line":18,"column":37},"end":{"line":18,"column":38}},"loc":{"start":{"line":28,"column":6},"end":{"line":54,"column":1}},"line":28},"1":{"name":"(anonymous_1)","decl":{"start":{"line":40,"column":16},"end":{"line":40,"column":17}},"loc":{"start":{"line":41,"column":10},"end":{"line":41,"column":60}},"line":41}},"branchMap":{"0":{"loc":{"start":{"line":44,"column":7},"end":{"line":51,"column":7}},"type":"binary-expr","locations":[{"start":{"line":44,"column":7},"end":{"line":44,"column":26}},{"start":{"line":45,"column":8},"end":{"line":50,"column":12}}],"line":44},"1":{"loc":{"start":{"line":46,"column":11},"end":{"line":46,"column":57}},"type":"binary-expr","locations":[{"start":{"line":46,"column":11},"end":{"line":46,"column":36}},{"start":{"line":46,"column":40},"end":{"line":46,"column":57}}],"line":46},"2":{"loc":{"start":{"line":47,"column":11},"end":{"line":47,"column":55}},"type":"binary-expr","locations":[{"start":{"line":47,"column":11},"end":{"line":47,"column":35}},{"start":{"line":47,"column":39},"end":{"line":47,"column":55}}],"line":47},"3":{"loc":{"start":{"line":48,"column":11},"end":{"line":48,"column":59}},"type":"binary-expr","locations":[{"start":{"line":48,"column":11},"end":{"line":48,"column":37}},{"start":{"line":48,"column":41},"end":{"line":48,"column":59}}],"line":48},"4":{"loc":{"start":{"line":49,"column":11},"end":{"line":49,"column":59}},"type":"binary-expr","locations":[{"start":{"line":49,"column":11},"end":{"line":49,"column":37}},{"start":{"line":49,"column":41},"end":{"line":49,"column":59}}],"line":49}},"s":{"0":14,"1":19,"2":24},"f":{"0":19,"1":24},"b":{"0":[19,1],"1":[1,0],"2":[1,1],"3":[1,0],"4":[1,0]},"_coverageSchema":"1a1c01bbd47fc00a2c39e90264f33305004495a9","hash":"d3560c60af611025f2ce55b2183b080cac176f70"}
,"/Users/masakazutoyoyama/Documents/自己学習/アプリ開発/EC_with_node/front/src/components/atoms/ZipcodeInputHookForm.tsx": {"path":"/Users/masakazutoyoyama/Documents/自己学習/アプリ開発/EC_with_node/front/src/components/atoms/ZipcodeInputHookForm.tsx","statementMap":{"0":{"start":{"line":24,"column":40},"end":{"line":63,"column":1}},"1":{"start":{"line":32,"column":21},"end":{"line":44,"column":3}},"2":{"start":{"line":33,"column":20},"end":{"line":33,"column":40}},"3":{"start":{"line":34,"column":4},"end":{"line":43,"column":9}},"4":{"start":{"line":36,"column":8},"end":{"line":36,"column":37}},"5":{"start":{"line":39,"column":8},"end":{"line":42,"column":11}},"6":{"start":{"line":45,"column":2},"end":{"line":62,"column":4}},"7":{"start":{"line":51,"column":31},"end":{"line":51,"column":68}},"8":{"start":{"line":53,"column":44},"end":{"line":53,"column":56}}},"fnMap":{"0":{"name":"(anonymous_0)","decl":{"start":{"line":24,"column":40},"end":{"line":24,"column":41}},"loc":{"start":{"line":30,"column":6},"end":{"line":63,"column":1}},"line":30},"1":{"name":"(anonymous_1)","decl":{"start":{"line":32,"column":21},"end":{"line":32,"column":22}},"loc":{"start":{"line":32,"column":27},"end":{"line":44,"column":3}},"line":32},"2":{"name":"(anonymous_2)","decl":{"start":{"line":35,"column":12},"end":{"line":35,"column":13}},"loc":{"start":{"line":35,"column":25},"end":{"line":37,"column":7}},"line":35},"3":{"name":"(anonymous_3)","decl":{"start":{"line":38,"column":13},"end":{"line":38,"column":14}},"loc":{"start":{"line":38,"column":20},"end":{"line":43,"column":7}},"line":38},"4":{"name":"(anonymous_4)","decl":{"start":{"line":51,"column":16},"end":{"line":51,"column":17}},"loc":{"start":{"line":51,"column":31},"end":{"line":51,"column":68}},"line":51},"5":{"name":"(anonymous_5)","decl":{"start":{"line":53,"column":38},"end":{"line":53,"column":39}},"loc":{"start":{"line":53,"column":44},"end":{"line":53,"column":56}},"line":53}},"branchMap":{"0":{"loc":{"start":{"line":54,"column":7},"end":{"line":60,"column":7}},"type":"binary-expr","locations":[{"start":{"line":54,"column":7},"end":{"line":54,"column":26}},{"start":{"line":55,"column":8},"end":{"line":59,"column":12}}],"line":54},"1":{"loc":{"start":{"line":56,"column":11},"end":{"line":56,"column":55}},"type":"binary-expr","locations":[{"start":{"line":56,"column":11},"end":{"line":56,"column":36}},{"start":{"line":56,"column":40},"end":{"line":56,"column":55}}],"line":56},"2":{"loc":{"start":{"line":57,"column":11},"end":{"line":57,"column":60}},"type":"binary-expr","locations":[{"start":{"line":57,"column":11},"end":{"line":57,"column":35}},{"start":{"line":57,"column":39},"end":{"line":57,"column":60}}],"line":57},"3":{"loc":{"start":{"line":58,"column":11},"end":{"line":58,"column":55}},"type":"binary-expr","locations":[{"start":{"line":58,"column":11},"end":{"line":58,"column":38}},{"start":{"line":58,"column":42},"end":{"line":58,"column":55}}],"line":58}},"s":{"0":14,"1":19,"2":1,"3":1,"4":1,"5":0,"6":19,"7":24,"8":1},"f":{"0":19,"1":1,"2":1,"3":0,"4":24,"5":1},"b":{"0":[19,1],"1":[1,0],"2":[1,1],"3":[1,0]},"_coverageSchema":"1a1c01bbd47fc00a2c39e90264f33305004495a9","hash":"16a889488f0ae390e2184bbfed3bb175f9b683e7"}
,"/Users/masakazutoyoyama/Documents/自己学習/アプリ開発/EC_with_node/front/src/components/atoms/index.ts": {"path":"/Users/masakazutoyoyama/Documents/自己学習/アプリ開発/EC_with_node/front/src/components/atoms/index.ts","statementMap":{},"fnMap":{},"branchMap":{},"s":{},"f":{},"b":{},"_coverageSchema":"1a1c01bbd47fc00a2c39e90264f33305004495a9","hash":"0d2ae1063fdb775fd43a19196ddab0745baffc16"}
,"/Users/masakazutoyoyama/Documents/自己学習/アプリ開発/EC_with_node/front/src/components/molecules/CartItemsTableRow.tsx": {"path":"/Users/masakazutoyoyama/Documents/自己学習/アプリ開発/EC_with_node/front/src/components/molecules/CartItemsTableRow.tsx","statementMap":{"0":{"start":{"line":25,"column":37},"end":{"line":108,"column":1}},"1":{"start":{"line":32,"column":19},"end":{"line":32,"column":32}},"2":{"start":{"line":33,"column":14},"end":{"line":33,"column":39}},"3":{"start":{"line":35,"column":27},"end":{"line":45,"column":3}},"4":{"start":{"line":36,"column":29},"end":{"line":36,"column":40}},"5":{"start":{"line":37,"column":4},"end":{"line":37,"column":72}},"6":{"start":{"line":37,"column":56},"end":{"line":37,"column":70}},"7":{"start":{"line":38,"column":4},"end":{"line":44,"column":5}},"8":{"start":{"line":39,"column":6},"end":{"line":41,"column":8}},"9":{"start":{"line":43,"column":6},"end":{"line":43,"column":34}},"10":{"start":{"line":47,"column":2},"end":{"line":107,"column":4}},"11":{"start":{"line":51,"column":10},"end":{"line":104,"column":11}},"12":{"start":{"line":85,"column":20},"end":{"line":85,"column":79}},"13":{"start":{"line":98,"column":37},"end":{"line":98,"column":66}}},"fnMap":{"0":{"name":"(anonymous_0)","decl":{"start":{"line":25,"column":37},"end":{"line":25,"column":38}},"loc":{"start":{"line":31,"column":6},"end":{"line":108,"column":1}},"line":31},"1":{"name":"(anonymous_1)","decl":{"start":{"line":35,"column":27},"end":{"line":35,"column":28}},"loc":{"start":{"line":35,"column":43},"end":{"line":45,"column":3}},"line":35},"2":{"name":"(anonymous_2)","decl":{"start":{"line":37,"column":46},"end":{"line":37,"column":47}},"loc":{"start":{"line":37,"column":56},"end":{"line":37,"column":70}},"line":37},"3":{"name":"(anonymous_3)","decl":{"start":{"line":50,"column":8},"end":{"line":50,"column":9}},"loc":{"start":{"line":51,"column":10},"end":{"line":104,"column":11}},"line":51},"4":{"name":"(anonymous_4)","decl":{"start":{"line":84,"column":40},"end":{"line":84,"column":41}},"loc":{"start":{"line":85,"column":20},"end":{"line":85,"column":79}},"line":85},"5":{"name":"(anonymous_5)","decl":{"start":{"line":98,"column":31},"end":{"line":98,"column":32}},"loc":{"start":{"line":98,"column":37},"end":{"line":98,"column":66}},"line":98}},"branchMap":{"0":{"loc":{"start":{"line":38,"column":4},"end":{"line":44,"column":5}},"type":"if","locations":[{"start":{"line":38,"column":4},"end":{"line":44,"column":5}},{"start":{"line":38,"column":4},"end":{"line":44,"column":5}}],"line":38},"1":{"loc":{"start":{"line":51,"column":10},"end":{"line":104,"column":11}},"type":"binary-expr","locations":[{"start":{"line":51,"column":10},"end":{"line":51,"column":38}},{"start":{"line":52,"column":12},"end":{"line":103,"column":23}}],"line":51},"2":{"loc":{"start":{"line":54,"column":15},"end":{"line":58,"column":15}},"type":"binary-expr","locations":[{"start":{"line":54,"column":15},"end":{"line":54,"column":43}},{"start":{"line":55,"column":16},"end":{"line":57,"column":28}}],"line":54},"3":{"loc":{"start":{"line":66,"column":15},"end":{"line":74,"column":15}},"type":"cond-expr","locations":[{"start":{"line":67,"column":16},"end":{"line":69,"column":28}},{"start":{"line":71,"column":16},"end":{"line":73,"column":28}}],"line":66},"4":{"loc":{"start":{"line":83,"column":17},"end":{"line":89,"column":17}},"type":"cond-expr","locations":[{"start":{"line":84,"column":18},"end":{"line":86,"column":20}},{"start":{"line":88,"column":18},"end":{"line":88,"column":31}}],"line":83},"5":{"loc":{"start":{"line":93,"column":15},"end":{"line":102,"column":15}},"type":"binary-expr","locations":[{"start":{"line":93,"column":15},"end":{"line":93,"column":43}},{"start":{"line":94,"column":16},"end":{"line":101,"column":28}}],"line":93},"6":{"loc":{"start":{"line":95,"column":19},"end":{"line":100,"column":19}},"type":"binary-expr","locations":[{"start":{"line":95,"column":19},"end":{"line":95,"column":24}},{"start":{"line":96,"column":20},"end":{"line":99,"column":22}}],"line":95}},"s":{"0":4,"1":0,"2":0,"3":0,"4":0,"5":0,"6":0,"7":0,"8":0,"9":0,"10":0,"11":0,"12":0,"13":0},"f":{"0":0,"1":0,"2":0,"3":0,"4":0,"5":0},"b":{"0":[0,0],"1":[0,0],"2":[0,0],"3":[0,0],"4":[0,0],"5":[0,0],"6":[0,0]},"_coverageSchema":"1a1c01bbd47fc00a2c39e90264f33305004495a9","hash":"5bdc2bdf0b2f437ce6104977db8f151463581aa3"}
,"/Users/masakazutoyoyama/Documents/自己学習/アプリ開発/EC_with_node/front/src/components/molecules/HeadIconBtns.tsx": {"path":"/Users/masakazutoyoyama/Documents/自己学習/アプリ開発/EC_with_node/front/src/components/molecules/HeadIconBtns.tsx","statementMap":{"0":{"start":{"line":11,"column":32},"end":{"line":29,"column":1}},"1":{"start":{"line":12,"column":18},"end":{"line":12,"column":30}},"2":{"start":{"line":13,"column":2},"end":{"line":28,"column":4}},"3":{"start":{"line":16,"column":47},"end":{"line":16,"column":75}},"4":{"start":{"line":18,"column":44},"end":{"line":18,"column":65}},"5":{"start":{"line":20,"column":49},"end":{"line":20,"column":78}},"6":{"start":{"line":23,"column":48},"end":{"line":23,"column":70}},"7":{"start":{"line":25,"column":47},"end":{"line":25,"column":69}}},"fnMap":{"0":{"name":"(anonymous_0)","decl":{"start":{"line":11,"column":32},"end":{"line":11,"column":33}},"loc":{"start":{"line":11,"column":52},"end":{"line":29,"column":1}},"line":11},"1":{"name":"(anonymous_1)","decl":{"start":{"line":16,"column":41},"end":{"line":16,"column":42}},"loc":{"start":{"line":16,"column":47},"end":{"line":16,"column":75}},"line":16},"2":{"name":"(anonymous_2)","decl":{"start":{"line":18,"column":38},"end":{"line":18,"column":39}},"loc":{"start":{"line":18,"column":44},"end":{"line":18,"column":65}},"line":18},"3":{"name":"(anonymous_3)","decl":{"start":{"line":20,"column":43},"end":{"line":20,"column":44}},"loc":{"start":{"line":20,"column":49},"end":{"line":20,"column":78}},"line":20},"4":{"name":"(anonymous_4)","decl":{"start":{"line":23,"column":42},"end":{"line":23,"column":43}},"loc":{"start":{"line":23,"column":48},"end":{"line":23,"column":70}},"line":23},"5":{"name":"(anonymous_5)","decl":{"start":{"line":25,"column":41},"end":{"line":25,"column":42}},"loc":{"start":{"line":25,"column":47},"end":{"line":25,"column":69}},"line":25}},"branchMap":{"0":{"loc":{"start":{"line":15,"column":7},"end":{"line":17,"column":7}},"type":"binary-expr","locations":[{"start":{"line":15,"column":7},"end":{"line":15,"column":23}},{"start":{"line":16,"column":8},"end":{"line":16,"column":79}}],"line":15},"1":{"loc":{"start":{"line":19,"column":7},"end":{"line":21,"column":7}},"type":"binary-expr","locations":[{"start":{"line":19,"column":7},"end":{"line":19,"column":10}},{"start":{"line":20,"column":8},"end":{"line":20,"column":82}}],"line":19},"2":{"loc":{"start":{"line":22,"column":7},"end":{"line":26,"column":7}},"type":"cond-expr","locations":[{"start":{"line":23,"column":8},"end":{"line":23,"column":74}},{"start":{"line":25,"column":8},"end":{"line":25,"column":73}}],"line":22}},"s":{"0":4,"1":0,"2":0,"3":0,"4":0,"5":0,"6":0,"7":0},"f":{"0":0,"1":0,"2":0,"3":0,"4":0,"5":0},"b":{"0":[0,0],"1":[0,0],"2":[0,0]},"_coverageSchema":"1a1c01bbd47fc00a2c39e90264f33305004495a9","hash":"12b741bf7c5d2852e2a3c7557cdb8eb770b3c224"}
,"/Users/masakazutoyoyama/Documents/自己学習/アプリ開発/EC_with_node/front/src/components/molecules/Item.tsx": {"path":"/Users/masakazutoyoyama/Documents/自己学習/アプリ開発/EC_with_node/front/src/components/molecules/Item.tsx","statementMap":{"0":{"start":{"line":13,"column":18},"end":{"line":85,"column":1}},"1":{"start":{"line":14,"column":2},"end":{"line":84,"column":4}},"2":{"start":{"line":91,"column":24},"end":{"line":128,"column":1}},"3":{"start":{"line":92,"column":18},"end":{"line":92,"column":29}},"4":{"start":{"line":93,"column":18},"end":{"line":93,"column":30}},"5":{"start":{"line":95,"column":2},"end":{"line":127,"column":4}},"6":{"start":{"line":97,"column":37},"end":{"line":97,"column":73}}},"fnMap":{"0":{"name":"(anonymous_0)","decl":{"start":{"line":13,"column":29},"end":{"line":13,"column":30}},"loc":{"start":{"line":14,"column":2},"end":{"line":84,"column":4}},"line":14},"1":{"name":"(anonymous_1)","decl":{"start":{"line":91,"column":24},"end":{"line":91,"column":25}},"loc":{"start":{"line":91,"column":38},"end":{"line":128,"column":1}},"line":91},"2":{"name":"(anonymous_2)","decl":{"start":{"line":97,"column":31},"end":{"line":97,"column":32}},"loc":{"start":{"line":97,"column":37},"end":{"line":97,"column":73}},"line":97}},"branchMap":{},"s":{"0":4,"1":0,"2":4,"3":0,"4":0,"5":0,"6":0},"f":{"0":0,"1":0,"2":0},"b":{},"_coverageSchema":"1a1c01bbd47fc00a2c39e90264f33305004495a9","hash":"68cf86381c5905cc52620480cd6f8b8d9f78c643"}
,"/Users/masakazutoyoyama/Documents/自己学習/アプリ開発/EC_with_node/front/src/components/molecules/ItemDetail.tsx": {"path":"/Users/masakazutoyoyama/Documents/自己学習/アプリ開発/EC_with_node/front/src/components/molecules/ItemDetail.tsx","statementMap":{"0":{"start":{"line":9,"column":18},"end":{"line":33,"column":1}},"1":{"start":{"line":10,"column":2},"end":{"line":32,"column":4}},"2":{"start":{"line":35,"column":30},"end":{"line":58,"column":1}},"3":{"start":{"line":36,"column":18},"end":{"line":36,"column":29}},"4":{"start":{"line":37,"column":2},"end":{"line":57,"column":4}}},"fnMap":{"0":{"name":"(anonymous_0)","decl":{"start":{"line":9,"column":29},"end":{"line":9,"column":30}},"loc":{"start":{"line":10,"column":2},"end":{"line":32,"column":4}},"line":10},"1":{"name":"(anonymous_1)","decl":{"start":{"line":35,"column":30},"end":{"line":35,"column":31}},"loc":{"start":{"line":35,"column":44},"end":{"line":58,"column":1}},"line":35}},"branchMap":{"0":{"loc":{"start":{"line":39,"column":7},"end":{"line":55,"column":7}},"type":"binary-expr","locations":[{"start":{"line":39,"column":7},"end":{"line":39,"column":25}},{"start":{"line":40,"column":8},"end":{"line":54,"column":15}}],"line":39}},"s":{"0":4,"1":0,"2":4,"3":0,"4":0},"f":{"0":0,"1":0},"b":{"0":[0,0]},"_coverageSchema":"1a1c01bbd47fc00a2c39e90264f33305004495a9","hash":"a2ca08ac1c9b07783f85526a6476c080235591b6"}
,"/Users/masakazutoyoyama/Documents/自己学習/アプリ開発/EC_with_node/front/src/components/molecules/Items.tsx": {"path":"/Users/masakazutoyoyama/Documents/自己学習/アプリ開発/EC_with_node/front/src/components/molecules/Items.tsx","statementMap":{"0":{"start":{"line":11,"column":25},"end":{"line":21,"column":1}},"1":{"start":{"line":12,"column":2},"end":{"line":20,"column":4}},"2":{"start":{"line":17,"column":36},"end":{"line":17,"column":68}}},"fnMap":{"0":{"name":"(anonymous_0)","decl":{"start":{"line":11,"column":25},"end":{"line":11,"column":26}},"loc":{"start":{"line":11,"column":48},"end":{"line":21,"column":1}},"line":11},"1":{"name":"(anonymous_1)","decl":{"start":{"line":17,"column":19},"end":{"line":17,"column":20}},"loc":{"start":{"line":17,"column":36},"end":{"line":17,"column":68}},"line":17}},"branchMap":{"0":{"loc":{"start":{"line":14,"column":7},"end":{"line":18,"column":7}},"type":"cond-expr","locations":[{"start":{"line":15,"column":8},"end":{"line":15,"column":29}},{"start":{"line":17,"column":8},"end":{"line":17,"column":69}}],"line":14}},"s":{"0":4,"1":1,"2":0},"f":{"0":1,"1":0},"b":{"0":[0,1]},"_coverageSchema":"1a1c01bbd47fc00a2c39e90264f33305004495a9","hash":"21463f30c2d7dd9ec458a9c09662672042f9b93c"}
,"/Users/masakazutoyoyama/Documents/自己学習/アプリ開発/EC_with_node/front/src/components/molecules/ItemsTableHead.tsx": {"path":"/Users/masakazutoyoyama/Documents/自己学習/アプリ開発/EC_with_node/front/src/components/molecules/ItemsTableHead.tsx","statementMap":{"0":{"start":{"line":12,"column":34},"end":{"line":24,"column":1}},"1":{"start":{"line":13,"column":2},"end":{"line":23,"column":4}},"2":{"start":{"line":17,"column":10},"end":{"line":19,"column":22}}},"fnMap":{"0":{"name":"(anonymous_0)","decl":{"start":{"line":12,"column":34},"end":{"line":12,"column":35}},"loc":{"start":{"line":12,"column":49},"end":{"line":24,"column":1}},"line":12},"1":{"name":"(anonymous_1)","decl":{"start":{"line":16,"column":19},"end":{"line":16,"column":20}},"loc":{"start":{"line":17,"column":10},"end":{"line":19,"column":22}},"line":17}},"branchMap":{},"s":{"0":4,"1":0,"2":0},"f":{"0":0,"1":0},"b":{},"_coverageSchema":"1a1c01bbd47fc00a2c39e90264f33305004495a9","hash":"02f3688bd854e34d57a8d290ba8c25b90d0e8411"}
,"/Users/masakazutoyoyama/Documents/自己学習/アプリ開発/EC_with_node/front/src/components/molecules/OrderItemsTableRow.tsx": {"path":"/Users/masakazutoyoyama/Documents/自己学習/アプリ開発/EC_with_node/front/src/components/molecules/OrderItemsTableRow.tsx","statementMap":{"0":{"start":{"line":27,"column":38},"end":{"line":92,"column":1}},"1":{"start":{"line":28,"column":19},"end":{"line":28,"column":32}},"2":{"start":{"line":30,"column":22},"end":{"line":36,"column":3}},"3":{"start":{"line":31,"column":4},"end":{"line":35,"column":5}},"4":{"start":{"line":32,"column":6},"end":{"line":34,"column":8}},"5":{"start":{"line":37,"column":2},"end":{"line":91,"column":4}},"6":{"start":{"line":62,"column":45},"end":{"line":62,"column":68}},"7":{"start":{"line":78,"column":16},"end":{"line":85,"column":18}}},"fnMap":{"0":{"name":"(anonymous_0)","decl":{"start":{"line":27,"column":38},"end":{"line":27,"column":39}},"loc":{"start":{"line":27,"column":73},"end":{"line":92,"column":1}},"line":27},"1":{"name":"(anonymous_1)","decl":{"start":{"line":30,"column":22},"end":{"line":30,"column":23}},"loc":{"start":{"line":30,"column":39},"end":{"line":36,"column":3}},"line":30},"2":{"name":"(anonymous_2)","decl":{"start":{"line":62,"column":39},"end":{"line":62,"column":40}},"loc":{"start":{"line":62,"column":45},"end":{"line":62,"column":68}},"line":62},"3":{"name":"(anonymous_3)","decl":{"start":{"line":77,"column":33},"end":{"line":77,"column":34}},"loc":{"start":{"line":78,"column":16},"end":{"line":85,"column":18}},"line":78}},"branchMap":{"0":{"loc":{"start":{"line":31,"column":4},"end":{"line":35,"column":5}},"type":"if","locations":[{"start":{"line":31,"column":4},"end":{"line":35,"column":5}},{"start":{"line":31,"column":4},"end":{"line":35,"column":5}}],"line":31},"1":{"loc":{"start":{"line":46,"column":9},"end":{"line":48,"column":9}},"type":"binary-expr","locations":[{"start":{"line":46,"column":9},"end":{"line":46,"column":45}},{"start":{"line":47,"column":10},"end":{"line":47,"column":47}}],"line":46},"2":{"loc":{"start":{"line":49,"column":9},"end":{"line":51,"column":9}},"type":"binary-expr","locations":[{"start":{"line":49,"column":9},"end":{"line":49,"column":43}},{"start":{"line":50,"column":10},"end":{"line":50,"column":51}}],"line":49},"3":{"loc":{"start":{"line":52,"column":9},"end":{"line":54,"column":9}},"type":"binary-expr","locations":[{"start":{"line":52,"column":9},"end":{"line":52,"column":50}},{"start":{"line":53,"column":10},"end":{"line":53,"column":50}}],"line":52},"4":{"loc":{"start":{"line":55,"column":9},"end":{"line":57,"column":9}},"type":"binary-expr","locations":[{"start":{"line":55,"column":9},"end":{"line":55,"column":48}},{"start":{"line":56,"column":10},"end":{"line":56,"column":49}}],"line":55},"5":{"loc":{"start":{"line":58,"column":9},"end":{"line":60,"column":9}},"type":"binary-expr","locations":[{"start":{"line":58,"column":9},"end":{"line":58,"column":48}},{"start":{"line":59,"column":10},"end":{"line":59,"column":52}}],"line":58},"6":{"loc":{"start":{"line":61,"column":9},"end":{"line":63,"column":9}},"type":"binary-expr","locations":[{"start":{"line":61,"column":9},"end":{"line":61,"column":50}},{"start":{"line":62,"column":10},"end":{"line":62,"column":72}}],"line":61},"7":{"loc":{"start":{"line":76,"column":13},"end":{"line":86,"column":16}},"type":"binary-expr","locations":[{"start":{"line":76,"column":13},"end":{"line":76,"column":41}},{"start":{"line":77,"column":14},"end":{"line":86,"column":16}}],"line":76}},"s":{"0":4,"1":0,"2":0,"3":0,"4":0,"5":0,"6":0,"7":0},"f":{"0":0,"1":0,"2":0,"3":0},"b":{"0":[0,0],"1":[0,0],"2":[0,0],"3":[0,0],"4":[0,0],"5":[0,0],"6":[0,0],"7":[0,0]},"_coverageSchema":"1a1c01bbd47fc00a2c39e90264f33305004495a9","hash":"d852f72bde3dcbe02d1dfdf184a67c806ee663c8"}
,"/Users/masakazutoyoyama/Documents/自己学習/アプリ開発/EC_with_node/front/src/components/molecules/SearchForm.tsx": {"path":"/Users/masakazutoyoyama/Documents/自己学習/アプリ開発/EC_with_node/front/src/components/molecules/SearchForm.tsx","statementMap":{"0":{"start":{"line":11,"column":30},"end":{"line":26,"column":1}},"1":{"start":{"line":12,"column":26},"end":{"line":12,"column":44}},"2":{"start":{"line":13,"column":2},"end":{"line":25,"column":4}},"3":{"start":{"line":21,"column":25},"end":{"line":21,"column":48}},"4":{"start":{"line":23,"column":44},"end":{"line":23,"column":57}}},"fnMap":{"0":{"name":"(anonymous_0)","decl":{"start":{"line":11,"column":30},"end":{"line":11,"column":31}},"loc":{"start":{"line":11,"column":46},"end":{"line":26,"column":1}},"line":11},"1":{"name":"(anonymous_1)","decl":{"start":{"line":21,"column":18},"end":{"line":21,"column":19}},"loc":{"start":{"line":21,"column":25},"end":{"line":21,"column":48}},"line":21},"2":{"name":"(anonymous_2)","decl":{"start":{"line":23,"column":38},"end":{"line":23,"column":39}},"loc":{"start":{"line":23,"column":44},"end":{"line":23,"column":57}},"line":23}},"branchMap":{},"s":{"0":4,"1":1,"2":1,"3":0,"4":0},"f":{"0":1,"1":0,"2":0},"b":{},"_coverageSchema":"1a1c01bbd47fc00a2c39e90264f33305004495a9","hash":"060b03303e223951c1dd540369684a01ece97352"}
,"/Users/masakazutoyoyama/Documents/自己学習/アプリ開発/EC_with_node/front/src/components/molecules/SelectNumForm.tsx": {"path":"/Users/masakazutoyoyama/Documents/自己学習/アプリ開発/EC_with_node/front/src/components/molecules/SelectNumForm.tsx","statementMap":{"0":{"start":{"line":9,"column":23},"end":{"line":9,"column":25}},"1":{"start":{"line":10,"column":21},"end":{"line":10,"column":23}},"2":{"start":{"line":11,"column":0},"end":{"line":13,"column":1}},"3":{"start":{"line":11,"column":13},"end":{"line":11,"column":14}},"4":{"start":{"line":12,"column":2},"end":{"line":12,"column":15}},"5":{"start":{"line":15,"column":33},"end":{"line":36,"column":1}},"6":{"start":{"line":16,"column":2},"end":{"line":35,"column":4}},"7":{"start":{"line":25,"column":32},"end":{"line":25,"column":58}},"8":{"start":{"line":28,"column":12},"end":{"line":30,"column":23}}},"fnMap":{"0":{"name":"(anonymous_0)","decl":{"start":{"line":15,"column":33},"end":{"line":15,"column":34}},"loc":{"start":{"line":15,"column":62},"end":{"line":36,"column":1}},"line":15},"1":{"name":"(anonymous_1)","decl":{"start":{"line":25,"column":20},"end":{"line":25,"column":21}},"loc":{"start":{"line":25,"column":32},"end":{"line":25,"column":58}},"line":25},"2":{"name":"(anonymous_2)","decl":{"start":{"line":27,"column":20},"end":{"line":27,"column":21}},"loc":{"start":{"line":28,"column":12},"end":{"line":30,"column":23}},"line":28}},"branchMap":{},"s":{"0":4,"1":4,"2":4,"3":4,"4":60,"5":4,"6":0,"7":0,"8":0},"f":{"0":0,"1":0,"2":0},"b":{},"_coverageSchema":"1a1c01bbd47fc00a2c39e90264f33305004495a9","hash":"246e09340f5e43c8efbc1d8b57a0bd421d46c1fc"}
,"/Users/masakazutoyoyama/Documents/自己学習/アプリ開発/EC_with_node/front/src/components/molecules/SelectToppingForm.tsx": {"path":"/Users/masakazutoyoyama/Documents/自己学習/アプリ開発/EC_with_node/front/src/components/molecules/SelectToppingForm.tsx","statementMap":{"0":{"start":{"line":13,"column":18},"end":{"line":18,"column":3}},"1":{"start":{"line":13,"column":41},"end":{"line":18,"column":1}},"2":{"start":{"line":20,"column":37},"end":{"line":65,"column":1}},"3":{"start":{"line":25,"column":18},"end":{"line":25,"column":29}},"4":{"start":{"line":26,"column":26},"end":{"line":26,"column":37}},"5":{"start":{"line":28,"column":2},"end":{"line":49,"column":13}},"6":{"start":{"line":30,"column":4},"end":{"line":48,"column":5}},"7":{"start":{"line":31,"column":6},"end":{"line":31,"column":66}},"8":{"start":{"line":33,"column":33},"end":{"line":33,"column":37}},"9":{"start":{"line":34,"column":6},"end":{"line":38,"column":9}},"10":{"start":{"line":35,"column":8},"end":{"line":37,"column":9}},"11":{"start":{"line":36,"column":10},"end":{"line":36,"column":45}},"12":{"start":{"line":39,"column":6},"end":{"line":47,"column":7}},"13":{"start":{"line":40,"column":8},"end":{"line":40,"column":41}},"14":{"start":{"line":41,"column":8},"end":{"line":41,"column":45}},"15":{"start":{"line":43,"column":8},"end":{"line":46,"column":11}},"16":{"start":{"line":50,"column":2},"end":{"line":64,"column":4}},"17":{"start":{"line":57,"column":30},"end":{"line":57,"column":53}}},"fnMap":{"0":{"name":"(anonymous_0)","decl":{"start":{"line":13,"column":29},"end":{"line":13,"column":30}},"loc":{"start":{"line":13,"column":41},"end":{"line":18,"column":1}},"line":13},"1":{"name":"(anonymous_1)","decl":{"start":{"line":20,"column":37},"end":{"line":20,"column":38}},"loc":{"start":{"line":24,"column":6},"end":{"line":65,"column":1}},"line":24},"2":{"name":"(anonymous_2)","decl":{"start":{"line":28,"column":12},"end":{"line":28,"column":13}},"loc":{"start":{"line":28,"column":18},"end":{"line":49,"column":3}},"line":28},"3":{"name":"(anonymous_3)","decl":{"start":{"line":34,"column":28},"end":{"line":34,"column":29}},"loc":{"start":{"line":34,"column":37},"end":{"line":38,"column":7}},"line":34},"4":{"name":"(anonymous_4)","decl":{"start":{"line":57,"column":18},"end":{"line":57,"column":19}},"loc":{"start":{"line":57,"column":30},"end":{"line":57,"column":53}},"line":57}},"branchMap":{"0":{"loc":{"start":{"line":30,"column":4},"end":{"line":48,"column":5}},"type":"if","locations":[{"start":{"line":30,"column":4},"end":{"line":48,"column":5}},{"start":{"line":30,"column":4},"end":{"line":48,"column":5}}],"line":30},"1":{"loc":{"start":{"line":35,"column":8},"end":{"line":37,"column":9}},"type":"if","locations":[{"start":{"line":35,"column":8},"end":{"line":37,"column":9}},{"start":{"line":35,"column":8},"end":{"line":37,"column":9}}],"line":35},"2":{"loc":{"start":{"line":39,"column":6},"end":{"line":47,"column":7}},"type":"if","locations":[{"start":{"line":39,"column":6},"end":{"line":47,"column":7}},{"start":{"line":39,"column":6},"end":{"line":47,"column":7}}],"line":39}},"s":{"0":4,"1":0,"2":4,"3":0,"4":0,"5":0,"6":0,"7":0,"8":0,"9":0,"10":0,"11":0,"12":0,"13":0,"14":0,"15":0,"16":0,"17":0},"f":{"0":0,"1":0,"2":0,"3":0,"4":0},"b":{"0":[0,0],"1":[0,0],"2":[0,0]},"_coverageSchema":"1a1c01bbd47fc00a2c39e90264f33305004495a9","hash":"258507ca62fadbd665ec1102d6aae46b3faf86f9"}
,"/Users/masakazutoyoyama/Documents/自己学習/アプリ開発/EC_with_node/front/src/components/molecules/ToppingFormWrapper.tsx": {"path":"/Users/masakazutoyoyama/Documents/自己学習/アプリ開発/EC_with_node/front/src/components/molecules/ToppingFormWrapper.tsx","statementMap":{"0":{"start":{"line":12,"column":38},"end":{"line":32,"column":1}},"1":{"start":{"line":16,"column":19},"end":{"line":16,"column":49}},"2":{"start":{"line":17,"column":2},"end":{"line":31,"column":4}},"3":{"start":{"line":23,"column":8},"end":{"line":28,"column":10}}},"fnMap":{"0":{"name":"(anonymous_0)","decl":{"start":{"line":12,"column":38},"end":{"line":12,"column":39}},"loc":{"start":{"line":15,"column":6},"end":{"line":32,"column":1}},"line":15},"1":{"name":"(anonymous_1)","decl":{"start":{"line":22,"column":20},"end":{"line":22,"column":21}},"loc":{"start":{"line":23,"column":8},"end":{"line":28,"column":10}},"line":23}},"branchMap":{},"s":{"0":4,"1":0,"2":0,"3":0},"f":{"0":0,"1":0},"b":{},"_coverageSchema":"1a1c01bbd47fc00a2c39e90264f33305004495a9","hash":"02ed44666c16931d77a2b413a6473caab9ccadb0"}
,"/Users/masakazutoyoyama/Documents/自己学習/アプリ開発/EC_with_node/front/src/components/molecules/ToppingsTableCell.tsx": {"path":"/Users/masakazutoyoyama/Documents/自己学習/アプリ開発/EC_with_node/front/src/components/molecules/ToppingsTableCell.tsx","statementMap":{"0":{"start":{"line":9,"column":37},"end":{"line":28,"column":1}},"1":{"start":{"line":10,"column":19},"end":{"line":10,"column":49}},"2":{"start":{"line":11,"column":2},"end":{"line":27,"column":4}},"3":{"start":{"line":15,"column":10},"end":{"line":24,"column":11}}},"fnMap":{"0":{"name":"(anonymous_0)","decl":{"start":{"line":9,"column":37},"end":{"line":9,"column":38}},"loc":{"start":{"line":9,"column":58},"end":{"line":28,"column":1}},"line":9},"1":{"name":"(anonymous_1)","decl":{"start":{"line":14,"column":8},"end":{"line":14,"column":9}},"loc":{"start":{"line":15,"column":10},"end":{"line":24,"column":11}},"line":15}},"branchMap":{"0":{"loc":{"start":{"line":15,"column":10},"end":{"line":24,"column":11}},"type":"binary-expr","locations":[{"start":{"line":15,"column":10},"end":{"line":15,"column":47}},{"start":{"line":16,"column":12},"end":{"line":23,"column":18}}],"line":15},"1":{"loc":{"start":{"line":18,"column":15},"end":{"line":22,"column":15}},"type":"cond-expr","locations":[{"start":{"line":19,"column":16},"end":{"line":19,"column":46}},{"start":{"line":21,"column":16},"end":{"line":21,"column":46}}],"line":18}},"s":{"0":4,"1":0,"2":0,"3":0},"f":{"0":0,"1":0},"b":{"0":[0,0],"1":[0,0]},"_coverageSchema":"1a1c01bbd47fc00a2c39e90264f33305004495a9","hash":"fa2987549645deaf1bc2ba685e5c1b4026f4d59f"}
,"/Users/masakazutoyoyama/Documents/自己学習/アプリ開発/EC_with_node/front/src/components/molecules/index.ts": {"path":"/Users/masakazutoyoyama/Documents/自己学習/アプリ開発/EC_with_node/front/src/components/molecules/index.ts","statementMap":{},"fnMap":{},"branchMap":{},"s":{},"f":{},"b":{},"_coverageSchema":"1a1c01bbd47fc00a2c39e90264f33305004495a9","hash":"41568f8e4ae863e40186926aad36800cf7c6caed"}
,"/Users/masakazutoyoyama/Documents/自己学習/アプリ開発/EC_with_node/front/src/components/organisms/CartItemsTable.tsx": {"path":"/Users/masakazutoyoyama/Documents/自己学習/アプリ開発/EC_with_node/front/src/components/organisms/CartItemsTable.tsx","statementMap":{"0":{"start":{"line":13,"column":34},"end":{"line":47,"column":1}},"1":{"start":{"line":14,"column":2},"end":{"line":46,"column":4}},"2":{"start":{"line":29,"column":12},"end":{"line":41,"column":13}},"3":{"start":{"line":31,"column":16},"end":{"line":40,"column":17}}},"fnMap":{"0":{"name":"(anonymous_0)","decl":{"start":{"line":13,"column":34},"end":{"line":13,"column":35}},"loc":{"start":{"line":13,"column":61},"end":{"line":47,"column":1}},"line":13},"1":{"name":"(anonymous_1)","decl":{"start":{"line":28,"column":30},"end":{"line":28,"column":31}},"loc":{"start":{"line":29,"column":12},"end":{"line":41,"column":13}},"line":29},"2":{"name":"(anonymous_2)","decl":{"start":{"line":30,"column":14},"end":{"line":30,"column":15}},"loc":{"start":{"line":31,"column":16},"end":{"line":40,"column":17}},"line":31}},"branchMap":{"0":{"loc":{"start":{"line":31,"column":16},"end":{"line":40,"column":17}},"type":"binary-expr","locations":[{"start":{"line":31,"column":16},"end":{"line":31,"column":44}},{"start":{"line":32,"column":18},"end":{"line":39,"column":20}}],"line":31}},"s":{"0":3,"1":0,"2":0,"3":0},"f":{"0":0,"1":0,"2":0},"b":{"0":[0,0]},"_coverageSchema":"1a1c01bbd47fc00a2c39e90264f33305004495a9","hash":"875c74634514e010897edf467d59493568b61703"}
,"/Users/masakazutoyoyama/Documents/自己学習/アプリ開発/EC_with_node/front/src/components/organisms/Header.tsx": {"path":"/Users/masakazutoyoyama/Documents/自己学習/アプリ開発/EC_with_node/front/src/components/organisms/Header.tsx","statementMap":{"0":{"start":{"line":16,"column":18},"end":{"line":31,"column":3}},"1":{"start":{"line":16,"column":48},"end":{"line":31,"column":1}},"2":{"start":{"line":33,"column":19},"end":{"line":84,"column":1}},"3":{"start":{"line":34,"column":18},"end":{"line":34,"column":29}},"4":{"start":{"line":35,"column":19},"end":{"line":35,"column":35}},"5":{"start":{"line":36,"column":19},"end":{"line":36,"column":49}},"6":{"start":{"line":37,"column":14},"end":{"line":37,"column":39}},"7":{"start":{"line":38,"column":2},"end":{"line":83,"column":4}},"8":{"start":{"line":75,"column":33},"end":{"line":75,"column":55}}},"fnMap":{"0":{"name":"(anonymous_0)","decl":{"start":{"line":16,"column":29},"end":{"line":16,"column":30}},"loc":{"start":{"line":16,"column":48},"end":{"line":31,"column":1}},"line":16},"1":{"name":"(anonymous_1)","decl":{"start":{"line":33,"column":19},"end":{"line":33,"column":20}},"loc":{"start":{"line":33,"column":25},"end":{"line":84,"column":1}},"line":33},"2":{"name":"(anonymous_2)","decl":{"start":{"line":75,"column":27},"end":{"line":75,"column":28}},"loc":{"start":{"line":75,"column":33},"end":{"line":75,"column":55}},"line":75}},"branchMap":{"0":{"loc":{"start":{"line":49,"column":15},"end":{"line":58,"column":15}},"type":"binary-expr","locations":[{"start":{"line":49,"column":15},"end":{"line":49,"column":23}},{"start":{"line":50,"column":16},"end":{"line":57,"column":23}}],"line":49},"1":{"loc":{"start":{"line":51,"column":19},"end":{"line":56,"column":19}},"type":"binary-expr","locations":[{"start":{"line":51,"column":19},"end":{"line":51,"column":36}},{"start":{"line":52,"column":20},"end":{"line":55,"column":26}}],"line":51},"2":{"loc":{"start":{"line":66,"column":15},"end":{"line":70,"column":15}},"type":"binary-expr","locations":[{"start":{"line":66,"column":15},"end":{"line":66,"column":23}},{"start":{"line":67,"column":16},"end":{"line":69,"column":23}}],"line":66},"3":{"loc":{"start":{"line":68,"column":19},"end":{"line":68,"column":70}},"type":"binary-expr","locations":[{"start":{"line":68,"column":19},"end":{"line":68,"column":36}},{"start":{"line":68,"column":40},"end":{"line":68,"column":70}}],"line":68}},"s":{"0":3,"1":1,"2":3,"3":2,"4":2,"5":2,"6":2,"7":2,"8":0},"f":{"0":1,"1":2,"2":0},"b":{"0":[2,0],"1":[0,0],"2":[2,0],"3":[0,0]},"_coverageSchema":"1a1c01bbd47fc00a2c39e90264f33305004495a9","hash":"0633d8888a7ce81cf05ccf15a4d48d2fafaa6bc9"}
,"/Users/masakazutoyoyama/Documents/自己学習/アプリ開発/EC_with_node/front/src/components/organisms/OrderForm.tsx": {"path":"/Users/masakazutoyoyama/Documents/自己学習/アプリ開発/EC_with_node/front/src/components/organisms/OrderForm.tsx","statementMap":{"0":{"start":{"line":40,"column":29},"end":{"line":185,"column":1}},"1":{"start":{"line":41,"column":19},"end":{"line":41,"column":32}},"2":{"start":{"line":42,"column":18},"end":{"line":42,"column":30}},"3":{"start":{"line":52,"column":6},"end":{"line":67,"column":4}},"4":{"start":{"line":69,"column":23},"end":{"line":69,"column":42}},"5":{"start":{"line":71,"column":48},"end":{"line":100,"column":3}},"6":{"start":{"line":72,"column":20},"end":{"line":72,"column":30}},"7":{"start":{"line":73,"column":4},"end":{"line":73,"column":60}},"8":{"start":{"line":74,"column":4},"end":{"line":74,"column":33}},"9":{"start":{"line":75,"column":4},"end":{"line":80,"column":5}},"10":{"start":{"line":76,"column":6},"end":{"line":76,"column":38}},"11":{"start":{"line":78,"column":6},"end":{"line":78,"column":40}},"12":{"start":{"line":79,"column":6},"end":{"line":79,"column":23}},"13":{"start":{"line":81,"column":31},"end":{"line":96,"column":5}},"14":{"start":{"line":97,"column":4},"end":{"line":97,"column":47}},"15":{"start":{"line":98,"column":4},"end":{"line":98,"column":67}},"16":{"start":{"line":99,"column":4},"end":{"line":99,"column":31}},"17":{"start":{"line":101,"column":2},"end":{"line":184,"column":4}}},"fnMap":{"0":{"name":"(anonymous_0)","decl":{"start":{"line":40,"column":29},"end":{"line":40,"column":30}},"loc":{"start":{"line":40,"column":65},"end":{"line":185,"column":1}},"line":40},"1":{"name":"(anonymous_1)","decl":{"start":{"line":71,"column":48},"end":{"line":71,"column":49}},"loc":{"start":{"line":71,"column":58},"end":{"line":100,"column":3}},"line":71}},"branchMap":{"0":{"loc":{"start":{"line":75,"column":4},"end":{"line":80,"column":5}},"type":"if","locations":[{"start":{"line":75,"column":4},"end":{"line":80,"column":5}},{"start":{"line":75,"column":4},"end":{"line":80,"column":5}}],"line":75},"1":{"loc":{"start":{"line":167,"column":11},"end":{"line":177,"column":11}},"type":"binary-expr","locations":[{"start":{"line":167,"column":11},"end":{"line":167,"column":29}},{"start":{"line":168,"column":12},"end":{"line":176,"column":14}}],"line":167}},"s":{"0":3,"1":0,"2":0,"3":0,"4":0,"5":0,"6":0,"7":0,"8":0,"9":0,"10":0,"11":0,"12":0,"13":0,"14":0,"15":0,"16":0,"17":0},"f":{"0":0,"1":0},"b":{"0":[0,0],"1":[0,0]},"_coverageSchema":"1a1c01bbd47fc00a2c39e90264f33305004495a9","hash":"0e2f1f1ac0e59b8aca24f2e7da6bfd7418541d0b"}
,"/Users/masakazutoyoyama/Documents/自己学習/アプリ開発/EC_with_node/front/src/components/organisms/OrderItemsTable.tsx": {"path":"/Users/masakazutoyoyama/Documents/自己学習/アプリ開発/EC_with_node/front/src/components/organisms/OrderItemsTable.tsx","statementMap":{"0":{"start":{"line":11,"column":35},"end":{"line":37,"column":1}},"1":{"start":{"line":12,"column":2},"end":{"line":36,"column":4}},"2":{"start":{"line":25,"column":12},"end":{"line":31,"column":14}}},"fnMap":{"0":{"name":"(anonymous_0)","decl":{"start":{"line":11,"column":35},"end":{"line":11,"column":36}},"loc":{"start":{"line":11,"column":63},"end":{"line":37,"column":1}},"line":11},"1":{"name":"(anonymous_1)","decl":{"start":{"line":24,"column":22},"end":{"line":24,"column":23}},"loc":{"start":{"line":25,"column":12},"end":{"line":31,"column":14}},"line":25}},"branchMap":{},"s":{"0":3,"1":0,"2":0},"f":{"0":0,"1":0},"b":{},"_coverageSchema":"1a1c01bbd47fc00a2c39e90264f33305004495a9","hash":"5f18214201685e855d60fa69c58b7eb9b4a90036"}
,"/Users/masakazutoyoyama/Documents/自己学習/アプリ開発/EC_with_node/front/src/components/organisms/index.ts": {"path":"/Users/masakazutoyoyama/Documents/自己学習/アプリ開発/EC_with_node/front/src/components/organisms/index.ts","statementMap":{},"fnMap":{},"branchMap":{},"s":{},"f":{},"b":{},"_coverageSchema":"1a1c01bbd47fc00a2c39e90264f33305004495a9","hash":"1b0dfd8644d6effbb29a9285302f3b1fa377b35a"}
,"/Users/masakazutoyoyama/Documents/自己学習/アプリ開発/EC_with_node/front/src/components/organisms/admin/AdminItemsForm.tsx": {"path":"/Users/masakazutoyoyama/Documents/自己学習/アプリ開発/EC_with_node/front/src/components/organisms/admin/AdminItemsForm.tsx","statementMap":{"0":{"start":{"line":22,"column":34},"end":{"line":105,"column":1}},"1":{"start":{"line":23,"column":32},"end":{"line":23,"column":60}},"2":{"start":{"line":24,"column":19},"end":{"line":24,"column":35}},"3":{"start":{"line":34,"column":6},"end":{"line":43,"column":4}},"4":{"start":{"line":45,"column":45},"end":{"line":57,"column":3}},"5":{"start":{"line":46,"column":4},"end":{"line":46,"column":38}},"6":{"start":{"line":47,"column":4},"end":{"line":47,"column":38}},"7":{"start":{"line":48,"column":4},"end":{"line":48,"column":58}},"8":{"start":{"line":49,"column":4},"end":{"line":55,"column":7}},"9":{"start":{"line":56,"column":4},"end":{"line":56,"column":26}},"10":{"start":{"line":58,"column":2},"end":{"line":104,"column":4}}},"fnMap":{"0":{"name":"(anonymous_0)","decl":{"start":{"line":22,"column":34},"end":{"line":22,"column":35}},"loc":{"start":{"line":22,"column":49},"end":{"line":105,"column":1}},"line":22},"1":{"name":"(anonymous_1)","decl":{"start":{"line":45,"column":45},"end":{"line":45,"column":46}},"loc":{"start":{"line":45,"column":61},"end":{"line":57,"column":3}},"line":45}},"branchMap":{},"s":{"0":3,"1":0,"2":0,"3":0,"4":0,"5":0,"6":0,"7":0,"8":0,"9":0,"10":0},"f":{"0":0,"1":0},"b":{},"_coverageSchema":"1a1c01bbd47fc00a2c39e90264f33305004495a9","hash":"86e5015ee1a8e68c096670e0ade1956568ecb39b"}
,"/Users/masakazutoyoyama/Documents/自己学習/アプリ開発/EC_with_node/front/src/components/organisms/admin/AdminItemsTable.tsx": {"path":"/Users/masakazutoyoyama/Documents/自己学習/アプリ開発/EC_with_node/front/src/components/organisms/admin/AdminItemsTable.tsx","statementMap":{"0":{"start":{"line":18,"column":35},"end":{"line":63,"column":1}},"1":{"start":{"line":19,"column":19},"end":{"line":19,"column":32}},"2":{"start":{"line":20,"column":23},"end":{"line":22,"column":3}},"3":{"start":{"line":21,"column":4},"end":{"line":21,"column":39}},"4":{"start":{"line":23,"column":2},"end":{"line":62,"column":4}},"5":{"start":{"line":38,"column":12},"end":{"line":57,"column":23}},"6":{"start":{"line":55,"column":46},"end":{"line":55,"column":69}}},"fnMap":{"0":{"name":"(anonymous_0)","decl":{"start":{"line":18,"column":35},"end":{"line":18,"column":36}},"loc":{"start":{"line":18,"column":50},"end":{"line":63,"column":1}},"line":18},"1":{"name":"(anonymous_1)","decl":{"start":{"line":20,"column":23},"end":{"line":20,"column":24}},"loc":{"start":{"line":20,"column":40},"end":{"line":22,"column":3}},"line":20},"2":{"name":"(anonymous_2)","decl":{"start":{"line":37,"column":21},"end":{"line":37,"column":22}},"loc":{"start":{"line":38,"column":12},"end":{"line":57,"column":23}},"line":38},"3":{"name":"(anonymous_3)","decl":{"start":{"line":55,"column":40},"end":{"line":55,"column":41}},"loc":{"start":{"line":55,"column":46},"end":{"line":55,"column":69}},"line":55}},"branchMap":{},"s":{"0":3,"1":0,"2":0,"3":0,"4":0,"5":0,"6":0},"f":{"0":0,"1":0,"2":0,"3":0},"b":{},"_coverageSchema":"1a1c01bbd47fc00a2c39e90264f33305004495a9","hash":"3f34119a68c83ab1abff08cc22b3b834ceab1f41"}
,"/Users/masakazutoyoyama/Documents/自己学習/アプリ開発/EC_with_node/front/src/components/organisms/admin/AdminToppingsForm.tsx": {"path":"/Users/masakazutoyoyama/Documents/自己学習/アプリ開発/EC_with_node/front/src/components/organisms/admin/AdminToppingsForm.tsx","statementMap":{"0":{"start":{"line":22,"column":37},"end":{"line":89,"column":1}},"1":{"start":{"line":23,"column":19},"end":{"line":23,"column":32}},"2":{"start":{"line":29,"column":6},"end":{"line":36,"column":4}},"3":{"start":{"line":38,"column":2},"end":{"line":46,"column":34}},"4":{"start":{"line":39,"column":4},"end":{"line":45,"column":5}},"5":{"start":{"line":40,"column":6},"end":{"line":44,"column":9}},"6":{"start":{"line":48,"column":51},"end":{"line":50,"column":3}},"7":{"start":{"line":49,"column":4},"end":{"line":49,"column":49}},"8":{"start":{"line":51,"column":2},"end":{"line":88,"column":4}}},"fnMap":{"0":{"name":"(anonymous_0)","decl":{"start":{"line":22,"column":37},"end":{"line":22,"column":38}},"loc":{"start":{"line":22,"column":55},"end":{"line":89,"column":1}},"line":22},"1":{"name":"(anonymous_1)","decl":{"start":{"line":38,"column":12},"end":{"line":38,"column":13}},"loc":{"start":{"line":38,"column":18},"end":{"line":46,"column":3}},"line":38},"2":{"name":"(anonymous_2)","decl":{"start":{"line":48,"column":51},"end":{"line":48,"column":52}},"loc":{"start":{"line":48,"column":61},"end":{"line":50,"column":3}},"line":48}},"branchMap":{"0":{"loc":{"start":{"line":39,"column":4},"end":{"line":45,"column":5}},"type":"if","locations":[{"start":{"line":39,"column":4},"end":{"line":45,"column":5}},{"start":{"line":39,"column":4},"end":{"line":45,"column":5}}],"line":39}},"s":{"0":3,"1":0,"2":0,"3":0,"4":0,"5":0,"6":0,"7":0,"8":0},"f":{"0":0,"1":0,"2":0},"b":{"0":[0,0]},"_coverageSchema":"1a1c01bbd47fc00a2c39e90264f33305004495a9","hash":"6b8db31be9af040e720dd38761bf05ca9e94938d"}
,"/Users/masakazutoyoyama/Documents/自己学習/アプリ開発/EC_with_node/front/src/components/organisms/admin/AdminToppingsTable.tsx": {"path":"/Users/masakazutoyoyama/Documents/自己学習/アプリ開発/EC_with_node/front/src/components/organisms/admin/AdminToppingsTable.tsx","statementMap":{"0":{"start":{"line":20,"column":45},"end":{"line":64,"column":1}},"1":{"start":{"line":21,"column":19},"end":{"line":21,"column":32}},"2":{"start":{"line":22,"column":26},"end":{"line":24,"column":3}},"3":{"start":{"line":23,"column":4},"end":{"line":23,"column":47}},"4":{"start":{"line":25,"column":2},"end":{"line":63,"column":4}},"5":{"start":{"line":39,"column":12},"end":{"line":58,"column":23}},"6":{"start":{"line":55,"column":33},"end":{"line":55,"column":62}}},"fnMap":{"0":{"name":"(anonymous_0)","decl":{"start":{"line":20,"column":45},"end":{"line":20,"column":46}},"loc":{"start":{"line":20,"column":63},"end":{"line":64,"column":1}},"line":20},"1":{"name":"(anonymous_1)","decl":{"start":{"line":22,"column":26},"end":{"line":22,"column":27}},"loc":{"start":{"line":22,"column":43},"end":{"line":24,"column":3}},"line":22},"2":{"name":"(anonymous_2)","decl":{"start":{"line":38,"column":24},"end":{"line":38,"column":25}},"loc":{"start":{"line":39,"column":12},"end":{"line":58,"column":23}},"line":39},"3":{"name":"(anonymous_3)","decl":{"start":{"line":55,"column":27},"end":{"line":55,"column":28}},"loc":{"start":{"line":55,"column":33},"end":{"line":55,"column":62}},"line":55}},"branchMap":{},"s":{"0":3,"1":0,"2":0,"3":0,"4":0,"5":0,"6":0},"f":{"0":0,"1":0,"2":0,"3":0},"b":{},"_coverageSchema":"1a1c01bbd47fc00a2c39e90264f33305004495a9","hash":"03cf55e54f727f8aa73d9357c455f70fc787df67"}
,"/Users/masakazutoyoyama/Documents/自己学習/アプリ開発/EC_with_node/front/src/components/organisms/admin/AdminUsersTable.tsx": {"path":"/Users/masakazutoyoyama/Documents/自己学習/アプリ開発/EC_with_node/front/src/components/organisms/admin/AdminUsersTable.tsx","statementMap":{"0":{"start":{"line":18,"column":35},"end":{"line":59,"column":1}},"1":{"start":{"line":19,"column":18},"end":{"line":19,"column":30}},"2":{"start":{"line":20,"column":2},"end":{"line":58,"column":4}},"3":{"start":{"line":34,"column":12},"end":{"line":53,"column":23}},"4":{"start":{"line":50,"column":33},"end":{"line":50,"column":73}}},"fnMap":{"0":{"name":"(anonymous_0)","decl":{"start":{"line":18,"column":35},"end":{"line":18,"column":36}},"loc":{"start":{"line":18,"column":54},"end":{"line":59,"column":1}},"line":18},"1":{"name":"(anonymous_1)","decl":{"start":{"line":33,"column":25},"end":{"line":33,"column":26}},"loc":{"start":{"line":34,"column":12},"end":{"line":53,"column":23}},"line":34},"2":{"name":"(anonymous_2)","decl":{"start":{"line":50,"column":27},"end":{"line":50,"column":28}},"loc":{"start":{"line":50,"column":33},"end":{"line":50,"column":73}},"line":50}},"branchMap":{},"s":{"0":3,"1":0,"2":0,"3":0,"4":0},"f":{"0":0,"1":0,"2":0},"b":{},"_coverageSchema":"1a1c01bbd47fc00a2c39e90264f33305004495a9","hash":"8fb3ac07a7cf7a5993173e1fbadb563e68d3dcc0"}
,"/Users/masakazutoyoyama/Documents/自己学習/アプリ開発/EC_with_node/front/src/components/pages/Home.tsx": {"path":"/Users/masakazutoyoyama/Documents/自己学習/アプリ開発/EC_with_node/front/src/components/pages/Home.tsx","statementMap":{"0":{"start":{"line":7,"column":24},"end":{"line":40,"column":1}},"1":{"start":{"line":8,"column":16},"end":{"line":8,"column":43}},"2":{"start":{"line":9,"column":40},"end":{"line":9,"column":67}},"3":{"start":{"line":10,"column":30},"end":{"line":10,"column":45}},"4":{"start":{"line":12,"column":2},"end":{"line":14,"column":14}},"5":{"start":{"line":13,"column":4},"end":{"line":13,"column":26}},"6":{"start":{"line":16,"column":17},"end":{"line":29,"column":3}},"7":{"start":{"line":17,"column":4},"end":{"line":28,"column":5}},"8":{"start":{"line":18,"column":6},"end":{"line":18,"column":28}},"9":{"start":{"line":19,"column":6},"end":{"line":19,"column":23}},"10":{"start":{"line":21,"column":21},"end":{"line":21,"column":75}},"11":{"start":{"line":21,"column":45},"end":{"line":21,"column":74}},"12":{"start":{"line":22,"column":6},"end":{"line":27,"column":7}},"13":{"start":{"line":23,"column":8},"end":{"line":23,"column":24}},"14":{"start":{"line":25,"column":8},"end":{"line":25,"column":33}},"15":{"start":{"line":26,"column":8},"end":{"line":26,"column":25}},"16":{"start":{"line":30,"column":2},"end":{"line":39,"column":4}}},"fnMap":{"0":{"name":"(anonymous_0)","decl":{"start":{"line":7,"column":24},"end":{"line":7,"column":25}},"loc":{"start":{"line":7,"column":30},"end":{"line":40,"column":1}},"line":7},"1":{"name":"(anonymous_1)","decl":{"start":{"line":12,"column":12},"end":{"line":12,"column":13}},"loc":{"start":{"line":12,"column":18},"end":{"line":14,"column":3}},"line":12},"2":{"name":"(anonymous_2)","decl":{"start":{"line":16,"column":17},"end":{"line":16,"column":18}},"loc":{"start":{"line":16,"column":35},"end":{"line":29,"column":3}},"line":16},"3":{"name":"(anonymous_3)","decl":{"start":{"line":21,"column":35},"end":{"line":21,"column":36}},"loc":{"start":{"line":21,"column":45},"end":{"line":21,"column":74}},"line":21}},"branchMap":{"0":{"loc":{"start":{"line":17,"column":4},"end":{"line":28,"column":5}},"type":"if","locations":[{"start":{"line":17,"column":4},"end":{"line":28,"column":5}},{"start":{"line":17,"column":4},"end":{"line":28,"column":5}}],"line":17},"1":{"loc":{"start":{"line":17,"column":8},"end":{"line":17,"column":41}},"type":"binary-expr","locations":[{"start":{"line":17,"column":8},"end":{"line":17,"column":19}},{"start":{"line":17,"column":23},"end":{"line":17,"column":41}}],"line":17},"2":{"loc":{"start":{"line":22,"column":6},"end":{"line":27,"column":7}},"type":"if","locations":[{"start":{"line":22,"column":6},"end":{"line":27,"column":7}},{"start":{"line":22,"column":6},"end":{"line":27,"column":7}}],"line":22}},"s":{"0":2,"1":1,"2":1,"3":1,"4":1,"5":1,"6":1,"7":0,"8":0,"9":0,"10":0,"11":0,"12":0,"13":0,"14":0,"15":0,"16":1},"f":{"0":1,"1":1,"2":0,"3":0},"b":{"0":[0,0],"1":[0,0],"2":[0,0]},"_coverageSchema":"1a1c01bbd47fc00a2c39e90264f33305004495a9","hash":"e1c7a5744a93f71b4e9446c9830bbcdd8457e5d6"}
,"/Users/masakazutoyoyama/Documents/自己学習/アプリ開発/EC_with_node/front/src/components/pages/ItemInfo.tsx": {"path":"/Users/masakazutoyoyama/Documents/自己学習/アプリ開発/EC_with_node/front/src/components/pages/ItemInfo.tsx","statementMap":{"0":{"start":{"line":27,"column":21},"end":{"line":142,"column":1}},"1":{"start":{"line":28,"column":19},"end":{"line":28,"column":32}},"2":{"start":{"line":29,"column":18},"end":{"line":29,"column":30}},"3":{"start":{"line":30,"column":14},"end":{"line":30,"column":39}},"4":{"start":{"line":31,"column":16},"end":{"line":31,"column":43}},"5":{"start":{"line":32,"column":15},"end":{"line":32,"column":41}},"6":{"start":{"line":33,"column":44},"end":{"line":33,"column":71}},"7":{"start":{"line":34,"column":34},"end":{"line":34,"column":57}},"8":{"start":{"line":35,"column":32},"end":{"line":35,"column":43}},"9":{"start":{"line":36,"column":41},"end":{"line":36,"column":52}},"10":{"start":{"line":37,"column":38},"end":{"line":37,"column":49}},"11":{"start":{"line":39,"column":15},"end":{"line":43,"column":21}},"12":{"start":{"line":41,"column":4},"end":{"line":41,"column":53}},"13":{"start":{"line":41,"column":32},"end":{"line":41,"column":51}},"14":{"start":{"line":42,"column":4},"end":{"line":42,"column":17}},"15":{"start":{"line":45,"column":2},"end":{"line":56,"column":54}},"16":{"start":{"line":46,"column":4},"end":{"line":55,"column":5}},"17":{"start":{"line":47,"column":26},"end":{"line":53,"column":7}},"18":{"start":{"line":54,"column":6},"end":{"line":54,"column":27}},"19":{"start":{"line":58,"column":20},"end":{"line":111,"column":3}},"20":{"start":{"line":60,"column":42},"end":{"line":62,"column":5}},"21":{"start":{"line":61,"column":15},"end":{"line":61,"column":44}},"22":{"start":{"line":64,"column":33},"end":{"line":70,"column":5}},"23":{"start":{"line":72,"column":4},"end":{"line":110,"column":5}},"24":{"start":{"line":74,"column":6},"end":{"line":92,"column":7}},"25":{"start":{"line":75,"column":8},"end":{"line":80,"column":10}},"26":{"start":{"line":81,"column":8},"end":{"line":81,"column":30}},"27":{"start":{"line":85,"column":33},"end":{"line":89,"column":9}},"28":{"start":{"line":90,"column":8},"end":{"line":90,"column":54}},"29":{"start":{"line":91,"column":8},"end":{"line":91,"column":30}},"30":{"start":{"line":96,"column":6},"end":{"line":109,"column":7}},"31":{"start":{"line":97,"column":23},"end":{"line":100,"column":9}},"32":{"start":{"line":101,"column":8},"end":{"line":101,"column":36}},"33":{"start":{"line":102,"column":8},"end":{"line":102,"column":30}},"34":{"start":{"line":105,"column":33},"end":{"line":105,"column":44}},"35":{"start":{"line":106,"column":8},"end":{"line":106,"column":62}},"36":{"start":{"line":107,"column":8},"end":{"line":107,"column":36}},"37":{"start":{"line":108,"column":8},"end":{"line":108,"column":30}},"38":{"start":{"line":112,"column":2},"end":{"line":141,"column":4}},"39":{"start":{"line":137,"column":46},"end":{"line":137,"column":57}}},"fnMap":{"0":{"name":"(anonymous_0)","decl":{"start":{"line":27,"column":21},"end":{"line":27,"column":22}},"loc":{"start":{"line":27,"column":27},"end":{"line":142,"column":1}},"line":27},"1":{"name":"(anonymous_1)","decl":{"start":{"line":39,"column":23},"end":{"line":39,"column":24}},"loc":{"start":{"line":39,"column":39},"end":{"line":43,"column":3}},"line":39},"2":{"name":"(anonymous_2)","decl":{"start":{"line":41,"column":22},"end":{"line":41,"column":23}},"loc":{"start":{"line":41,"column":32},"end":{"line":41,"column":51}},"line":41},"3":{"name":"(anonymous_3)","decl":{"start":{"line":45,"column":12},"end":{"line":45,"column":13}},"loc":{"start":{"line":45,"column":18},"end":{"line":56,"column":3}},"line":45},"4":{"name":"(anonymous_4)","decl":{"start":{"line":58,"column":20},"end":{"line":58,"column":21}},"loc":{"start":{"line":58,"column":26},"end":{"line":111,"column":3}},"line":58},"5":{"name":"(anonymous_5)","decl":{"start":{"line":61,"column":6},"end":{"line":61,"column":7}},"loc":{"start":{"line":61,"column":15},"end":{"line":61,"column":44}},"line":61},"6":{"name":"(anonymous_6)","decl":{"start":{"line":137,"column":40},"end":{"line":137,"column":41}},"loc":{"start":{"line":137,"column":46},"end":{"line":137,"column":57}},"line":137}},"branchMap":{"0":{"loc":{"start":{"line":46,"column":4},"end":{"line":55,"column":5}},"type":"if","locations":[{"start":{"line":46,"column":4},"end":{"line":55,"column":5}},{"start":{"line":46,"column":4},"end":{"line":55,"column":5}}],"line":46},"1":{"loc":{"start":{"line":72,"column":4},"end":{"line":110,"column":5}},"type":"if","locations":[{"start":{"line":72,"column":4},"end":{"line":110,"column":5}},{"start":{"line":72,"column":4},"end":{"line":110,"column":5}}],"line":72},"2":{"loc":{"start":{"line":74,"column":6},"end":{"line":92,"column":7}},"type":"if","locations":[{"start":{"line":74,"column":6},"end":{"line":92,"column":7}},{"start":{"line":74,"column":6},"end":{"line":92,"column":7}}],"line":74},"3":{"loc":{"start":{"line":96,"column":6},"end":{"line":109,"column":7}},"type":"if","locations":[{"start":{"line":96,"column":6},"end":{"line":109,"column":7}},{"start":{"line":96,"column":6},"end":{"line":109,"column":7}}],"line":96}},"s":{"0":2,"1":0,"2":0,"3":0,"4":0,"5":0,"6":0,"7":0,"8":0,"9":0,"10":0,"11":0,"12":0,"13":0,"14":0,"15":0,"16":0,"17":0,"18":0,"19":0,"20":0,"21":0,"22":0,"23":0,"24":0,"25":0,"26":0,"27":0,"28":0,"29":0,"30":0,"31":0,"32":0,"33":0,"34":0,"35":0,"36":0,"37":0,"38":0,"39":0},"f":{"0":0,"1":0,"2":0,"3":0,"4":0,"5":0,"6":0},"b":{"0":[0,0],"1":[0,0],"2":[0,0],"3":[0,0]},"_coverageSchema":"1a1c01bbd47fc00a2c39e90264f33305004495a9","hash":"f7c4dfa97fcfeeb5da8fc3c056bb221e9bccb20f"}
,"/Users/masakazutoyoyama/Documents/自己学習/アプリ開発/EC_with_node/front/src/components/pages/Login.tsx": {"path":"/Users/masakazutoyoyama/Documents/自己学習/アプリ開発/EC_with_node/front/src/components/pages/Login.tsx","statementMap":{"0":{"start":{"line":26,"column":18},"end":{"line":97,"column":1}},"1":{"start":{"line":27,"column":19},"end":{"line":27,"column":35}},"2":{"start":{"line":28,"column":18},"end":{"line":28,"column":30}},"3":{"start":{"line":29,"column":14},"end":{"line":29,"column":39}},"4":{"start":{"line":30,"column":24},"end":{"line":30,"column":62}},"5":{"start":{"line":31,"column":25},"end":{"line":31,"column":61}},"6":{"start":{"line":36,"column":6},"end":{"line":42,"column":4}},"7":{"start":{"line":44,"column":2},"end":{"line":54,"column":31}},"8":{"start":{"line":45,"column":4},"end":{"line":47,"column":5}},"9":{"start":{"line":46,"column":6},"end":{"line":46,"column":24}},"10":{"start":{"line":48,"column":4},"end":{"line":53,"column":6}},"11":{"start":{"line":49,"column":6},"end":{"line":51,"column":7}},"12":{"start":{"line":50,"column":8},"end":{"line":50,"column":44}},"13":{"start":{"line":52,"column":6},"end":{"line":52,"column":33}},"14":{"start":{"line":56,"column":48},"end":{"line":58,"column":3}},"15":{"start":{"line":57,"column":4},"end":{"line":57,"column":75}},"16":{"start":{"line":59,"column":2},"end":{"line":96,"column":4}}},"fnMap":{"0":{"name":"(anonymous_0)","decl":{"start":{"line":26,"column":18},"end":{"line":26,"column":19}},"loc":{"start":{"line":26,"column":24},"end":{"line":97,"column":1}},"line":26},"1":{"name":"(anonymous_1)","decl":{"start":{"line":44,"column":12},"end":{"line":44,"column":13}},"loc":{"start":{"line":44,"column":18},"end":{"line":54,"column":3}},"line":44},"2":{"name":"(anonymous_2)","decl":{"start":{"line":48,"column":11},"end":{"line":48,"column":12}},"loc":{"start":{"line":48,"column":17},"end":{"line":53,"column":5}},"line":48},"3":{"name":"(anonymous_3)","decl":{"start":{"line":56,"column":48},"end":{"line":56,"column":49}},"loc":{"start":{"line":56,"column":58},"end":{"line":58,"column":3}},"line":56}},"branchMap":{"0":{"loc":{"start":{"line":45,"column":4},"end":{"line":47,"column":5}},"type":"if","locations":[{"start":{"line":45,"column":4},"end":{"line":47,"column":5}},{"start":{"line":45,"column":4},"end":{"line":47,"column":5}}],"line":45},"1":{"loc":{"start":{"line":49,"column":6},"end":{"line":51,"column":7}},"type":"if","locations":[{"start":{"line":49,"column":6},"end":{"line":51,"column":7}},{"start":{"line":49,"column":6},"end":{"line":51,"column":7}}],"line":49},"2":{"loc":{"start":{"line":63,"column":9},"end":{"line":65,"column":9}},"type":"binary-expr","locations":[{"start":{"line":63,"column":9},"end":{"line":63,"column":36}},{"start":{"line":63,"column":40},"end":{"line":63,"column":62}},{"start":{"line":64,"column":10},"end":{"line":64,"column":46}}],"line":63}},"s":{"0":2,"1":0,"2":0,"3":0,"4":0,"5":0,"6":0,"7":0,"8":0,"9":0,"10":0,"11":0,"12":0,"13":0,"14":0,"15":0,"16":0},"f":{"0":0,"1":0,"2":0,"3":0},"b":{"0":[0,0],"1":[0,0],"2":[0,0,0]},"_coverageSchema":"1a1c01bbd47fc00a2c39e90264f33305004495a9","hash":"1ba65161c664398c8a1f452db2f5dc54f1b70d62"}
,"/Users/masakazutoyoyama/Documents/自己学習/アプリ開発/EC_with_node/front/src/components/pages/Register.tsx": {"path":"/Users/masakazutoyoyama/Documents/自己学習/アプリ開発/EC_with_node/front/src/components/pages/Register.tsx","statementMap":{"0":{"start":{"line":32,"column":21},"end":{"line":157,"column":1}},"1":{"start":{"line":33,"column":14},"end":{"line":33,"column":39}},"2":{"start":{"line":34,"column":24},"end":{"line":34,"column":62}},"3":{"start":{"line":35,"column":25},"end":{"line":35,"column":61}},"4":{"start":{"line":36,"column":18},"end":{"line":36,"column":30}},"5":{"start":{"line":37,"column":19},"end":{"line":37,"column":32}},"6":{"start":{"line":45,"column":6},"end":{"line":56,"column":4}},"7":{"start":{"line":57,"column":54},"end":{"line":70,"column":3}},"8":{"start":{"line":58,"column":37},"end":{"line":65,"column":5}},"9":{"start":{"line":66,"column":4},"end":{"line":68,"column":6}},"10":{"start":{"line":69,"column":4},"end":{"line":69,"column":22}},"11":{"start":{"line":72,"column":2},"end":{"line":79,"column":31}},"12":{"start":{"line":73,"column":4},"end":{"line":75,"column":5}},"13":{"start":{"line":74,"column":6},"end":{"line":74,"column":24}},"14":{"start":{"line":76,"column":4},"end":{"line":78,"column":6}},"15":{"start":{"line":77,"column":6},"end":{"line":77,"column":33}},"16":{"start":{"line":81,"column":2},"end":{"line":156,"column":4}}},"fnMap":{"0":{"name":"(anonymous_0)","decl":{"start":{"line":32,"column":21},"end":{"line":32,"column":22}},"loc":{"start":{"line":32,"column":27},"end":{"line":157,"column":1}},"line":32},"1":{"name":"(anonymous_1)","decl":{"start":{"line":57,"column":54},"end":{"line":57,"column":55}},"loc":{"start":{"line":57,"column":64},"end":{"line":70,"column":3}},"line":57},"2":{"name":"(anonymous_2)","decl":{"start":{"line":72,"column":12},"end":{"line":72,"column":13}},"loc":{"start":{"line":72,"column":18},"end":{"line":79,"column":3}},"line":72},"3":{"name":"(anonymous_3)","decl":{"start":{"line":76,"column":11},"end":{"line":76,"column":12}},"loc":{"start":{"line":76,"column":17},"end":{"line":78,"column":5}},"line":76}},"branchMap":{"0":{"loc":{"start":{"line":73,"column":4},"end":{"line":75,"column":5}},"type":"if","locations":[{"start":{"line":73,"column":4},"end":{"line":75,"column":5}},{"start":{"line":73,"column":4},"end":{"line":75,"column":5}}],"line":73},"1":{"loc":{"start":{"line":85,"column":9},"end":{"line":87,"column":9}},"type":"binary-expr","locations":[{"start":{"line":85,"column":9},"end":{"line":85,"column":36}},{"start":{"line":85,"column":40},"end":{"line":85,"column":62}},{"start":{"line":86,"column":10},"end":{"line":86,"column":46}}],"line":85}},"s":{"0":2,"1":0,"2":0,"3":0,"4":0,"5":0,"6":0,"7":0,"8":0,"9":0,"10":0,"11":0,"12":0,"13":0,"14":0,"15":0,"16":0},"f":{"0":0,"1":0,"2":0,"3":0},"b":{"0":[0,0],"1":[0,0,0]},"_coverageSchema":"1a1c01bbd47fc00a2c39e90264f33305004495a9","hash":"ed8f76995217fe961a7b8ea8da1dbbd1483897d8"}
,"/Users/masakazutoyoyama/Documents/自己学習/アプリ開発/EC_with_node/front/src/components/pages/index.ts": {"path":"/Users/masakazutoyoyama/Documents/自己学習/アプリ開発/EC_with_node/front/src/components/pages/index.ts","statementMap":{},"fnMap":{},"branchMap":{},"s":{},"f":{},"b":{},"_coverageSchema":"1a1c01bbd47fc00a2c39e90264f33305004495a9","hash":"476f294a15e6757f7c3c340f3430a0dca0bc09ef"}
,"/Users/masakazutoyoyama/Documents/自己学習/アプリ開発/EC_with_node/front/src/components/pages/admin/Items.tsx": {"path":"/Users/masakazutoyoyama/Documents/自己学習/アプリ開発/EC_with_node/front/src/components/pages/admin/Items.tsx","statementMap":{"0":{"start":{"line":11,"column":18},"end":{"line":25,"column":1}},"1":{"start":{"line":12,"column":16},"end":{"line":12,"column":43}},"2":{"start":{"line":13,"column":2},"end":{"line":24,"column":4}}},"fnMap":{"0":{"name":"(anonymous_0)","decl":{"start":{"line":11,"column":18},"end":{"line":11,"column":19}},"loc":{"start":{"line":11,"column":24},"end":{"line":25,"column":1}},"line":11}},"branchMap":{"0":{"loc":{"start":{"line":18,"column":7},"end":{"line":22,"column":7}},"type":"cond-expr","locations":[{"start":{"line":19,"column":8},"end":{"line":19,"column":41}},{"start":{"line":21,"column":8},"end":{"line":21,"column":27}}],"line":18}},"s":{"0":2,"1":0,"2":0},"f":{"0":0},"b":{"0":[0,0]},"_coverageSchema":"1a1c01bbd47fc00a2c39e90264f33305004495a9","hash":"6da64ea044b9ea50f28c5cd4af5cf5e888f7c98d"}
,"/Users/masakazutoyoyama/Documents/自己学習/アプリ開発/EC_with_node/front/src/components/pages/admin/Toppings.tsx": {"path":"/Users/masakazutoyoyama/Documents/自己学習/アプリ開発/EC_with_node/front/src/components/pages/admin/Toppings.tsx","statementMap":{"0":{"start":{"line":11,"column":21},"end":{"line":25,"column":1}},"1":{"start":{"line":12,"column":19},"end":{"line":12,"column":49}},"2":{"start":{"line":13,"column":2},"end":{"line":24,"column":4}}},"fnMap":{"0":{"name":"(anonymous_0)","decl":{"start":{"line":11,"column":21},"end":{"line":11,"column":22}},"loc":{"start":{"line":11,"column":27},"end":{"line":25,"column":1}},"line":11}},"branchMap":{"0":{"loc":{"start":{"line":18,"column":7},"end":{"line":22,"column":7}},"type":"cond-expr","locations":[{"start":{"line":19,"column":8},"end":{"line":19,"column":50}},{"start":{"line":21,"column":8},"end":{"line":21,"column":30}}],"line":18}},"s":{"0":2,"1":0,"2":0},"f":{"0":0},"b":{"0":[0,0]},"_coverageSchema":"1a1c01bbd47fc00a2c39e90264f33305004495a9","hash":"6b2690b7fbb9b6f03829e84e291ab09da22d205f"}
,"/Users/masakazutoyoyama/Documents/自己学習/アプリ開発/EC_with_node/front/src/components/pages/admin/UserEdit.tsx": {"path":"/Users/masakazutoyoyama/Documents/自己学習/アプリ開発/EC_with_node/front/src/components/pages/admin/UserEdit.tsx","statementMap":{"0":{"start":{"line":16,"column":21},"end":{"line":67,"column":1}},"1":{"start":{"line":17,"column":41},"end":{"line":17,"column":52}},"2":{"start":{"line":18,"column":26},"end":{"line":18,"column":50}},"3":{"start":{"line":19,"column":17},"end":{"line":19,"column":45}},"4":{"start":{"line":20,"column":16},"end":{"line":20,"column":43}},"5":{"start":{"line":21,"column":30},"end":{"line":21,"column":45}},"6":{"start":{"line":22,"column":20},"end":{"line":22,"column":51}},"7":{"start":{"line":23,"column":19},"end":{"line":23,"column":35}},"8":{"start":{"line":25,"column":2},"end":{"line":32,"column":36}},"9":{"start":{"line":26,"column":15},"end":{"line":26,"column":70}},"10":{"start":{"line":26,"column":46},"end":{"line":26,"column":69}},"11":{"start":{"line":27,"column":4},"end":{"line":27,"column":21}},"12":{"start":{"line":28,"column":4},"end":{"line":28,"column":48}},"13":{"start":{"line":29,"column":4},"end":{"line":31,"column":6}},"14":{"start":{"line":30,"column":6},"end":{"line":30,"column":30}},"15":{"start":{"line":33,"column":2},"end":{"line":66,"column":4}},"16":{"start":{"line":56,"column":45},"end":{"line":56,"column":63}}},"fnMap":{"0":{"name":"(anonymous_0)","decl":{"start":{"line":16,"column":21},"end":{"line":16,"column":22}},"loc":{"start":{"line":16,"column":27},"end":{"line":67,"column":1}},"line":16},"1":{"name":"(anonymous_1)","decl":{"start":{"line":25,"column":12},"end":{"line":25,"column":13}},"loc":{"start":{"line":25,"column":18},"end":{"line":32,"column":3}},"line":25},"2":{"name":"(anonymous_2)","decl":{"start":{"line":26,"column":32},"end":{"line":26,"column":33}},"loc":{"start":{"line":26,"column":46},"end":{"line":26,"column":69}},"line":26},"3":{"name":"(anonymous_3)","decl":{"start":{"line":29,"column":11},"end":{"line":29,"column":12}},"loc":{"start":{"line":29,"column":17},"end":{"line":31,"column":5}},"line":29},"4":{"name":"(anonymous_4)","decl":{"start":{"line":56,"column":39},"end":{"line":56,"column":40}},"loc":{"start":{"line":56,"column":45},"end":{"line":56,"column":63}},"line":56}},"branchMap":{"0":{"loc":{"start":{"line":37,"column":7},"end":{"line":64,"column":7}},"type":"binary-expr","locations":[{"start":{"line":37,"column":7},"end":{"line":37,"column":11}},{"start":{"line":38,"column":8},"end":{"line":63,"column":14}}],"line":37},"1":{"loc":{"start":{"line":57,"column":11},"end":{"line":62,"column":14}},"type":"binary-expr","locations":[{"start":{"line":57,"column":11},"end":{"line":57,"column":17}},{"start":{"line":58,"column":13},"end":{"line":62,"column":13}}],"line":57},"2":{"loc":{"start":{"line":58,"column":13},"end":{"line":62,"column":13}},"type":"cond-expr","locations":[{"start":{"line":59,"column":14},"end":{"line":59,"column":76}},{"start":{"line":61,"column":14},"end":{"line":61,"column":31}}],"line":58}},"s":{"0":2,"1":0,"2":0,"3":0,"4":0,"5":0,"6":0,"7":0,"8":0,"9":0,"10":0,"11":0,"12":0,"13":0,"14":0,"15":0,"16":0},"f":{"0":0,"1":0,"2":0,"3":0,"4":0},"b":{"0":[0,0],"1":[0,0],"2":[0,0]},"_coverageSchema":"1a1c01bbd47fc00a2c39e90264f33305004495a9","hash":"80c64816b01939e0ce317476b3a244fe21507ca5"}
,"/Users/masakazutoyoyama/Documents/自己学習/アプリ開発/EC_with_node/front/src/components/pages/admin/Users.tsx": {"path":"/Users/masakazutoyoyama/Documents/自己学習/アプリ開発/EC_with_node/front/src/components/pages/admin/Users.tsx","statementMap":{"0":{"start":{"line":7,"column":18},"end":{"line":16,"column":1}},"1":{"start":{"line":8,"column":20},"end":{"line":8,"column":51}},"2":{"start":{"line":9,"column":2},"end":{"line":15,"column":4}}},"fnMap":{"0":{"name":"(anonymous_0)","decl":{"start":{"line":7,"column":18},"end":{"line":7,"column":19}},"loc":{"start":{"line":7,"column":24},"end":{"line":16,"column":1}},"line":7}},"branchMap":{},"s":{"0":2,"1":0,"2":0},"f":{"0":0},"b":{},"_coverageSchema":"1a1c01bbd47fc00a2c39e90264f33305004495a9","hash":"1bfebf27c010f090fc5dfbd398a24da5c92322e3"}
,"/Users/masakazutoyoyama/Documents/自己学習/アプリ開発/EC_with_node/front/src/static/admin.ts": {"path":"/Users/masakazutoyoyama/Documents/自己学習/アプリ開発/EC_with_node/front/src/static/admin.ts","statementMap":{"0":{"start":{"line":1,"column":24},"end":{"line":1,"column":54}}},"fnMap":{},"branchMap":{},"s":{"0":14},"f":{},"b":{},"_coverageSchema":"1a1c01bbd47fc00a2c39e90264f33305004495a9","hash":"972b978b8660cc0e3d3319a2c9abc228b41f63a7"}
,"/Users/masakazutoyoyama/Documents/自己学習/アプリ開発/EC_with_node/front/src/static/const.ts": {"path":"/Users/masakazutoyoyama/Documents/自己学習/アプリ開発/EC_with_node/front/src/static/const.ts","statementMap":{"0":{"start":{"line":3,"column":19},"end":{"line":3,"column":22}},"1":{"start":{"line":5,"column":29},"end":{"line":5,"column":30}},"2":{"start":{"line":6,"column":29},"end":{"line":6,"column":30}},"3":{"start":{"line":7,"column":32},"end":{"line":7,"column":33}},"4":{"start":{"line":8,"column":28},"end":{"line":8,"column":31}},"5":{"start":{"line":9,"column":28},"end":{"line":9,"column":31}},"6":{"start":{"line":11,"column":33},"end":{"line":11,"column":34}},"7":{"start":{"line":12,"column":35},"end":{"line":12,"column":36}},"8":{"start":{"line":13,"column":33},"end":{"line":13,"column":34}},"9":{"start":{"line":14,"column":40},"end":{"line":14,"column":41}},"10":{"start":{"line":15,"column":38},"end":{"line":15,"column":39}},"11":{"start":{"line":16,"column":38},"end":{"line":16,"column":39}},"12":{"start":{"line":19,"column":32},"end":{"line":19,"column":47}},"13":{"start":{"line":23,"column":2},"end":{"line":23,"column":72}},"14":{"start":{"line":24,"column":27},"end":{"line":24,"column":37}},"15":{"start":{"line":25,"column":25},"end":{"line":25,"column":55}},"16":{"start":{"line":26,"column":33},"end":{"line":26,"column":47}},"17":{"start":{"line":28,"column":2},"end":{"line":28,"column":42}},"18":{"start":{"line":37,"column":45},"end":{"line":40,"column":1}},"19":{"start":{"line":41,"column":45},"end":{"line":44,"column":1}},"20":{"start":{"line":45,"column":48},"end":{"line":50,"column":1}},"21":{"start":{"line":51,"column":43},"end":{"line":54,"column":1}},"22":{"start":{"line":55,"column":50},"end":{"line":58,"column":1}},"23":{"start":{"line":59,"column":47},"end":{"line":61,"column":1}},"24":{"start":{"line":62,"column":44},"end":{"line":64,"column":1}},"25":{"start":{"line":65,"column":48},"end":{"line":68,"column":1}}},"fnMap":{},"branchMap":{},"s":{"0":15,"1":15,"2":15,"3":15,"4":15,"5":15,"6":15,"7":15,"8":15,"9":15,"10":15,"11":15,"12":15,"13":15,"14":15,"15":15,"16":15,"17":15,"18":15,"19":15,"20":15,"21":15,"22":15,"23":15,"24":15,"25":15},"f":{},"b":{},"_coverageSchema":"1a1c01bbd47fc00a2c39e90264f33305004495a9","hash":"c16f72aaee77815b1ff41d1ad97775ec8b68d10b"}
}
