TN:
SF:src/components/atoms/CalenderInputHookForm.tsx
FN:21,(anonymous_0)
FN:29,(anonymous_1)
FN:49,(anonymous_2)
FN:52,(anonymous_3)
FNF:4
FNH:4
FNDA:19,(anonymous_0)
FNDA:2,(anonymous_1)
FNDA:22,(anonymous_2)
FNDA:2,(anonymous_3)
DA:21,14
DA:29,19
DA:30,2
DA:31,2
DA:32,1
DA:33,1
DA:35,1
DA:36,1
DA:42,19
DA:50,22
DA:53,2
LF:11
LH:11
BRDA:31,0,0,1
BRDA:31,0,1,1
BRDA:59,1,0,19
BRDA:59,1,1,2
BRDA:61,2,0,2
BRDA:61,2,1,1
BRDA:62,3,0,2
BRDA:62,3,1,1
BRF:8
BRH:8
end_of_record
TN:
SF:src/components/atoms/IconBtn.tsx
FN:27,(anonymous_0)
FNF:1
FNH:1
FNDA:31,(anonymous_0)
DA:27,14
DA:28,31
LF:2
LH:2
BRDA:30,0,0,31
BRDA:30,0,1,3
BRDA:31,1,0,31
BRDA:31,1,1,1
BRDA:32,2,0,31
BRDA:32,2,1,1
BRDA:33,3,0,31
BRDA:33,3,1,1
BRDA:34,4,0,31
BRDA:34,4,1,1
BRDA:35,5,0,31
BRDA:35,5,1,1
BRDA:36,6,0,31
BRDA:36,6,1,21
BRDA:37,7,0,31
BRDA:37,7,1,1
BRDA:38,8,0,31
BRDA:38,8,1,1
BRF:18
BRH:18
end_of_record
TN:
SF:src/components/atoms/ImgInputHookForm.tsx
FN:22,(anonymous_0)
FN:30,(anonymous_1)
FN:52,(anonymous_2)
FNF:3
FNH:3
FNDA:19,(anonymous_0)
FNDA:2,(anonymous_1)
FNDA:22,(anonymous_2)
DA:22,14
DA:30,19
DA:31,2
DA:32,0
DA:34,2
DA:35,2
DA:36,1
DA:37,1
DA:38,1
DA:40,1
DA:46,19
DA:52,22
LF:12
LH:11
BRDA:31,0,0,0
BRDA:31,0,1,2
BRDA:31,1,0,2
BRDA:31,1,1,2
BRDA:35,2,0,1
BRDA:35,2,1,1
BRDA:54,3,0,19
BRDA:54,3,1,0
BRDA:56,4,0,0
BRDA:56,4,1,0
BRDA:57,5,0,0
BRDA:57,5,1,0
BRF:12
BRH:6
end_of_record
TN:
SF:src/components/atoms/Inner.tsx
FN:8,(anonymous_0)
FNF:1
FNH:1
FNDA:3,(anonymous_0)
DA:8,14
DA:9,3
LF:2
LH:2
BRF:0
BRH:0
end_of_record
TN:
SF:src/components/atoms/PaymentRadioHookForm.tsx
FN:10,(anonymous_0)
FN:17,(anonymous_1)
FN:20,(anonymous_2)
FNF:3
FNH:3
FNDA:19,(anonymous_0)
FNDA:22,(anonymous_1)
FNDA:1,(anonymous_2)
DA:10,14
DA:11,19
DA:18,22
DA:20,1
LF:4
LH:4
BRDA:32,0,0,19
BRDA:32,0,1,0
BRDA:34,1,0,0
BRDA:34,1,1,0
BRF:4
BRH:1
end_of_record
TN:
SF:src/components/atoms/RadioInput.tsx
FN:17,(anonymous_0)
FN:29,(anonymous_1)
FNF:2
FNH:2
FNDA:3,(anonymous_0)
FNDA:1,(anonymous_1)
DA:17,14
DA:18,3
DA:29,1
LF:3
LH:3
BRDA:24,0,0,3
BRDA:24,0,1,3
BRF:2
BRH:2
end_of_record
TN:
SF:src/components/atoms/TextBoxHookForm.tsx
FN:10,(anonymous_0)
FN:17,(anonymous_1)
FNF:2
FNH:2
FNDA:19,(anonymous_0)
FNDA:24,(anonymous_1)
DA:10,14
DA:11,19
DA:18,24
LF:3
LH:3
BRDA:27,0,0,19
BRDA:27,0,1,1
BRDA:29,1,0,1
BRDA:29,1,1,1
BRDA:30,2,0,1
BRDA:30,2,1,0
BRF:6
BRH:5
end_of_record
TN:
SF:src/components/atoms/TextFieldHookForm.tsx
FN:18,(anonymous_0)
FN:40,(anonymous_1)
FNF:2
FNH:2
FNDA:19,(anonymous_0)
FNDA:24,(anonymous_1)
DA:18,14
DA:29,19
DA:41,24
LF:3
LH:3
BRDA:44,0,0,19
BRDA:44,0,1,1
BRDA:46,1,0,1
BRDA:46,1,1,0
BRDA:47,2,0,1
BRDA:47,2,1,1
BRDA:48,3,0,1
BRDA:48,3,1,0
BRDA:49,4,0,1
BRDA:49,4,1,0
BRF:10
BRH:7
end_of_record
TN:
SF:src/components/atoms/ZipcodeInputHookForm.tsx
FN:24,(anonymous_0)
FN:32,(anonymous_1)
FN:35,(anonymous_2)
FN:38,(anonymous_3)
FN:51,(anonymous_4)
FN:53,(anonymous_5)
FNF:6
FNH:5
FNDA:19,(anonymous_0)
FNDA:1,(anonymous_1)
FNDA:1,(anonymous_2)
FNDA:0,(anonymous_3)
FNDA:24,(anonymous_4)
FNDA:1,(anonymous_5)
DA:24,14
DA:32,19
DA:33,1
DA:34,1
DA:36,1
DA:39,0
DA:45,19
DA:51,24
DA:53,1
LF:9
LH:8
BRDA:54,0,0,19
BRDA:54,0,1,1
BRDA:56,1,0,1
BRDA:56,1,1,0
BRDA:57,2,0,1
BRDA:57,2,1,1
BRDA:58,3,0,1
BRDA:58,3,1,0
BRF:8
BRH:6
end_of_record
TN:
SF:src/components/atoms/index.ts
FNF:0
FNH:0
LF:0
LH:0
BRF:0
BRH:0
end_of_record
TN:
SF:src/components/molecules/CartItemsTableRow.tsx
FN:25,(anonymous_0)
FN:35,(anonymous_1)
FN:37,(anonymous_2)
FN:50,(anonymous_3)
FN:84,(anonymous_4)
FN:98,(anonymous_5)
FNF:6
FNH:0
FNDA:0,(anonymous_0)
FNDA:0,(anonymous_1)
FNDA:0,(anonymous_2)
FNDA:0,(anonymous_3)
FNDA:0,(anonymous_4)
FNDA:0,(anonymous_5)
DA:25,4
DA:32,0
DA:33,0
DA:35,0
DA:36,0
DA:37,0
DA:38,0
DA:39,0
DA:43,0
DA:47,0
DA:51,0
DA:85,0
DA:98,0
LF:13
LH:1
BRDA:38,0,0,0
BRDA:38,0,1,0
BRDA:51,1,0,0
BRDA:51,1,1,0
BRDA:54,2,0,0
BRDA:54,2,1,0
BRDA:66,3,0,0
BRDA:66,3,1,0
BRDA:83,4,0,0
BRDA:83,4,1,0
BRDA:93,5,0,0
BRDA:93,5,1,0
BRDA:95,6,0,0
BRDA:95,6,1,0
BRF:14
BRH:0
end_of_record
TN:
SF:src/components/molecules/HeadIconBtns.tsx
FN:11,(anonymous_0)
FN:16,(anonymous_1)
FN:18,(anonymous_2)
FN:20,(anonymous_3)
FN:23,(anonymous_4)
FN:25,(anonymous_5)
FNF:6
FNH:0
FNDA:0,(anonymous_0)
FNDA:0,(anonymous_1)
FNDA:0,(anonymous_2)
FNDA:0,(anonymous_3)
FNDA:0,(anonymous_4)
FNDA:0,(anonymous_5)
DA:11,4
DA:12,0
DA:13,0
DA:16,0
DA:18,0
DA:20,0
DA:23,0
DA:25,0
LF:8
LH:1
BRDA:15,0,0,0
BRDA:15,0,1,0
BRDA:19,1,0,0
BRDA:19,1,1,0
BRDA:22,2,0,0
BRDA:22,2,1,0
BRF:6
BRH:0
end_of_record
TN:
SF:src/components/molecules/Item.tsx
FN:13,(anonymous_0)
FN:91,(anonymous_1)
FN:97,(anonymous_2)
FNF:3
FNH:0
FNDA:0,(anonymous_0)
FNDA:0,(anonymous_1)
FNDA:0,(anonymous_2)
DA:13,4
DA:14,0
DA:91,4
DA:92,0
DA:93,0
DA:95,0
DA:97,0
LF:7
LH:2
BRF:0
BRH:0
end_of_record
TN:
SF:src/components/molecules/ItemDetail.tsx
FN:9,(anonymous_0)
FN:35,(anonymous_1)
FNF:2
FNH:0
FNDA:0,(anonymous_0)
FNDA:0,(anonymous_1)
DA:9,4
DA:10,0
DA:35,4
DA:36,0
DA:37,0
LF:5
LH:2
BRDA:39,0,0,0
BRDA:39,0,1,0
BRF:2
BRH:0
end_of_record
TN:
SF:src/components/molecules/Items.tsx
FN:11,(anonymous_0)
FN:17,(anonymous_1)
FNF:2
FNH:1
FNDA:1,(anonymous_0)
FNDA:0,(anonymous_1)
DA:11,4
DA:12,1
DA:17,0
LF:3
LH:2
BRDA:14,0,0,0
BRDA:14,0,1,1
BRF:2
BRH:1
end_of_record
TN:
SF:src/components/molecules/ItemsTableHead.tsx
FN:12,(anonymous_0)
FN:16,(anonymous_1)
FNF:2
FNH:0
FNDA:0,(anonymous_0)
FNDA:0,(anonymous_1)
DA:12,4
DA:13,0
DA:17,0
LF:3
LH:1
BRF:0
BRH:0
end_of_record
TN:
SF:src/components/molecules/OrderItemsTableRow.tsx
FN:27,(anonymous_0)
FN:30,(anonymous_1)
FN:62,(anonymous_2)
FN:77,(anonymous_3)
FNF:4
FNH:0
FNDA:0,(anonymous_0)
FNDA:0,(anonymous_1)
FNDA:0,(anonymous_2)
FNDA:0,(anonymous_3)
DA:27,4
DA:28,0
DA:30,0
DA:31,0
DA:32,0
DA:37,0
DA:62,0
DA:78,0
LF:8
LH:1
BRDA:31,0,0,0
BRDA:31,0,1,0
BRDA:46,1,0,0
BRDA:46,1,1,0
BRDA:49,2,0,0
BRDA:49,2,1,0
BRDA:52,3,0,0
BRDA:52,3,1,0
BRDA:55,4,0,0
BRDA:55,4,1,0
BRDA:58,5,0,0
BRDA:58,5,1,0
BRDA:61,6,0,0
BRDA:61,6,1,0
BRDA:76,7,0,0
BRDA:76,7,1,0
BRF:16
BRH:0
end_of_record
TN:
SF:src/components/molecules/SearchForm.tsx
FN:11,(anonymous_0)
FN:21,(anonymous_1)
FN:23,(anonymous_2)
FNF:3
FNH:1
FNDA:1,(anonymous_0)
FNDA:0,(anonymous_1)
FNDA:0,(anonymous_2)
DA:11,4
DA:12,1
DA:13,1
DA:21,0
DA:23,0
LF:5
LH:3
BRF:0
BRH:0
end_of_record
TN:
SF:src/components/molecules/SelectNumForm.tsx
FN:15,(anonymous_0)
FN:25,(anonymous_1)
FN:27,(anonymous_2)
FNF:3
FNH:0
FNDA:0,(anonymous_0)
FNDA:0,(anonymous_1)
FNDA:0,(anonymous_2)
DA:9,4
DA:10,4
DA:11,4
DA:12,60
DA:15,4
DA:16,0
DA:25,0
DA:28,0
LF:8
LH:5
BRF:0
BRH:0
end_of_record
TN:
SF:src/components/molecules/SelectToppingForm.tsx
FN:13,(anonymous_0)
FN:20,(anonymous_1)
FN:28,(anonymous_2)
FN:34,(anonymous_3)
FN:57,(anonymous_4)
FNF:5
FNH:0
FNDA:0,(anonymous_0)
FNDA:0,(anonymous_1)
FNDA:0,(anonymous_2)
FNDA:0,(anonymous_3)
FNDA:0,(anonymous_4)
DA:13,4
DA:20,4
DA:25,0
DA:26,0
DA:28,0
DA:30,0
DA:31,0
DA:33,0
DA:34,0
DA:35,0
DA:36,0
DA:39,0
DA:40,0
DA:41,0
DA:43,0
DA:50,0
DA:57,0
LF:17
LH:2
BRDA:30,0,0,0
BRDA:30,0,1,0
BRDA:35,1,0,0
BRDA:35,1,1,0
BRDA:39,2,0,0
BRDA:39,2,1,0
BRF:6
BRH:0
end_of_record
TN:
SF:src/components/molecules/ToppingFormWrapper.tsx
FN:12,(anonymous_0)
FN:22,(anonymous_1)
FNF:2
FNH:0
FNDA:0,(anonymous_0)
FNDA:0,(anonymous_1)
DA:12,4
DA:16,0
DA:17,0
DA:23,0
LF:4
LH:1
BRF:0
BRH:0
end_of_record
TN:
SF:src/components/molecules/ToppingsTableCell.tsx
FN:9,(anonymous_0)
FN:14,(anonymous_1)
FNF:2
FNH:0
FNDA:0,(anonymous_0)
FNDA:0,(anonymous_1)
DA:9,4
DA:10,0
DA:11,0
DA:15,0
LF:4
LH:1
BRDA:15,0,0,0
BRDA:15,0,1,0
BRDA:18,1,0,0
BRDA:18,1,1,0
BRF:4
BRH:0
end_of_record
TN:
SF:src/components/molecules/index.ts
FNF:0
FNH:0
LF:0
LH:0
BRF:0
BRH:0
end_of_record
TN:
SF:src/components/organisms/CartItemsTable.tsx
FN:13,(anonymous_0)
FN:28,(anonymous_1)
FN:30,(anonymous_2)
FNF:3
FNH:0
FNDA:0,(anonymous_0)
FNDA:0,(anonymous_1)
FNDA:0,(anonymous_2)
DA:13,3
DA:14,0
DA:29,0
DA:31,0
LF:4
LH:1
BRDA:31,0,0,0
BRDA:31,0,1,0
BRF:2
BRH:0
end_of_record
TN:
SF:src/components/organisms/Header.tsx
FN:16,(anonymous_0)
FN:33,(anonymous_1)
FN:75,(anonymous_2)
FNF:3
FNH:2
FNDA:1,(anonymous_0)
FNDA:2,(anonymous_1)
FNDA:0,(anonymous_2)
DA:16,3
DA:33,3
DA:34,2
DA:35,2
DA:36,2
DA:37,2
DA:38,2
DA:75,0
LF:8
LH:7
BRDA:49,0,0,2
BRDA:49,0,1,0
BRDA:51,1,0,0
BRDA:51,1,1,0
BRDA:66,2,0,2
BRDA:66,2,1,0
BRDA:68,3,0,0
BRDA:68,3,1,0
BRF:8
BRH:2
end_of_record
TN:
SF:src/components/organisms/OrderForm.tsx
FN:40,(anonymous_0)
FN:71,(anonymous_1)
FNF:2
FNH:0
FNDA:0,(anonymous_0)
FNDA:0,(anonymous_1)
DA:40,3
DA:41,0
DA:42,0
DA:52,0
DA:69,0
DA:71,0
DA:72,0
DA:73,0
DA:74,0
DA:75,0
DA:76,0
DA:78,0
DA:79,0
DA:81,0
DA:97,0
DA:98,0
DA:99,0
DA:101,0
LF:18
LH:1
BRDA:75,0,0,0
BRDA:75,0,1,0
BRDA:167,1,0,0
BRDA:167,1,1,0
BRF:4
BRH:0
end_of_record
TN:
SF:src/components/organisms/OrderItemsTable.tsx
FN:11,(anonymous_0)
FN:24,(anonymous_1)
FNF:2
FNH:0
FNDA:0,(anonymous_0)
FNDA:0,(anonymous_1)
DA:11,3
DA:12,0
DA:25,0
LF:3
LH:1
BRF:0
BRH:0
end_of_record
TN:
SF:src/components/organisms/index.ts
FNF:0
FNH:0
LF:0
LH:0
BRF:0
BRH:0
end_of_record
TN:
SF:src/components/organisms/admin/AdminItemsForm.tsx
FN:22,(anonymous_0)
FN:45,(anonymous_1)
FNF:2
FNH:0
FNDA:0,(anonymous_0)
FNDA:0,(anonymous_1)
DA:22,3
DA:23,0
DA:24,0
DA:34,0
DA:45,0
DA:46,0
DA:47,0
DA:48,0
DA:49,0
DA:56,0
DA:58,0
LF:11
LH:1
BRF:0
BRH:0
end_of_record
TN:
SF:src/components/organisms/admin/AdminItemsTable.tsx
FN:18,(anonymous_0)
FN:20,(anonymous_1)
FN:37,(anonymous_2)
FN:55,(anonymous_3)
FNF:4
FNH:0
FNDA:0,(anonymous_0)
FNDA:0,(anonymous_1)
FNDA:0,(anonymous_2)
FNDA:0,(anonymous_3)
DA:18,3
DA:19,0
DA:20,0
DA:21,0
DA:23,0
DA:38,0
DA:55,0
LF:7
LH:1
BRF:0
BRH:0
end_of_record
TN:
SF:src/components/organisms/admin/AdminToppingsForm.tsx
FN:22,(anonymous_0)
FN:38,(anonymous_1)
FN:48,(anonymous_2)
FNF:3
FNH:0
FNDA:0,(anonymous_0)
FNDA:0,(anonymous_1)
FNDA:0,(anonymous_2)
DA:22,3
DA:23,0
DA:29,0
DA:38,0
DA:39,0
DA:40,0
DA:48,0
DA:49,0
DA:51,0
LF:9
LH:1
BRDA:39,0,0,0
BRDA:39,0,1,0
BRF:2
BRH:0
end_of_record
TN:
SF:src/components/organisms/admin/AdminToppingsTable.tsx
FN:20,(anonymous_0)
FN:22,(anonymous_1)
FN:38,(anonymous_2)
FN:55,(anonymous_3)
FNF:4
FNH:0
FNDA:0,(anonymous_0)
FNDA:0,(anonymous_1)
FNDA:0,(anonymous_2)
FNDA:0,(anonymous_3)
DA:20,3
DA:21,0
DA:22,0
DA:23,0
DA:25,0
DA:39,0
DA:55,0
LF:7
LH:1
BRF:0
BRH:0
end_of_record
TN:
SF:src/components/organisms/admin/AdminUsersTable.tsx
FN:18,(anonymous_0)
FN:33,(anonymous_1)
FN:50,(anonymous_2)
FNF:3
FNH:0
FNDA:0,(anonymous_0)
FNDA:0,(anonymous_1)
FNDA:0,(anonymous_2)
DA:18,3
DA:19,0
DA:20,0
DA:34,0
DA:50,0
LF:5
LH:1
BRF:0
BRH:0
end_of_record
TN:
SF:src/components/pages/Home.tsx
FN:7,(anonymous_0)
FN:12,(anonymous_1)
FN:16,(anonymous_2)
FN:21,(anonymous_3)
FNF:4
FNH:2
FNDA:1,(anonymous_0)
FNDA:1,(anonymous_1)
FNDA:0,(anonymous_2)
FNDA:0,(anonymous_3)
DA:7,2
DA:8,1
DA:9,1
DA:10,1
DA:12,1
DA:13,1
DA:16,1
DA:17,0
DA:18,0
DA:19,0
DA:21,0
DA:22,0
DA:23,0
DA:25,0
DA:26,0
DA:30,1
LF:16
LH:8
BRDA:17,0,0,0
BRDA:17,0,1,0
BRDA:17,1,0,0
BRDA:17,1,1,0
BRDA:22,2,0,0
BRDA:22,2,1,0
BRF:6
BRH:0
end_of_record
TN:
SF:src/components/pages/ItemInfo.tsx
FN:27,(anonymous_0)
FN:39,(anonymous_1)
FN:41,(anonymous_2)
FN:45,(anonymous_3)
FN:58,(anonymous_4)
FN:61,(anonymous_5)
FN:137,(anonymous_6)
FNF:7
FNH:0
FNDA:0,(anonymous_0)
FNDA:0,(anonymous_1)
FNDA:0,(anonymous_2)
FNDA:0,(anonymous_3)
FNDA:0,(anonymous_4)
FNDA:0,(anonymous_5)
FNDA:0,(anonymous_6)
DA:27,2
DA:28,0
DA:29,0
DA:30,0
DA:31,0
DA:32,0
DA:33,0
DA:34,0
DA:35,0
DA:36,0
DA:37,0
DA:39,0
DA:41,0
DA:42,0
DA:45,0
DA:46,0
DA:47,0
DA:54,0
DA:58,0
DA:60,0
DA:61,0
DA:64,0
DA:72,0
DA:74,0
DA:75,0
DA:81,0
DA:85,0
DA:90,0
DA:91,0
DA:96,0
DA:97,0
DA:101,0
DA:102,0
DA:105,0
DA:106,0
DA:107,0
DA:108,0
DA:112,0
DA:137,0
LF:39
LH:1
BRDA:46,0,0,0
BRDA:46,0,1,0
BRDA:72,1,0,0
BRDA:72,1,1,0
BRDA:74,2,0,0
BRDA:74,2,1,0
BRDA:96,3,0,0
BRDA:96,3,1,0
BRF:8
BRH:0
end_of_record
TN:
SF:src/components/pages/Login.tsx
FN:26,(anonymous_0)
FN:44,(anonymous_1)
FN:48,(anonymous_2)
FN:56,(anonymous_3)
FNF:4
FNH:0
FNDA:0,(anonymous_0)
FNDA:0,(anonymous_1)
FNDA:0,(anonymous_2)
FNDA:0,(anonymous_3)
DA:26,2
DA:27,0
DA:28,0
DA:29,0
DA:30,0
DA:31,0
DA:36,0
DA:44,0
DA:45,0
DA:46,0
DA:48,0
DA:49,0
DA:50,0
DA:52,0
DA:56,0
DA:57,0
DA:59,0
LF:17
LH:1
BRDA:45,0,0,0
BRDA:45,0,1,0
BRDA:49,1,0,0
BRDA:49,1,1,0
BRDA:63,2,0,0
BRDA:63,2,1,0
BRDA:63,2,2,0
BRF:7
BRH:0
end_of_record
TN:
SF:src/components/pages/Register.tsx
FN:32,(anonymous_0)
FN:57,(anonymous_1)
FN:72,(anonymous_2)
FN:76,(anonymous_3)
FNF:4
FNH:0
FNDA:0,(anonymous_0)
FNDA:0,(anonymous_1)
FNDA:0,(anonymous_2)
FNDA:0,(anonymous_3)
DA:32,2
DA:33,0
DA:34,0
DA:35,0
DA:36,0
DA:37,0
DA:45,0
DA:57,0
DA:58,0
DA:66,0
DA:69,0
DA:72,0
DA:73,0
DA:74,0
DA:76,0
DA:77,0
DA:81,0
LF:17
LH:1
BRDA:73,0,0,0
BRDA:73,0,1,0
BRDA:85,1,0,0
BRDA:85,1,1,0
BRDA:85,1,2,0
BRF:5
BRH:0
end_of_record
TN:
SF:src/components/pages/index.ts
FNF:0
FNH:0
LF:0
LH:0
BRF:0
BRH:0
end_of_record
TN:
SF:src/components/pages/admin/Items.tsx
FN:11,(anonymous_0)
FNF:1
FNH:0
FNDA:0,(anonymous_0)
DA:11,2
DA:12,0
DA:13,0
LF:3
LH:1
BRDA:18,0,0,0
BRDA:18,0,1,0
BRF:2
BRH:0
end_of_record
TN:
SF:src/components/pages/admin/Toppings.tsx
FN:11,(anonymous_0)
FNF:1
FNH:0
FNDA:0,(anonymous_0)
DA:11,2
DA:12,0
DA:13,0
LF:3
LH:1
BRDA:18,0,0,0
BRDA:18,0,1,0
BRF:2
BRH:0
end_of_record
TN:
SF:src/components/pages/admin/UserEdit.tsx
FN:16,(anonymous_0)
FN:25,(anonymous_1)
FN:26,(anonymous_2)
FN:29,(anonymous_3)
FN:56,(anonymous_4)
FNF:5
FNH:0
FNDA:0,(anonymous_0)
FNDA:0,(anonymous_1)
FNDA:0,(anonymous_2)
FNDA:0,(anonymous_3)
FNDA:0,(anonymous_4)
DA:16,2
DA:17,0
DA:18,0
DA:19,0
DA:20,0
DA:21,0
DA:22,0
DA:23,0
DA:25,0
DA:26,0
DA:27,0
DA:28,0
DA:29,0
DA:30,0
DA:33,0
DA:56,0
LF:16
LH:1
BRDA:37,0,0,0
BRDA:37,0,1,0
BRDA:57,1,0,0
BRDA:57,1,1,0
BRDA:58,2,0,0
BRDA:58,2,1,0
BRF:6
BRH:0
end_of_record
TN:
SF:src/components/pages/admin/Users.tsx
FN:7,(anonymous_0)
FNF:1
FNH:0
FNDA:0,(anonymous_0)
DA:7,2
DA:8,0
DA:9,0
LF:3
LH:1
BRF:0
BRH:0
end_of_record
TN:
SF:src/static/admin.ts
FNF:0
FNH:0
DA:1,14
LF:1
LH:1
BRF:0
BRH:0
end_of_record
TN:
SF:src/static/const.ts
FNF:0
FNH:0
DA:3,15
DA:5,15
DA:6,15
DA:7,15
DA:8,15
DA:9,15
DA:11,15
DA:12,15
DA:13,15
DA:14,15
DA:15,15
DA:16,15
DA:19,15
DA:23,15
DA:24,15
DA:25,15
DA:26,15
DA:28,15
DA:37,15
DA:41,15
DA:45,15
DA:51,15
DA:55,15
DA:59,15
DA:62,15
DA:65,15
LF:26
LH:26
BRF:0
BRH:0
end_of_record
