TN:
SF:src/apis/firebase/index.ts
FNF:0
FNH:0
DA:5,36
DA:6,36
DA:7,36
LF:3
LH:3
BRF:0
BRH:0
end_of_record
TN:
SF:src/app/store.ts
FNF:0
FNH:0
DA:10,27
LF:1
LH:1
BRF:0
BRH:0
end_of_record
TN:
SF:src/components/atoms/ZipcodeInputHookForm.tsx
FN:23,(anonymous_0)
FN:31,(anonymous_1)
FN:34,(anonymous_2)
FN:37,(anonymous_3)
FN:50,(anonymous_4)
FN:52,(anonymous_5)
FNF:6
FNH:4
FNDA:22,(anonymous_0)
FNDA:1,(anonymous_1)
FNDA:0,(anonymous_2)
FNDA:0,(anonymous_3)
FNDA:27,(anonymous_4)
FNDA:1,(anonymous_5)
DA:23,46
DA:31,22
DA:32,1
DA:33,1
DA:35,0
DA:38,0
DA:44,22
DA:50,27
DA:52,1
LF:9
LH:7
BRDA:53,0,0,22
BRDA:53,0,1,1
BRDA:55,1,0,1
BRDA:55,1,1,0
BRDA:56,2,0,1
BRDA:56,2,1,1
BRDA:57,3,0,1
BRDA:57,3,1,0
BRF:8
BRH:6
end_of_record
TN:
SF:src/components/atoms/index.ts
FNF:0
FNH:0
LF:0
LH:0
BRF:0
BRH:0
end_of_record
TN:
SF:src/components/molecules/CartItemsTableRow.tsx
FN:26,(anonymous_0)
FN:37,(anonymous_1)
FN:39,(anonymous_2)
FN:52,(anonymous_3)
FN:86,(anonymous_4)
FN:104,(anonymous_5)
FNF:6
FNH:6
FNDA:5,(anonymous_0)
FNDA:1,(anonymous_1)
FNDA:2,(anonymous_2)
FNDA:9,(anonymous_3)
FNDA:9,(anonymous_4)
FNDA:1,(anonymous_5)
DA:26,33
DA:35,5
DA:37,5
DA:38,1
DA:39,2
DA:40,1
DA:41,1
DA:45,0
DA:49,5
DA:53,9
DA:87,9
DA:104,1
LF:12
LH:11
BRDA:40,0,0,1
BRDA:40,0,1,0
BRDA:53,1,0,9
BRDA:53,1,1,9
BRDA:56,2,0,9
BRDA:56,2,1,5
BRDA:68,3,0,9
BRDA:68,3,1,0
BRDA:85,4,0,9
BRDA:85,4,1,0
BRDA:99,5,0,9
BRDA:99,5,1,5
BRDA:101,6,0,5
BRDA:101,6,1,3
BRF:14
BRH:11
end_of_record
TN:
SF:src/components/molecules/OrderItemsTableRow.tsx
FN:29,(anonymous_0)
FN:38,(anonymous_1)
FN:72,(anonymous_2)
FN:87,(anonymous_3)
FNF:4
FNH:4
FNDA:2,(anonymous_0)
FNDA:1,(anonymous_1)
FNDA:1,(anonymous_2)
FNDA:2,(anonymous_3)
DA:29,33
DA:36,2
DA:38,2
DA:39,1
DA:40,1
DA:44,0
DA:47,2
DA:72,1
DA:88,2
LF:9
LH:8
BRDA:39,0,0,1
BRDA:39,0,1,0
BRDA:56,1,0,2
BRDA:56,1,1,0
BRDA:59,2,0,2
BRDA:59,2,1,0
BRDA:62,3,0,2
BRDA:62,3,1,2
BRDA:65,4,0,2
BRDA:65,4,1,0
BRDA:68,5,0,2
BRDA:68,5,1,0
BRDA:71,6,0,2
BRDA:71,6,1,2
BRDA:86,7,0,2
BRDA:86,7,1,2
BRF:16
BRH:11
end_of_record
TN:
SF:src/components/molecules/ToppingFormWrapper.tsx
FN:13,(anonymous_0)
FN:23,(anonymous_1)
FNF:2
FNH:2
FNDA:2,(anonymous_0)
FNDA:1,(anonymous_1)
DA:13,33
DA:18,2
DA:24,1
LF:3
LH:3
BRF:0
BRH:0
end_of_record
TN:
SF:src/components/molecules/ToppingsTableCell.tsx
FN:9,(anonymous_0)
FN:13,(anonymous_1)
FNF:2
FNH:2
FNDA:11,(anonymous_0)
FNDA:11,(anonymous_1)
DA:9,33
DA:10,11
DA:14,11
LF:3
LH:3
BRDA:14,0,0,11
BRDA:14,0,1,2
BRDA:17,1,0,1
BRDA:17,1,1,1
BRF:4
BRH:4
end_of_record
TN:
SF:src/components/molecules/index.ts
FNF:0
FNH:0
LF:0
LH:0
BRF:0
BRH:0
end_of_record
TN:
SF:src/components/organisms/CartItemsTable.tsx
FN:16,(anonymous_0)
FN:31,(anonymous_1)
FN:33,(anonymous_2)
FNF:3
FNH:3
FNDA:1,(anonymous_0)
FNDA:1,(anonymous_1)
FNDA:1,(anonymous_2)
DA:16,18
DA:17,1
DA:32,1
DA:34,1
LF:4
LH:4
BRDA:34,0,0,1
BRDA:34,0,1,1
BRF:2
BRH:2
end_of_record
TN:
SF:src/components/organisms/OrderItemsTable.tsx
FN:13,(anonymous_0)
FN:26,(anonymous_1)
FNF:2
FNH:2
FNDA:1,(anonymous_0)
FNDA:1,(anonymous_1)
DA:13,18
DA:14,1
DA:27,1
LF:3
LH:3
BRF:0
BRH:0
end_of_record
TN:
SF:src/components/organisms/Sidenav.tsx
FN:58,(anonymous_0)
FN:64,(anonymous_1)
FN:78,(anonymous_2)
FN:93,(anonymous_3)
FN:97,(anonymous_4)
FN:107,(anonymous_5)
FN:119,(anonymous_6)
FN:132,(anonymous_7)
FN:136,(anonymous_8)
FNF:9
FNH:2
FNDA:10,(anonymous_0)
FNDA:5,(anonymous_1)
FNDA:0,(anonymous_2)
FNDA:0,(anonymous_3)
FNDA:0,(anonymous_4)
FNDA:0,(anonymous_5)
FNDA:0,(anonymous_6)
FNDA:0,(anonymous_7)
FNDA:0,(anonymous_8)
DA:22,18
DA:36,18
DA:40,18
DA:49,18
DA:58,18
DA:59,10
DA:60,10
DA:61,10
DA:62,10
DA:64,10
DA:65,5
DA:66,0
DA:67,5
DA:68,5
DA:70,0
DA:73,10
DA:79,0
DA:93,18
DA:94,0
DA:95,0
DA:96,0
DA:97,0
DA:98,0
DA:99,0
DA:101,0
DA:108,0
DA:120,0
DA:133,0
DA:137,0
LF:29
LH:15
BRDA:65,0,0,0
BRDA:65,0,1,5
BRDA:67,1,0,5
BRDA:67,1,1,0
BRDA:82,2,0,10
BRDA:82,2,1,0
BRDA:104,3,0,0
BRDA:104,3,1,0
BRF:8
BRH:3
end_of_record
TN:
SF:src/components/organisms/index.ts
FNF:0
FNH:0
LF:0
LH:0
BRF:0
BRH:0
end_of_record
TN:
SF:src/components/organisms/admin/AdminHeaderBtns.tsx
FN:6,(anonymous_0)
FN:16,(anonymous_1)
FN:24,(anonymous_2)
FN:32,(anonymous_3)
FNF:4
FNH:1
FNDA:5,(anonymous_0)
FNDA:0,(anonymous_1)
FNDA:0,(anonymous_2)
FNDA:0,(anonymous_3)
DA:6,19
DA:7,5
DA:8,5
DA:16,0
DA:24,0
DA:32,0
LF:6
LH:3
BRF:0
BRH:0
end_of_record
TN:
SF:src/components/organisms/admin/AdminItemsForm.tsx
FN:22,(anonymous_0)
FN:45,(anonymous_1)
FNF:2
FNH:1
FNDA:2,(anonymous_0)
FNDA:0,(anonymous_1)
DA:22,19
DA:23,2
DA:24,2
DA:34,2
DA:45,2
DA:46,0
DA:47,0
DA:48,0
DA:49,0
DA:56,0
DA:58,2
LF:11
LH:6
BRF:0
BRH:0
end_of_record
TN:
SF:src/components/organisms/admin/AdminItemsTable.tsx
FN:18,(anonymous_0)
FN:20,(anonymous_1)
FN:37,(anonymous_2)
FN:55,(anonymous_3)
FNF:4
FNH:2
FNDA:1,(anonymous_0)
FNDA:0,(anonymous_1)
FNDA:1,(anonymous_2)
FNDA:0,(anonymous_3)
DA:18,19
DA:19,1
DA:20,1
DA:21,0
DA:23,1
DA:38,1
DA:55,0
LF:7
LH:5
BRF:0
BRH:0
end_of_record
TN:
SF:src/components/organisms/admin/AdminToppingsForm.tsx
FN:22,(anonymous_0)
FN:38,(anonymous_1)
FN:48,(anonymous_2)
FNF:3
FNH:2
FNDA:2,(anonymous_0)
FNDA:2,(anonymous_1)
FNDA:0,(anonymous_2)
DA:22,19
DA:23,2
DA:29,2
DA:38,2
DA:39,2
DA:40,0
DA:48,2
DA:49,0
DA:51,2
LF:9
LH:7
BRDA:39,0,0,0
BRDA:39,0,1,2
BRF:2
BRH:1
end_of_record
TN:
SF:src/components/organisms/admin/AdminToppingsTable.tsx
FN:20,(anonymous_0)
FN:22,(anonymous_1)
FN:38,(anonymous_2)
FN:55,(anonymous_3)
FNF:4
FNH:2
FNDA:1,(anonymous_0)
FNDA:0,(anonymous_1)
FNDA:1,(anonymous_2)
FNDA:0,(anonymous_3)
DA:20,19
DA:21,1
DA:22,1
DA:23,0
DA:25,1
DA:39,1
DA:55,0
LF:7
LH:5
BRF:0
BRH:0
end_of_record
TN:
SF:src/components/organisms/admin/AdminUsersTable.tsx
FN:18,(anonymous_0)
FN:33,(anonymous_1)
FN:50,(anonymous_2)
FNF:3
FNH:2
FNDA:2,(anonymous_0)
FNDA:1,(anonymous_1)
FNDA:0,(anonymous_2)
DA:18,19
DA:19,2
DA:20,2
DA:34,1
DA:50,0
LF:5
LH:4
BRF:0
BRH:0
end_of_record
TN:
SF:src/components/pages/Cart.tsx
FN:16,(anonymous_0)
FN:26,(anonymous_1)
FN:29,(anonymous_2)
FN:42,(anonymous_3)
FN:72,(anonymous_4)
FNF:5
FNH:2
FNDA:1,(anonymous_0)
FNDA:1,(anonymous_1)
FNDA:0,(anonymous_2)
FNDA:0,(anonymous_3)
FNDA:0,(anonymous_4)
DA:16,8
DA:17,1
DA:18,1
DA:19,1
DA:20,1
DA:21,1
DA:22,1
DA:23,1
DA:24,1
DA:26,1
DA:27,1
DA:28,0
DA:29,0
DA:30,0
DA:38,0
DA:42,1
DA:43,0
DA:44,0
DA:46,0
DA:47,0
DA:50,1
DA:72,0
LF:22
LH:13
BRDA:27,0,0,0
BRDA:27,0,1,1
BRDA:43,1,0,0
BRDA:43,1,1,0
BRDA:53,2,0,0
BRDA:53,2,1,1
BRDA:54,3,0,0
BRDA:54,3,1,0
BRDA:65,4,0,0
BRDA:65,4,1,0
BRF:10
BRH:2
end_of_record
TN:
SF:src/components/pages/ItemInfo.tsx
FN:28,(anonymous_0)
FN:41,(anonymous_1)
FN:43,(anonymous_2)
FN:47,(anonymous_3)
FN:60,(anonymous_4)
FN:63,(anonymous_5)
FN:140,(anonymous_6)
FNF:7
FNH:3
FNDA:1,(anonymous_0)
FNDA:1,(anonymous_1)
FNDA:0,(anonymous_2)
FNDA:1,(anonymous_3)
FNDA:0,(anonymous_4)
FNDA:0,(anonymous_5)
FNDA:0,(anonymous_6)
DA:28,8
DA:29,1
DA:30,1
DA:31,1
DA:32,1
DA:33,1
DA:34,1
DA:35,1
DA:36,1
DA:37,1
DA:38,1
DA:39,1
DA:41,1
DA:43,1
DA:44,1
DA:47,1
DA:48,1
DA:49,0
DA:56,0
DA:60,1
DA:62,0
DA:63,0
DA:66,0
DA:74,0
DA:76,0
DA:77,0
DA:83,0
DA:87,0
DA:92,0
DA:93,0
DA:98,0
DA:99,0
DA:103,0
DA:104,0
DA:107,0
DA:108,0
DA:109,0
DA:110,0
DA:114,1
DA:140,0
LF:40
LH:19
BRDA:48,0,0,0
BRDA:48,0,1,1
BRDA:74,1,0,0
BRDA:74,1,1,0
BRDA:76,2,0,0
BRDA:76,2,1,0
BRDA:98,3,0,0
BRDA:98,3,1,0
BRF:8
BRH:1
end_of_record
TN:
SF:src/components/pages/OrderHistory.tsx
FN:12,(anonymous_0)
FN:20,(anonymous_1)
FN:24,(anonymous_2)
FNF:3
FNH:3
FNDA:1,(anonymous_0)
FNDA:1,(anonymous_1)
FNDA:1,(anonymous_2)
DA:12,8
DA:13,1
DA:14,1
DA:15,1
DA:16,1
DA:17,1
DA:18,1
DA:20,1
DA:21,1
DA:24,1
DA:25,1
DA:26,0
DA:28,1
DA:32,1
LF:14
LH:13
BRDA:25,0,0,0
BRDA:25,0,1,1
BRDA:35,1,0,0
BRDA:35,1,1,1
BRF:4
BRH:2
end_of_record
TN:
SF:src/components/pages/index.ts
FNF:0
FNH:0
LF:0
LH:0
BRF:0
BRH:0
end_of_record
TN:
SF:src/components/pages/admin/Items.tsx
FN:11,(anonymous_0)
FNF:1
FNH:1
FNDA:1,(anonymous_0)
DA:11,9
DA:12,1
DA:13,1
LF:3
LH:3
BRDA:18,0,0,0
BRDA:18,0,1,1
BRF:2
BRH:1
end_of_record
TN:
SF:src/components/pages/admin/Toppings.tsx
FN:11,(anonymous_0)
FNF:1
FNH:1
FNDA:1,(anonymous_0)
DA:11,9
DA:12,1
DA:13,1
LF:3
LH:3
BRDA:18,0,0,0
BRDA:18,0,1,1
BRF:2
BRH:1
end_of_record
TN:
SF:src/components/pages/admin/UserEdit.tsx
FN:17,(anonymous_0)
FN:27,(anonymous_1)
FN:28,(anonymous_2)
FN:31,(anonymous_3)
FN:58,(anonymous_4)
FNF:5
FNH:3
FNDA:1,(anonymous_0)
FNDA:1,(anonymous_1)
FNDA:0,(anonymous_2)
FNDA:1,(anonymous_3)
FNDA:0,(anonymous_4)
DA:17,9
DA:18,1
DA:19,1
DA:20,1
DA:21,1
DA:22,1
DA:23,1
DA:24,1
DA:25,1
DA:27,1
DA:28,1
DA:29,1
DA:30,1
DA:31,1
DA:32,1
DA:35,1
DA:58,0
LF:17
LH:16
BRDA:39,0,0,1
BRDA:39,0,1,0
BRDA:59,1,0,0
BRDA:59,1,1,0
BRDA:60,2,0,0
BRDA:60,2,1,0
BRF:6
BRH:1
end_of_record
TN:
SF:src/components/pages/admin/Users.tsx
FN:7,(anonymous_0)
FNF:1
FNH:1
FNDA:1,(anonymous_0)
DA:7,9
DA:8,1
DA:9,1
LF:3
LH:3
BRF:0
BRH:0
end_of_record
TN:
SF:src/features/cart/cartSlice.ts
FN:49,(anonymous_0)
FN:63,(anonymous_1)
FN:77,(anonymous_2)
FN:91,(anonymous_3)
FN:104,(anonymous_4)
FN:107,(anonymous_5)
FN:111,(anonymous_6)
FN:117,(anonymous_7)
FN:119,(anonymous_8)
FN:122,(anonymous_9)
FN:127,(anonymous_10)
FN:134,(anonymous_11)
FN:137,(anonymous_12)
FN:142,(anonymous_13)
FN:149,(anonymous_14)
FN:152,(anonymous_15)
FN:157,(anonymous_16)
FN:167,(anonymous_17)
FN:168,(anonymous_18)
FN:169,(anonymous_19)
FNF:20
FNH:6
FNDA:0,(anonymous_0)
FNDA:0,(anonymous_1)
FNDA:1,(anonymous_2)
FNDA:0,(anonymous_3)
FNDA:1,(anonymous_4)
FNDA:0,(anonymous_5)
FNDA:0,(anonymous_6)
FNDA:36,(anonymous_7)
FNDA:0,(anonymous_8)
FNDA:0,(anonymous_9)
FNDA:0,(anonymous_10)
FNDA:1,(anonymous_11)
FNDA:0,(anonymous_12)
FNDA:0,(anonymous_13)
FNDA:0,(anonymous_14)
FNDA:0,(anonymous_15)
FNDA:0,(anonymous_16)
FNDA:4,(anonymous_17)
FNDA:8,(anonymous_18)
FNDA:0,(anonymous_19)
DA:38,36
DA:45,36
DA:50,0
DA:51,0
DA:52,0
DA:54,0
DA:59,36
DA:64,0
DA:65,0
DA:66,0
DA:68,0
DA:73,36
DA:78,1
DA:79,1
DA:80,0
DA:82,0
DA:87,36
DA:92,0
DA:93,0
DA:94,0
DA:96,0
DA:100,36
DA:105,1
DA:108,0
DA:109,0
DA:112,0
DA:113,0
DA:114,0
DA:119,36
DA:120,0
DA:122,36
DA:123,0
DA:124,0
DA:125,0
DA:127,36
DA:128,0
DA:129,0
DA:130,0
DA:134,36
DA:135,1
DA:137,36
DA:138,0
DA:139,0
DA:140,0
DA:142,36
DA:143,0
DA:144,0
DA:145,0
DA:149,36
DA:150,0
DA:152,36
DA:153,0
DA:154,0
DA:155,0
DA:157,36
DA:158,0
DA:159,0
DA:160,0
DA:166,36
DA:167,36
DA:168,36
DA:169,36
LF:62
LH:23
BRDA:129,0,0,0
BRDA:129,0,1,0
BRDA:144,1,0,0
BRDA:144,1,1,0
BRDA:159,2,0,0
BRDA:159,2,1,0
BRF:6
BRH:0
end_of_record
TN:
SF:src/features/item/itemsAPI.ts
FN:6,(anonymous_0)
FN:9,(anonymous_1)
FN:12,(anonymous_2)
FN:17,(anonymous_3)
FN:20,(anonymous_4)
FN:23,(anonymous_5)
FN:27,(anonymous_6)
FN:28,(anonymous_7)
FN:32,(anonymous_8)
FN:35,(anonymous_9)
FN:38,(anonymous_10)
FN:43,(anonymous_11)
FN:46,(anonymous_12)
FN:50,(anonymous_13)
FNF:14
FNH:1
FNDA:1,(anonymous_0)
FNDA:0,(anonymous_1)
FNDA:0,(anonymous_2)
FNDA:0,(anonymous_3)
FNDA:0,(anonymous_4)
FNDA:0,(anonymous_5)
FNDA:0,(anonymous_6)
FNDA:0,(anonymous_7)
FNDA:0,(anonymous_8)
FNDA:0,(anonymous_9)
FNDA:0,(anonymous_10)
FNDA:0,(anonymous_11)
FNDA:0,(anonymous_12)
FNDA:0,(anonymous_13)
DA:6,29
DA:7,1
DA:10,0
DA:13,0
DA:17,29
DA:18,0
DA:21,0
DA:24,0
DA:27,29
DA:28,0
DA:29,0
DA:32,29
DA:33,0
DA:36,0
DA:39,0
DA:43,29
DA:44,0
DA:47,0
DA:48,0
DA:51,0
LF:20
LH:6
BRF:0
BRH:0
end_of_record
TN:
SF:src/features/item/itemsSlice.ts
FN:44,(anonymous_0)
FN:58,(anonymous_1)
FN:80,(anonymous_2)
FN:93,(anonymous_3)
FN:96,(anonymous_4)
FN:102,(anonymous_5)
FN:104,(anonymous_6)
FN:107,(anonymous_7)
FN:112,(anonymous_8)
FN:119,(anonymous_9)
FN:122,(anonymous_10)
FN:127,(anonymous_11)
FN:134,(anonymous_12)
FN:137,(anonymous_13)
FN:140,(anonymous_14)
FN:144,(anonymous_15)
FN:154,(anonymous_16)
FN:155,(anonymous_17)
FN:156,(anonymous_18)
FNF:19
FNH:6
FNDA:1,(anonymous_0)
FNDA:0,(anonymous_1)
FNDA:0,(anonymous_2)
FNDA:0,(anonymous_3)
FNDA:0,(anonymous_4)
FNDA:29,(anonymous_5)
FNDA:1,(anonymous_6)
FNDA:0,(anonymous_7)
FNDA:0,(anonymous_8)
FNDA:0,(anonymous_9)
FNDA:0,(anonymous_10)
FNDA:0,(anonymous_11)
FNDA:0,(anonymous_12)
FNDA:0,(anonymous_13)
FNDA:0,(anonymous_14)
FNDA:0,(anonymous_15)
FNDA:18,(anonymous_16)
FNDA:8,(anonymous_17)
FNDA:8,(anonymous_18)
DA:33,29
DA:40,29
DA:45,1
DA:46,1
DA:47,0
DA:49,0
DA:54,29
DA:59,0
DA:61,0
DA:63,0
DA:65,0
DA:67,0
DA:68,0
DA:69,0
DA:71,0
DA:76,29
DA:81,0
DA:82,0
DA:83,0
DA:85,0
DA:89,29
DA:94,0
DA:97,0
DA:98,0
DA:99,0
DA:104,29
DA:105,1
DA:107,29
DA:108,0
DA:109,0
DA:110,0
DA:112,29
DA:113,0
DA:114,0
DA:115,0
DA:119,29
DA:120,0
DA:122,29
DA:123,0
DA:124,0
DA:125,0
DA:127,29
DA:128,0
DA:129,0
DA:130,0
DA:134,29
DA:135,0
DA:137,29
DA:138,0
DA:139,0
DA:140,0
DA:142,0
DA:144,29
DA:145,0
DA:146,0
DA:147,0
DA:153,29
DA:154,29
DA:155,29
DA:156,29
LF:60
LH:21
BRDA:114,0,0,0
BRDA:114,0,1,0
BRDA:129,1,0,0
BRDA:129,1,1,0
BRDA:146,2,0,0
BRDA:146,2,1,0
BRF:6
BRH:0
end_of_record
TN:
SF:src/features/order/ordersAPI.ts
FN:6,(anonymous_0)
FN:9,(anonymous_1)
FN:12,(anonymous_2)
FN:17,(anonymous_3)
FN:26,(anonymous_4)
FN:29,(anonymous_5)
FN:34,(anonymous_6)
FN:39,(anonymous_7)
FN:42,(anonymous_8)
FNF:9
FNH:2
FNDA:0,(anonymous_0)
FNDA:0,(anonymous_1)
FNDA:0,(anonymous_2)
FNDA:1,(anonymous_3)
FNDA:0,(anonymous_4)
FNDA:0,(anonymous_5)
FNDA:2,(anonymous_6)
FNDA:0,(anonymous_7)
FNDA:0,(anonymous_8)
DA:6,36
DA:7,0
DA:10,0
DA:13,0
DA:17,36
DA:21,1
DA:27,0
DA:30,0
DA:34,36
DA:35,2
DA:40,0
DA:43,0
LF:12
LH:5
BRF:0
BRH:0
end_of_record
TN:
SF:src/features/order/ordersSlice.ts
FN:50,(anonymous_0)
FN:64,(anonymous_1)
FN:79,(anonymous_2)
FN:92,(anonymous_3)
FN:95,(anonymous_4)
FN:101,(anonymous_5)
FN:103,(anonymous_6)
FN:106,(anonymous_7)
FN:111,(anonymous_8)
FN:118,(anonymous_9)
FN:121,(anonymous_10)
FN:126,(anonymous_11)
FN:133,(anonymous_12)
FN:136,(anonymous_13)
FN:138,(anonymous_14)
FN:148,(anonymous_15)
FN:158,(anonymous_16)
FN:160,(anonymous_17)
FN:161,(anonymous_18)
FNF:19
FNH:7
FNDA:2,(anonymous_0)
FNDA:0,(anonymous_1)
FNDA:1,(anonymous_2)
FNDA:2,(anonymous_3)
FNDA:0,(anonymous_4)
FNDA:36,(anonymous_5)
FNDA:2,(anonymous_6)
FNDA:0,(anonymous_7)
FNDA:0,(anonymous_8)
FNDA:0,(anonymous_9)
FNDA:0,(anonymous_10)
FNDA:0,(anonymous_11)
FNDA:1,(anonymous_12)
FNDA:0,(anonymous_13)
FNDA:0,(anonymous_14)
FNDA:0,(anonymous_15)
FNDA:6,(anonymous_16)
FNDA:0,(anonymous_17)
FNDA:0,(anonymous_18)
DA:39,36
DA:46,36
DA:51,2
DA:52,2
DA:53,0
DA:55,0
DA:60,36
DA:65,0
DA:66,0
DA:67,0
DA:68,0
DA:70,0
DA:75,36
DA:80,1
DA:81,1
DA:82,0
DA:84,0
DA:88,36
DA:93,2
DA:96,0
DA:97,0
DA:98,0
DA:103,36
DA:104,2
DA:106,36
DA:107,0
DA:108,0
DA:109,0
DA:111,36
DA:112,0
DA:113,0
DA:114,0
DA:118,36
DA:119,0
DA:121,36
DA:122,0
DA:123,0
DA:124,0
DA:126,36
DA:127,0
DA:128,0
DA:129,0
DA:133,36
DA:134,1
DA:136,36
DA:137,0
DA:138,0
DA:139,0
DA:140,0
DA:142,0
DA:145,0
DA:146,0
DA:148,36
DA:149,0
DA:150,0
DA:151,0
DA:157,36
DA:158,36
DA:159,6
DA:160,36
DA:161,36
LF:61
LH:26
BRDA:113,0,0,0
BRDA:113,0,1,0
BRDA:128,1,0,0
BRDA:128,1,1,0
BRDA:139,2,0,0
BRDA:139,2,1,0
BRDA:150,3,0,0
BRDA:150,3,1,0
BRF:8
BRH:0
end_of_record
TN:
SF:src/features/topping/toppingsAPI.ts
FN:6,(anonymous_0)
FN:9,(anonymous_1)
FN:12,(anonymous_2)
FN:17,(anonymous_3)
FN:20,(anonymous_4)
FN:23,(anonymous_5)
FN:28,(anonymous_6)
FN:31,(anonymous_7)
FN:35,(anonymous_8)
FNF:9
FNH:1
FNDA:1,(anonymous_0)
FNDA:0,(anonymous_1)
FNDA:0,(anonymous_2)
FNDA:0,(anonymous_3)
FNDA:0,(anonymous_4)
FNDA:0,(anonymous_5)
FNDA:0,(anonymous_6)
FNDA:0,(anonymous_7)
FNDA:0,(anonymous_8)
DA:6,29
DA:7,1
DA:10,0
DA:13,0
DA:17,29
DA:18,0
DA:21,0
DA:24,0
DA:28,29
DA:29,0
DA:32,0
DA:33,0
DA:36,0
LF:13
LH:4
BRF:0
BRH:0
end_of_record
TN:
SF:src/features/topping/toppingsSlice.ts
FN:38,(anonymous_0)
FN:52,(anonymous_1)
FN:66,(anonymous_2)
FN:79,(anonymous_3)
FN:82,(anonymous_4)
FN:88,(anonymous_5)
FN:90,(anonymous_6)
FN:93,(anonymous_7)
FN:98,(anonymous_8)
FN:105,(anonymous_9)
FN:108,(anonymous_10)
FN:113,(anonymous_11)
FN:120,(anonymous_12)
FN:123,(anonymous_13)
FN:126,(anonymous_14)
FN:130,(anonymous_15)
FN:140,(anonymous_16)
FN:141,(anonymous_17)
FN:142,(anonymous_18)
FNF:19
FNH:5
FNDA:1,(anonymous_0)
FNDA:0,(anonymous_1)
FNDA:0,(anonymous_2)
FNDA:0,(anonymous_3)
FNDA:0,(anonymous_4)
FNDA:29,(anonymous_5)
FNDA:1,(anonymous_6)
FNDA:0,(anonymous_7)
FNDA:0,(anonymous_8)
FNDA:0,(anonymous_9)
FNDA:0,(anonymous_10)
FNDA:0,(anonymous_11)
FNDA:0,(anonymous_12)
FNDA:0,(anonymous_13)
FNDA:0,(anonymous_14)
FNDA:0,(anonymous_15)
FNDA:12,(anonymous_16)
FNDA:7,(anonymous_17)
FNDA:0,(anonymous_18)
DA:27,29
DA:34,29
DA:39,1
DA:40,1
DA:41,0
DA:43,0
DA:48,29
DA:53,0
DA:54,0
DA:55,0
DA:57,0
DA:62,29
DA:67,0
DA:68,0
DA:69,0
DA:71,0
DA:75,29
DA:80,0
DA:83,0
DA:84,0
DA:85,0
DA:90,29
DA:91,1
DA:93,29
DA:94,0
DA:95,0
DA:96,0
DA:98,29
DA:99,0
DA:100,0
DA:101,0
DA:105,29
DA:106,0
DA:108,29
DA:109,0
DA:110,0
DA:111,0
DA:113,29
DA:114,0
DA:115,0
DA:116,0
DA:120,29
DA:121,0
DA:123,29
DA:124,0
DA:125,0
DA:126,0
DA:128,0
DA:130,29
DA:131,0
DA:132,0
DA:133,0
DA:139,29
DA:140,29
DA:141,29
DA:142,29
DA:143,0
LF:57
LH:21
BRDA:100,0,0,0
BRDA:100,0,1,0
BRDA:115,1,0,0
BRDA:115,1,1,0
BRDA:132,2,0,0
BRDA:132,2,1,0
BRF:6
BRH:0
end_of_record
TN:
SF:src/features/userinfo/userinfoAPI.ts
FN:7,(anonymous_0)
FN:11,(anonymous_1)
FN:14,(anonymous_2)
FN:17,(anonymous_3)
FN:24,(anonymous_4)
FN:28,(anonymous_5)
FN:35,(anonymous_6)
FN:39,(anonymous_7)
FN:42,(anonymous_8)
FN:45,(anonymous_9)
FN:52,(anonymous_10)
FN:56,(anonymous_11)
FN:63,(anonymous_12)
FN:64,(anonymous_13)
FN:70,(anonymous_14)
FN:73,(anonymous_15)
FN:76,(anonymous_16)
FN:81,(anonymous_17)
FN:86,(anonymous_18)
FN:89,(anonymous_19)
FNF:20
FNH:1
FNDA:0,(anonymous_0)
FNDA:0,(anonymous_1)
FNDA:0,(anonymous_2)
FNDA:0,(anonymous_3)
FNDA:0,(anonymous_4)
FNDA:0,(anonymous_5)
FNDA:0,(anonymous_6)
FNDA:0,(anonymous_7)
FNDA:0,(anonymous_8)
FNDA:0,(anonymous_9)
FNDA:0,(anonymous_10)
FNDA:0,(anonymous_11)
FNDA:1,(anonymous_12)
FNDA:0,(anonymous_13)
FNDA:0,(anonymous_14)
FNDA:0,(anonymous_15)
FNDA:0,(anonymous_16)
FNDA:0,(anonymous_17)
FNDA:0,(anonymous_18)
FNDA:0,(anonymous_19)
DA:7,36
DA:11,0
DA:12,0
DA:15,0
DA:18,0
DA:19,0
DA:21,0
DA:25,0
DA:29,0
DA:35,36
DA:39,0
DA:40,0
DA:43,0
DA:46,0
DA:47,0
DA:49,0
DA:53,0
DA:57,0
DA:63,36
DA:64,1
DA:65,0
DA:70,36
DA:71,0
DA:74,0
DA:77,0
DA:81,36
DA:84,0
DA:87,0
DA:90,0
LF:29
LH:6
BRDA:18,0,0,0
BRDA:18,0,1,0
BRDA:46,1,0,0
BRDA:46,1,1,0
BRF:4
BRH:0
end_of_record
TN:
SF:src/features/userinfo/userinfoSlice.ts
FN:45,(anonymous_0)
FN:58,(anonymous_1)
FN:77,(anonymous_2)
FN:91,(anonymous_3)
FN:94,(anonymous_4)
FN:100,(anonymous_5)
FN:102,(anonymous_6)
FN:105,(anonymous_7)
FN:109,(anonymous_8)
FN:116,(anonymous_9)
FN:119,(anonymous_10)
FN:124,(anonymous_11)
FN:131,(anonymous_12)
FN:134,(anonymous_13)
FN:139,(anonymous_14)
FN:149,(anonymous_15)
FN:150,(anonymous_16)
FN:151,(anonymous_17)
FN:152,(anonymous_18)
FNF:19
FNH:7
FNDA:0,(anonymous_0)
FNDA:0,(anonymous_1)
FNDA:0,(anonymous_2)
FNDA:1,(anonymous_3)
FNDA:2,(anonymous_4)
FNDA:29,(anonymous_5)
FNDA:0,(anonymous_6)
FNDA:0,(anonymous_7)
FNDA:0,(anonymous_8)
FNDA:0,(anonymous_9)
FNDA:0,(anonymous_10)
FNDA:0,(anonymous_11)
FNDA:0,(anonymous_12)
FNDA:0,(anonymous_13)
FNDA:0,(anonymous_14)
FNDA:12,(anonymous_15)
FNDA:41,(anonymous_16)
FNDA:12,(anonymous_17)
FNDA:4,(anonymous_18)
DA:34,29
DA:41,29
DA:46,0
DA:47,0
DA:49,0
DA:54,29
DA:59,0
DA:60,0
DA:61,0
DA:65,0
DA:66,0
DA:68,0
DA:73,29
DA:78,0
DA:79,0
DA:80,0
DA:82,0
DA:87,29
DA:92,1
DA:95,2
DA:96,2
DA:97,2
DA:102,29
DA:103,0
DA:105,29
DA:106,0
DA:107,0
DA:109,29
DA:110,0
DA:111,0
DA:112,0
DA:116,29
DA:117,0
DA:119,29
DA:120,0
DA:121,0
DA:122,0
DA:124,29
DA:125,0
DA:126,0
DA:127,0
DA:131,29
DA:132,0
DA:134,29
DA:135,0
DA:136,0
DA:137,0
DA:139,29
DA:140,0
DA:141,0
DA:142,0
DA:148,29
DA:149,29
DA:150,41
DA:151,29
DA:152,29
DA:153,4
LF:57
LH:24
BRDA:111,0,0,0
BRDA:111,0,1,0
BRDA:126,1,0,0
BRDA:126,1,1,0
BRDA:141,2,0,0
BRDA:141,2,1,0
BRF:6
BRH:0
end_of_record
TN:
SF:src/features/userinfos/userinfosAPI.ts
FN:6,(anonymous_0)
FN:9,(anonymous_1)
FN:12,(anonymous_2)
FNF:3
FNH:0
FNDA:0,(anonymous_0)
FNDA:0,(anonymous_1)
FNDA:0,(anonymous_2)
DA:6,28
DA:7,0
DA:10,0
DA:13,0
LF:4
LH:1
BRF:0
BRH:0
end_of_record
TN:
SF:src/static/admin.ts
FNF:0
FNH:0
DA:1,46
LF:1
LH:1
BRF:0
BRH:0
end_of_record
TN:
SF:src/static/const.ts
FNF:0
FNH:0
DA:3,47
DA:5,47
DA:6,47
DA:7,47
DA:8,47
DA:9,47
DA:11,47
DA:12,47
DA:13,47
DA:14,47
DA:15,47
DA:16,47
DA:19,47
DA:23,47
DA:24,47
DA:25,47
DA:26,47
DA:28,47
DA:37,47
DA:41,47
DA:45,47
DA:51,47
DA:55,47
DA:59,47
DA:62,47
DA:65,47
LF:26
LH:26
BRF:0
BRH:0
end_of_record
TN:
SF:src/utils/functions.ts
FN:12,(anonymous_0)
FN:17,(anonymous_1)
FN:25,(anonymous_2)
FN:34,(anonymous_3)
FN:36,(anonymous_4)
FN:47,(anonymous_5)
FN:50,(anonymous_6)
FN:53,(anonymous_7)
FN:59,(anonymous_8)
FN:83,(anonymous_9)
FNF:10
FNH:10
FNDA:202,(anonymous_0)
FNDA:2,(anonymous_1)
FNDA:2,(anonymous_2)
FNDA:4,(anonymous_3)
FNDA:4,(anonymous_4)
FNDA:3,(anonymous_5)
FNDA:2,(anonymous_6)
FNDA:1,(anonymous_7)
FNDA:4,(anonymous_8)
FNDA:4,(anonymous_9)
DA:12,47
DA:13,202
DA:17,47
DA:24,2
DA:25,2
DA:26,2
DA:28,2
DA:29,1
DA:30,1
DA:31,1
DA:33,2
DA:34,4
DA:36,2
DA:37,4
DA:38,2
DA:39,2
DA:40,2
DA:43,2
DA:47,47
DA:48,3
DA:51,2
DA:54,1
DA:59,47
DA:60,4
DA:61,4
DA:62,4
DA:63,4
DA:64,4
DA:65,4
DA:66,4
DA:67,4
DA:74,4
DA:75,4
DA:76,2
DA:78,2
DA:83,47
DA:84,4
DA:85,4
DA:86,4
DA:87,4
LF:40
LH:40
BRDA:28,0,0,1
BRDA:28,0,1,1
BRDA:30,1,0,1
BRDA:30,1,1,0
BRDA:37,2,0,2
BRDA:37,2,1,2
BRDA:39,3,0,2
BRDA:39,3,1,0
BRDA:75,4,0,2
BRDA:75,4,1,2
BRF:10
BRH:8
end_of_record
